#! /c/Source/iverilog-install/bin/vvp
:ivl_version "12.0 (devel)" "(s20150603-1539-g2693dd32b)";
:ivl_delay_selection "TYPICAL";
:vpi_time_precision - 12;
:vpi_module "C:\app\Icarus\iverilog\lib\ivl\system.vpi";
:vpi_module "C:\app\Icarus\iverilog\lib\ivl\vhdl_sys.vpi";
:vpi_module "C:\app\Icarus\iverilog\lib\ivl\vhdl_textio.vpi";
:vpi_module "C:\app\Icarus\iverilog\lib\ivl\v2005_math.vpi";
:vpi_module "C:\app\Icarus\iverilog\lib\ivl\va_math.vpi";
S_0000020da8e598c0 .scope module, "if_stage" "if_stage" 2 2;
 .timescale -9 -12;
    .port_info 0 /INPUT 1 "clk";
    .port_info 1 /INPUT 1 "rst_n";
    .port_info 2 /INPUT 1 "pc_src";
    .port_info 3 /INPUT 32 "branch_target";
    .port_info 4 /OUTPUT 32 "instr";
    .port_info 5 /OUTPUT 32 "current_pc";
L_0000020da8e35f30 .functor BUFZ 32, v0000020da8e59020_0, C4<00000000000000000000000000000000>, C4<00000000000000000000000000000000>, C4<00000000000000000000000000000000>;
L_0000020da92030b8 .functor BUFT 1, C4<00000000000000000000000000000100>, C4<0>, C4<0>, C4<0>;
v0000020da8e57fe0_0 .net/2u *"_ivl_0", 31 0, L_0000020da92030b8;  1 drivers
o0000020da91d0328 .functor BUFZ 32, C4<zzzzzzzzzzzzzzzzzzzzzzzzzzzzzzzz>; HiZ drive
v0000020da8e58b20_0 .net "branch_target", 31 0, o0000020da91d0328;  0 drivers
o0000020da91d01a8 .functor BUFZ 1, C4<z>; HiZ drive
v0000020da8e57d60_0 .net "clk", 0 0, o0000020da91d01a8;  0 drivers
v0000020da8e57ea0_0 .net "current_pc", 31 0, L_0000020da8e35f30;  1 drivers
v0000020da8e58c60_0 .net "instr", 31 0, L_0000020da8e354b0;  1 drivers
v0000020da8e59340_0 .net "pc", 31 0, v0000020da8e59020_0;  1 drivers
v0000020da8e592a0_0 .net "pc_next", 31 0, L_0000020da9201910;  1 drivers
v0000020da8e593e0_0 .net "pc_plus4", 31 0, L_0000020da9202b30;  1 drivers
o0000020da91d03b8 .functor BUFZ 1, C4<z>; HiZ drive
v0000020da8e58080_0 .net "pc_src", 0 0, o0000020da91d03b8;  0 drivers
o0000020da91d0208 .functor BUFZ 1, C4<z>; HiZ drive
v0000020da8e59700_0 .net "rst_n", 0 0, o0000020da91d0208;  0 drivers
L_0000020da9202b30 .arith/sum 32, v0000020da8e59020_0, L_0000020da92030b8;
L_0000020da9201910 .functor MUXZ 32, L_0000020da9202b30, o0000020da91d0328, o0000020da91d03b8, C4<>;
S_0000020da8e0e280 .scope module, "u_imem" "instruction_memory" 2 24, 3 2 0, S_0000020da8e598c0;
 .timescale -9 -12;
    .port_info 0 /INPUT 32 "addr";
    .port_info 1 /OUTPUT 32 "rd";
P_0000020da8d890b0 .param/l "DEPTH" 0 3 4, +C4<00000000000000000000000100000000>;
P_0000020da8d890e8 .param/l "WIDTH" 0 3 3, +C4<00000000000000000000000000100000>;
L_0000020da8e354b0 .functor BUFZ 32, L_0000020da9201410, C4<00000000000000000000000000000000>, C4<00000000000000000000000000000000>, C4<00000000000000000000000000000000>;
v0000020da8e58da0_0 .net *"_ivl_0", 31 0, L_0000020da9201410;  1 drivers
v0000020da8e58f80_0 .net *"_ivl_3", 29 0, L_0000020da92012d0;  1 drivers
v0000020da8e588a0_0 .net "addr", 31 0, v0000020da8e59020_0;  alias, 1 drivers
v0000020da8e58ee0 .array "ram", 255 0, 31 0;
v0000020da8e59520_0 .net "rd", 31 0, L_0000020da8e354b0;  alias, 1 drivers
L_0000020da9201410 .array/port v0000020da8e58ee0, L_0000020da92012d0;
L_0000020da92012d0 .part v0000020da8e59020_0, 2, 30;
S_0000020da8d8dad0 .scope module, "u_pc" "pc" 2 14, 4 2 0, S_0000020da8e598c0;
 .timescale -9 -12;
    .port_info 0 /INPUT 1 "clk";
    .port_info 1 /INPUT 1 "rst_n";
    .port_info 2 /INPUT 32 "pc_next";
    .port_info 3 /OUTPUT 32 "pc";
v0000020da8e58e40_0 .net "clk", 0 0, o0000020da91d01a8;  alias, 0 drivers
v0000020da8e59020_0 .var "pc", 31 0;
v0000020da8e58d00_0 .net "pc_next", 31 0, L_0000020da9201910;  alias, 1 drivers
v0000020da8e57cc0_0 .net "rst_n", 0 0, o0000020da91d0208;  alias, 0 drivers
E_0000020da8e4aa60/0 .event negedge, v0000020da8e57cc0_0;
E_0000020da8e4aa60/1 .event posedge, v0000020da8e58e40_0;
E_0000020da8e4aa60 .event/or E_0000020da8e4aa60/0, E_0000020da8e4aa60/1;
S_0000020da8e0e0f0 .scope module, "mips_tb" "mips_tb" 5 2;
 .timescale -9 -12;
v0000020da9202a90_0 .net "alu_result", 31 0, L_0000020da8e8d700;  1 drivers
v0000020da9201ff0_0 .var "clk", 0 0;
v0000020da9201c30_0 .net "pc_out", 31 0, L_0000020da8e35ad0;  1 drivers
v0000020da9201870_0 .var "rst_n", 0 0;
E_0000020da8e4a9a0 .event negedge, v0000020da8e87270_0;
S_0000020da8d8dc60 .scope module, "uut" "mips" 5 8, 6 2 0, S_0000020da8e0e0f0;
 .timescale -9 -12;
    .port_info 0 /INPUT 1 "clk";
    .port_info 1 /INPUT 1 "rst_n";
    .port_info 2 /OUTPUT 32 "pc_out";
    .port_info 3 /OUTPUT 32 "alu_result";
v0000020da9202810_0 .net "alu_ctrl_D", 2 0, v0000020da8e58120_0;  1 drivers
v0000020da92024f0_0 .net "alu_result", 31 0, L_0000020da8e8d700;  alias, 1 drivers
v0000020da9202270_0 .net "alu_src_D", 0 0, L_0000020da9202f90;  1 drivers
v0000020da9201eb0_0 .net "branch_D", 0 0, L_0000020da9202770;  1 drivers
v0000020da9201f50_0 .net "clk", 0 0, v0000020da9201ff0_0;  1 drivers
v0000020da9202e50_0 .net "instr_D", 31 0, v0000020da8e8c520_0;  1 drivers
v0000020da9202590_0 .net "mem_to_reg_D", 0 0, L_0000020da92019b0;  1 drivers
v0000020da9201190_0 .net "mem_write_D", 0 0, L_0000020da92021d0;  1 drivers
v0000020da92017d0_0 .net "pc_out", 31 0, L_0000020da8e35ad0;  alias, 1 drivers
v0000020da92028b0_0 .net "reg_dst_D", 0 0, L_0000020da9201cd0;  1 drivers
v0000020da9201b90_0 .net "reg_write_D", 0 0, L_0000020da9202130;  1 drivers
v0000020da9202630_0 .net "rst_n", 0 0, v0000020da9201870_0;  1 drivers
L_0000020da92010f0 .part v0000020da8e8c520_0, 26, 6;
L_0000020da9201d70 .part v0000020da8e8c520_0, 0, 6;
S_0000020da8dde130 .scope module, "u_control" "control_unit" 6 12, 7 2 0, S_0000020da8d8dc60;
 .timescale -9 -12;
    .port_info 0 /INPUT 6 "opcode";
    .port_info 1 /INPUT 6 "funct";
    .port_info 2 /OUTPUT 1 "mem_to_reg";
    .port_info 3 /OUTPUT 1 "mem_write";
    .port_info 4 /OUTPUT 1 "branch";
    .port_info 5 /OUTPUT 1 "alu_src";
    .port_info 6 /OUTPUT 1 "reg_dst";
    .port_info 7 /OUTPUT 1 "reg_write";
    .port_info 8 /OUTPUT 3 "alu_ctrl";
v0000020da8e59660_0 .net "alu_ctrl", 2 0, v0000020da8e58120_0;  alias, 1 drivers
v0000020da8e57c20_0 .net "alu_op", 1 0, L_0000020da9202bd0;  1 drivers
v0000020da8e597a0_0 .net "alu_src", 0 0, L_0000020da9202f90;  alias, 1 drivers
v0000020da8e58440_0 .net "branch", 0 0, L_0000020da9202770;  alias, 1 drivers
v0000020da8e579a0_0 .net "funct", 5 0, L_0000020da9201d70;  1 drivers
v0000020da8e59160_0 .net "mem_to_reg", 0 0, L_0000020da92019b0;  alias, 1 drivers
v0000020da8e58260_0 .net "mem_write", 0 0, L_0000020da92021d0;  alias, 1 drivers
v0000020da8e57b80_0 .net "opcode", 5 0, L_0000020da92010f0;  1 drivers
v0000020da8e584e0_0 .net "reg_dst", 0 0, L_0000020da9201cd0;  alias, 1 drivers
v0000020da8e58580_0 .net "reg_write", 0 0, L_0000020da9202130;  alias, 1 drivers
S_0000020da8dde2c0 .scope module, "u_alu_dec" "alu_decoder" 7 26, 8 2 0, S_0000020da8dde130;
 .timescale -9 -12;
    .port_info 0 /INPUT 2 "alu_op";
    .port_info 1 /INPUT 6 "funct";
    .port_info 2 /OUTPUT 3 "alu_ctrl";
v0000020da8e58120_0 .var "alu_ctrl", 2 0;
v0000020da8e59480_0 .net "alu_op", 1 0, L_0000020da9202bd0;  alias, 1 drivers
v0000020da8e583a0_0 .net "funct", 5 0, L_0000020da9201d70;  alias, 1 drivers
E_0000020da8e4ac20 .event anyedge, v0000020da8e59480_0, v0000020da8e583a0_0;
S_0000020da8e09c40 .scope module, "u_main_dec" "main_decoder" 7 15, 9 2 0, S_0000020da8dde130;
 .timescale -9 -12;
    .port_info 0 /INPUT 6 "opcode";
    .port_info 1 /OUTPUT 1 "mem_to_reg";
    .port_info 2 /OUTPUT 1 "mem_write";
    .port_info 3 /OUTPUT 1 "branch";
    .port_info 4 /OUTPUT 1 "alu_src";
    .port_info 5 /OUTPUT 1 "reg_dst";
    .port_info 6 /OUTPUT 1 "reg_write";
    .port_info 7 /OUTPUT 2 "alu_op";
v0000020da8e57e00_0 .net *"_ivl_9", 7 0, L_0000020da9202950;  1 drivers
v0000020da8e58620_0 .net "alu_op", 1 0, L_0000020da9202bd0;  alias, 1 drivers
v0000020da8e59200_0 .net "alu_src", 0 0, L_0000020da9202f90;  alias, 1 drivers
v0000020da8e586c0_0 .net "branch", 0 0, L_0000020da9202770;  alias, 1 drivers
v0000020da8e58300_0 .var "controls", 8 0;
v0000020da8e57ae0_0 .net "mem_to_reg", 0 0, L_0000020da92019b0;  alias, 1 drivers
v0000020da8e595c0_0 .net "mem_write", 0 0, L_0000020da92021d0;  alias, 1 drivers
v0000020da8e590c0_0 .net "opcode", 5 0, L_0000020da92010f0;  alias, 1 drivers
v0000020da8e57a40_0 .net "reg_dst", 0 0, L_0000020da9201cd0;  alias, 1 drivers
v0000020da8e581c0_0 .net "reg_write", 0 0, L_0000020da9202130;  alias, 1 drivers
E_0000020da8e4a160 .event anyedge, v0000020da8e590c0_0;
L_0000020da9202130 .part L_0000020da9202950, 7, 1;
L_0000020da9201cd0 .part L_0000020da9202950, 6, 1;
L_0000020da9202f90 .part L_0000020da9202950, 5, 1;
L_0000020da9202770 .part L_0000020da9202950, 4, 1;
L_0000020da92021d0 .part L_0000020da9202950, 3, 1;
L_0000020da92019b0 .part L_0000020da9202950, 2, 1;
L_0000020da9202bd0 .part L_0000020da9202950, 0, 2;
L_0000020da9202950 .part v0000020da8e58300_0, 0, 8;
S_0000020da8e09dd0 .scope module, "u_datapath" "datapath" 6 23, 10 6 0, S_0000020da8d8dc60;
 .timescale -9 -12;
    .port_info 0 /INPUT 1 "clk";
    .port_info 1 /INPUT 1 "rst_n";
    .port_info 2 /INPUT 1 "reg_write_D";
    .port_info 3 /INPUT 1 "mem_to_reg_D";
    .port_info 4 /INPUT 1 "mem_write_D";
    .port_info 5 /INPUT 3 "alu_ctrl_D";
    .port_info 6 /INPUT 1 "alu_src_D";
    .port_info 7 /INPUT 1 "reg_dst_D";
    .port_info 8 /INPUT 1 "branch_D";
    .port_info 9 /OUTPUT 32 "instr_D";
    .port_info 10 /OUTPUT 32 "pc_out";
    .port_info 11 /OUTPUT 32 "alu_result_out";
L_0000020da8e35ad0 .functor BUFZ 32, v0000020da8e86410_0, C4<00000000000000000000000000000000>, C4<00000000000000000000000000000000>, C4<00000000000000000000000000000000>;
L_0000020da8e8e030 .functor AND 1, v0000020da8e8c020_0, L_0000020da925b760, C4<1>, C4<1>;
L_0000020da8e8daf0 .functor AND 1, L_0000020da8e8e030, L_0000020da925cc00, C4<1>, C4<1>;
L_0000020da8e8de70 .functor AND 1, v0000020da8e8c5c0_0, L_0000020da925bc60, C4<1>, C4<1>;
L_0000020da8e8de00 .functor AND 1, L_0000020da8e8de70, L_0000020da925cca0, C4<1>, C4<1>;
L_0000020da8e8dd90 .functor AND 1, v0000020da8e8bbc0_0, L_0000020da925cde0, C4<1>, C4<1>;
L_0000020da8e8db60 .functor AND 1, L_0000020da8e8dd90, L_0000020da925cf20, C4<1>, C4<1>;
L_0000020da8e8e180 .functor AND 1, v0000020da8e8c5c0_0, L_0000020da925c700, C4<1>, C4<1>;
L_0000020da8e8d5b0 .functor AND 1, L_0000020da8e8e180, L_0000020da925b300, C4<1>, C4<1>;
L_0000020da8e8dbd0 .functor AND 1, L_0000020da9202770, L_0000020da925bda0, C4<1>, C4<1>;
L_0000020da8e8d620 .functor BUFZ 32, v0000020da8e58800_0, C4<00000000000000000000000000000000>, C4<00000000000000000000000000000000>, C4<00000000000000000000000000000000>;
L_0000020da8e8d700 .functor BUFZ 32, L_0000020da925f5a0, C4<00000000000000000000000000000000>, C4<00000000000000000000000000000000>, C4<00000000000000000000000000000000>;
L_0000020da9203100 .functor BUFT 1, C4<00000000000000000000000000000100>, C4<0>, C4<0>, C4<0>;
v0000020da8e88380_0 .net/2u *"_ivl_0", 31 0, L_0000020da9203100;  1 drivers
L_0000020da9203580 .functor BUFT 1, C4<000101>, C4<0>, C4<0>, C4<0>;
v0000020da8e88420_0 .net/2u *"_ivl_100", 5 0, L_0000020da9203580;  1 drivers
v0000020da8e893c0_0 .net *"_ivl_104", 0 0, L_0000020da925b9e0;  1 drivers
v0000020da8e891e0_0 .net *"_ivl_106", 0 0, L_0000020da925ba80;  1 drivers
v0000020da8e882e0_0 .net *"_ivl_108", 0 0, L_0000020da925bda0;  1 drivers
L_0000020da92035c8 .functor BUFT 1, C4<10>, C4<0>, C4<0>, C4<0>;
v0000020da8e890a0_0 .net/2u *"_ivl_112", 1 0, L_0000020da92035c8;  1 drivers
v0000020da8e8a040_0 .net *"_ivl_114", 0 0, L_0000020da925bee0;  1 drivers
L_0000020da9203610 .functor BUFT 1, C4<01>, C4<0>, C4<0>, C4<0>;
v0000020da8e895a0_0 .net/2u *"_ivl_116", 1 0, L_0000020da9203610;  1 drivers
v0000020da8e88600_0 .net *"_ivl_118", 0 0, L_0000020da925c0c0;  1 drivers
v0000020da8e89dc0_0 .net *"_ivl_120", 31 0, L_0000020da925c160;  1 drivers
L_0000020da9203658 .functor BUFT 1, C4<10>, C4<0>, C4<0>, C4<0>;
v0000020da8e89be0_0 .net/2u *"_ivl_124", 1 0, L_0000020da9203658;  1 drivers
v0000020da8e88e20_0 .net *"_ivl_126", 0 0, L_0000020da925c340;  1 drivers
L_0000020da92036a0 .functor BUFT 1, C4<01>, C4<0>, C4<0>, C4<0>;
v0000020da8e89c80_0 .net/2u *"_ivl_128", 1 0, L_0000020da92036a0;  1 drivers
v0000020da8e898c0_0 .net *"_ivl_130", 0 0, L_0000020da925c3e0;  1 drivers
v0000020da8e89e60_0 .net *"_ivl_132", 31 0, L_0000020da925fb40;  1 drivers
v0000020da8e8a0e0_0 .net *"_ivl_15", 0 0, L_0000020da925cd40;  1 drivers
v0000020da8e89960_0 .net *"_ivl_16", 15 0, L_0000020da925c660;  1 drivers
v0000020da8e89820_0 .net *"_ivl_19", 15 0, L_0000020da925bb20;  1 drivers
v0000020da8e89f00_0 .net *"_ivl_26", 31 0, L_0000020da925be40;  1 drivers
L_0000020da92032f8 .functor BUFT 1, C4<000000000000000000000000000>, C4<0>, C4<0>, C4<0>;
v0000020da8e89b40_0 .net *"_ivl_29", 26 0, L_0000020da92032f8;  1 drivers
L_0000020da9203340 .functor BUFT 1, C4<00000000000000000000000000000000>, C4<0>, C4<0>, C4<0>;
v0000020da8e88ce0_0 .net/2u *"_ivl_30", 31 0, L_0000020da9203340;  1 drivers
v0000020da8e89280_0 .net *"_ivl_32", 0 0, L_0000020da925b760;  1 drivers
v0000020da8e89fa0_0 .net *"_ivl_35", 0 0, L_0000020da8e8e030;  1 drivers
v0000020da8e89780_0 .net *"_ivl_36", 0 0, L_0000020da925cc00;  1 drivers
v0000020da8e89aa0_0 .net *"_ivl_39", 0 0, L_0000020da8e8daf0;  1 drivers
v0000020da8e89000_0 .net *"_ivl_40", 31 0, L_0000020da925b3a0;  1 drivers
L_0000020da9203388 .functor BUFT 1, C4<000000000000000000000000000>, C4<0>, C4<0>, C4<0>;
v0000020da8e8a180_0 .net *"_ivl_43", 26 0, L_0000020da9203388;  1 drivers
L_0000020da92033d0 .functor BUFT 1, C4<00000000000000000000000000000000>, C4<0>, C4<0>, C4<0>;
v0000020da8e88920_0 .net/2u *"_ivl_44", 31 0, L_0000020da92033d0;  1 drivers
v0000020da8e884c0_0 .net *"_ivl_46", 0 0, L_0000020da925bc60;  1 drivers
v0000020da8e89640_0 .net *"_ivl_49", 0 0, L_0000020da8e8de70;  1 drivers
v0000020da8e88ec0_0 .net *"_ivl_50", 0 0, L_0000020da925cca0;  1 drivers
v0000020da8e88d80_0 .net *"_ivl_53", 0 0, L_0000020da8e8de00;  1 drivers
v0000020da8e88b00_0 .net *"_ivl_54", 31 0, L_0000020da925b120;  1 drivers
v0000020da8e89a00_0 .net *"_ivl_58", 31 0, L_0000020da925b620;  1 drivers
L_0000020da9203418 .functor BUFT 1, C4<000000000000000000000000000>, C4<0>, C4<0>, C4<0>;
v0000020da8e88f60_0 .net *"_ivl_61", 26 0, L_0000020da9203418;  1 drivers
L_0000020da9203460 .functor BUFT 1, C4<00000000000000000000000000000000>, C4<0>, C4<0>, C4<0>;
v0000020da8e89d20_0 .net/2u *"_ivl_62", 31 0, L_0000020da9203460;  1 drivers
v0000020da8e88560_0 .net *"_ivl_64", 0 0, L_0000020da925cde0;  1 drivers
v0000020da8e89140_0 .net *"_ivl_67", 0 0, L_0000020da8e8dd90;  1 drivers
v0000020da8e89320_0 .net *"_ivl_68", 0 0, L_0000020da925cf20;  1 drivers
v0000020da8e886a0_0 .net *"_ivl_71", 0 0, L_0000020da8e8db60;  1 drivers
v0000020da8e89460_0 .net *"_ivl_72", 31 0, L_0000020da925cfc0;  1 drivers
L_0000020da92034a8 .functor BUFT 1, C4<000000000000000000000000000>, C4<0>, C4<0>, C4<0>;
v0000020da8e88740_0 .net *"_ivl_75", 26 0, L_0000020da92034a8;  1 drivers
L_0000020da92034f0 .functor BUFT 1, C4<00000000000000000000000000000000>, C4<0>, C4<0>, C4<0>;
v0000020da8e887e0_0 .net/2u *"_ivl_76", 31 0, L_0000020da92034f0;  1 drivers
v0000020da8e88880_0 .net *"_ivl_78", 0 0, L_0000020da925c700;  1 drivers
v0000020da8e896e0_0 .net *"_ivl_81", 0 0, L_0000020da8e8e180;  1 drivers
v0000020da8e889c0_0 .net *"_ivl_82", 0 0, L_0000020da925b300;  1 drivers
v0000020da8e88a60_0 .net *"_ivl_85", 0 0, L_0000020da8e8d5b0;  1 drivers
v0000020da8e89500_0 .net *"_ivl_86", 31 0, L_0000020da925b1c0;  1 drivers
v0000020da8e88ba0_0 .net *"_ivl_91", 29 0, L_0000020da925bd00;  1 drivers
L_0000020da9203538 .functor BUFT 1, C4<00>, C4<0>, C4<0>, C4<0>;
v0000020da8e88c40_0 .net/2u *"_ivl_92", 1 0, L_0000020da9203538;  1 drivers
v0000020da8e8b800_0 .net *"_ivl_94", 31 0, L_0000020da925b6c0;  1 drivers
v0000020da8e8c840_0 .net *"_ivl_99", 5 0, L_0000020da925c200;  1 drivers
v0000020da8e8d1a0_0 .net "alu_ctrl_D", 2 0, v0000020da8e58120_0;  alias, 1 drivers
v0000020da8e8c2a0_0 .var "alu_ctrl_E", 2 0;
v0000020da8e8c200_0 .net "alu_result_E", 31 0, L_0000020da8e8d620;  1 drivers
v0000020da8e8c8e0_0 .var "alu_result_M", 31 0;
v0000020da8e8cf20_0 .var "alu_result_W", 31 0;
v0000020da8e8b4e0_0 .net "alu_result_out", 31 0, L_0000020da8e8d700;  alias, 1 drivers
v0000020da8e8ba80_0 .net "alu_result_w", 31 0, v0000020da8e58800_0;  1 drivers
v0000020da8e8c980_0 .net "alu_src_D", 0 0, L_0000020da9202f90;  alias, 1 drivers
v0000020da8e8c7a0_0 .var "alu_src_E", 0 0;
v0000020da8e8bc60_0 .net "bne_D", 0 0, L_0000020da925b8a0;  1 drivers
v0000020da8e8cac0_0 .net "branch_D", 0 0, L_0000020da9202770;  alias, 1 drivers
v0000020da8e8d060_0 .net "clk", 0 0, v0000020da9201ff0_0;  alias, 1 drivers
v0000020da8e8c700_0 .net "forward_a_E", 1 0, v0000020da8e87c70_0;  1 drivers
v0000020da8e8ca20_0 .net "forward_b_E", 1 0, v0000020da8e87090_0;  1 drivers
v0000020da8e8cb60_0 .net "forward_rs_D", 31 0, L_0000020da925bf80;  1 drivers
v0000020da8e8bd00_0 .net "forward_rt_D", 31 0, L_0000020da925b440;  1 drivers
v0000020da8e8c660_0 .net "instr_D", 31 0, v0000020da8e8c520_0;  alias, 1 drivers
v0000020da8e8c520_0 .var "instr_D_reg", 31 0;
v0000020da8e8b6c0_0 .net "instr_F", 31 0, L_0000020da8e35600;  1 drivers
v0000020da8e8cca0_0 .net "mem_to_reg_D", 0 0, L_0000020da92019b0;  alias, 1 drivers
v0000020da8e8cd40_0 .var "mem_to_reg_E", 0 0;
v0000020da8e8cc00_0 .var "mem_to_reg_M", 0 0;
v0000020da8e8cde0_0 .var "mem_to_reg_W", 0 0;
v0000020da8e8ce80_0 .net "mem_write_D", 0 0, L_0000020da92021d0;  alias, 1 drivers
v0000020da8e8cfc0_0 .var "mem_write_E", 0 0;
v0000020da8e8be40_0 .var "mem_write_M", 0 0;
v0000020da8e8d100_0 .net "pc_F", 31 0, v0000020da8e86410_0;  1 drivers
v0000020da8e8b940_0 .net "pc_branch_D", 31 0, L_0000020da925b4e0;  1 drivers
v0000020da8e8b300_0 .net "pc_next_F", 31 0, L_0000020da9201370;  1 drivers
v0000020da8e8b440_0 .net "pc_out", 31 0, L_0000020da8e35ad0;  alias, 1 drivers
v0000020da8e8b3a0_0 .var "pc_plus4_D", 31 0;
v0000020da8e8bee0_0 .net "pc_plus4_F", 31 0, L_0000020da9202ef0;  1 drivers
v0000020da8e8b580_0 .net "pc_src_D", 0 0, L_0000020da8e8dbd0;  1 drivers
v0000020da8e8bda0_0 .net "rd1_D", 31 0, L_0000020da925c5c0;  1 drivers
v0000020da8e8b620_0 .var "rd1_E", 31 0;
v0000020da8e8c160_0 .net "rd2_D", 31 0, L_0000020da925c8e0;  1 drivers
v0000020da8e8c340_0 .var "rd2_E", 31 0;
v0000020da8e8b760_0 .net "rd2_fwd_E", 31 0, L_0000020da9260680;  1 drivers
v0000020da8e8bf80_0 .var "rd_E", 4 0;
v0000020da8e8b8a0_0 .net "read_data_M", 31 0, L_0000020da8e8d690;  1 drivers
v0000020da8e8c3e0_0 .var "read_data_W", 31 0;
v0000020da8e8b9e0_0 .net "reg_dst_D", 0 0, L_0000020da9201cd0;  alias, 1 drivers
v0000020da8e8c480_0 .var "reg_dst_E", 0 0;
v0000020da8e8bb20_0 .net "reg_write_D", 0 0, L_0000020da9202130;  alias, 1 drivers
v0000020da8e8bbc0_0 .var "reg_write_E", 0 0;
v0000020da8e8c020_0 .var "reg_write_M", 0 0;
v0000020da8e8c0c0_0 .net "reg_write_W", 0 0, v0000020da8e8c5c0_0;  1 drivers
v0000020da8e8c5c0_0 .var "reg_write_W_reg", 0 0;
v0000020da92023b0_0 .net "result_W", 31 0, L_0000020da925f5a0;  1 drivers
v0000020da9202310_0 .net "rs_D", 4 0, L_0000020da925c980;  1 drivers
v0000020da9201a50_0 .var "rs_E", 4 0;
v0000020da92026d0_0 .net "rst_n", 0 0, v0000020da9201870_0;  alias, 1 drivers
v0000020da9201af0_0 .net "rt_D", 4 0, L_0000020da925cb60;  1 drivers
v0000020da9201230_0 .var "rt_E", 4 0;
v0000020da9201730_0 .net "sign_imm_D", 31 0, L_0000020da925b580;  1 drivers
v0000020da92014b0_0 .var "sign_imm_E", 31 0;
v0000020da9202090_0 .net "src_a_E", 31 0, L_0000020da925c2a0;  1 drivers
v0000020da9202db0_0 .net "src_b_E", 31 0, L_0000020da925fc80;  1 drivers
v0000020da9202d10_0 .var "write_data_M", 31 0;
v0000020da92015f0_0 .net "write_reg_E", 4 0, L_0000020da9260040;  1 drivers
v0000020da92029f0_0 .var "write_reg_M", 4 0;
v0000020da9201550_0 .net "write_reg_W", 4 0, v0000020da9201690_0;  1 drivers
v0000020da9201690_0 .var "write_reg_W_reg", 4 0;
v0000020da9202450_0 .net "zero_E", 0 0, v0000020da8e58a80_0;  1 drivers
L_0000020da9202ef0 .arith/sum 32, v0000020da8e86410_0, L_0000020da9203100;
L_0000020da9201370 .functor MUXZ 32, L_0000020da9202ef0, L_0000020da925b4e0, L_0000020da8e8dbd0, C4<>;
L_0000020da925ce80 .part v0000020da8e8c520_0, 21, 5;
L_0000020da925cac0 .part v0000020da8e8c520_0, 16, 5;
L_0000020da925cd40 .part v0000020da8e8c520_0, 15, 1;
LS_0000020da925c660_0_0 .concat [ 1 1 1 1], L_0000020da925cd40, L_0000020da925cd40, L_0000020da925cd40, L_0000020da925cd40;
LS_0000020da925c660_0_4 .concat [ 1 1 1 1], L_0000020da925cd40, L_0000020da925cd40, L_0000020da925cd40, L_0000020da925cd40;
LS_0000020da925c660_0_8 .concat [ 1 1 1 1], L_0000020da925cd40, L_0000020da925cd40, L_0000020da925cd40, L_0000020da925cd40;
LS_0000020da925c660_0_12 .concat [ 1 1 1 1], L_0000020da925cd40, L_0000020da925cd40, L_0000020da925cd40, L_0000020da925cd40;
L_0000020da925c660 .concat [ 4 4 4 4], LS_0000020da925c660_0_0, LS_0000020da925c660_0_4, LS_0000020da925c660_0_8, LS_0000020da925c660_0_12;
L_0000020da925bb20 .part v0000020da8e8c520_0, 0, 16;
L_0000020da925b580 .concat [ 16 16 0 0], L_0000020da925bb20, L_0000020da925c660;
L_0000020da925c980 .part v0000020da8e8c520_0, 21, 5;
L_0000020da925cb60 .part v0000020da8e8c520_0, 16, 5;
L_0000020da925be40 .concat [ 5 27 0 0], v0000020da92029f0_0, L_0000020da92032f8;
L_0000020da925b760 .cmp/ne 32, L_0000020da925be40, L_0000020da9203340;
L_0000020da925cc00 .cmp/eq 5, v0000020da92029f0_0, L_0000020da925c980;
L_0000020da925b3a0 .concat [ 5 27 0 0], v0000020da9201690_0, L_0000020da9203388;
L_0000020da925bc60 .cmp/ne 32, L_0000020da925b3a0, L_0000020da92033d0;
L_0000020da925cca0 .cmp/eq 5, v0000020da9201690_0, L_0000020da925c980;
L_0000020da925b120 .functor MUXZ 32, L_0000020da925c5c0, L_0000020da925f5a0, L_0000020da8e8de00, C4<>;
L_0000020da925bf80 .functor MUXZ 32, L_0000020da925b120, v0000020da8e8c8e0_0, L_0000020da8e8daf0, C4<>;
L_0000020da925b620 .concat [ 5 27 0 0], L_0000020da9260040, L_0000020da9203418;
L_0000020da925cde0 .cmp/ne 32, L_0000020da925b620, L_0000020da9203460;
L_0000020da925cf20 .cmp/eq 5, L_0000020da9260040, L_0000020da925cb60;
L_0000020da925cfc0 .concat [ 5 27 0 0], v0000020da9201690_0, L_0000020da92034a8;
L_0000020da925c700 .cmp/ne 32, L_0000020da925cfc0, L_0000020da92034f0;
L_0000020da925b300 .cmp/eq 5, v0000020da9201690_0, L_0000020da925cb60;
L_0000020da925b1c0 .functor MUXZ 32, L_0000020da925c8e0, L_0000020da925f5a0, L_0000020da8e8d5b0, C4<>;
L_0000020da925b440 .functor MUXZ 32, L_0000020da925b1c0, L_0000020da8e8d620, L_0000020da8e8db60, C4<>;
L_0000020da925bd00 .part L_0000020da925b580, 0, 30;
L_0000020da925b6c0 .concat [ 2 30 0 0], L_0000020da9203538, L_0000020da925bd00;
L_0000020da925b4e0 .arith/sum 32, v0000020da8e8b3a0_0, L_0000020da925b6c0;
L_0000020da925c200 .part v0000020da8e8c520_0, 26, 6;
L_0000020da925b8a0 .cmp/eq 6, L_0000020da925c200, L_0000020da9203580;
L_0000020da925b9e0 .cmp/ne 32, L_0000020da925bf80, L_0000020da925b440;
L_0000020da925ba80 .cmp/eq 32, L_0000020da925bf80, L_0000020da925b440;
L_0000020da925bda0 .functor MUXZ 1, L_0000020da925ba80, L_0000020da925b9e0, L_0000020da925b8a0, C4<>;
L_0000020da925bee0 .cmp/eq 2, v0000020da8e87c70_0, L_0000020da92035c8;
L_0000020da925c0c0 .cmp/eq 2, v0000020da8e87c70_0, L_0000020da9203610;
L_0000020da925c160 .functor MUXZ 32, v0000020da8e8b620_0, L_0000020da925f5a0, L_0000020da925c0c0, C4<>;
L_0000020da925c2a0 .functor MUXZ 32, L_0000020da925c160, v0000020da8e8c8e0_0, L_0000020da925bee0, C4<>;
L_0000020da925c340 .cmp/eq 2, v0000020da8e87090_0, L_0000020da9203658;
L_0000020da925c3e0 .cmp/eq 2, v0000020da8e87090_0, L_0000020da92036a0;
L_0000020da925fb40 .functor MUXZ 32, v0000020da8e8c340_0, L_0000020da925f5a0, L_0000020da925c3e0, C4<>;
L_0000020da9260680 .functor MUXZ 32, L_0000020da925fb40, v0000020da8e8c8e0_0, L_0000020da925c340, C4<>;
L_0000020da925fc80 .functor MUXZ 32, L_0000020da9260680, v0000020da92014b0_0, v0000020da8e8c7a0_0, C4<>;
L_0000020da9260040 .functor MUXZ 5, v0000020da9201230_0, v0000020da8e8bf80_0, v0000020da8e8c480_0, C4<>;
L_0000020da925f5a0 .functor MUXZ 32, v0000020da8e8cf20_0, v0000020da8e8c3e0_0, v0000020da8e8cde0_0, C4<>;
S_0000020da8e20900 .scope module, "u_alu" "alu" 10 188, 11 2 0, S_0000020da8e09dd0;
 .timescale -9 -12;
    .port_info 0 /INPUT 32 "src_a";
    .port_info 1 /INPUT 32 "src_b";
    .port_info 2 /INPUT 3 "alu_ctrl";
    .port_info 3 /OUTPUT 32 "result";
    .port_info 4 /OUTPUT 1 "zero";
v0000020da8e58760_0 .net "alu_ctrl", 2 0, v0000020da8e8c2a0_0;  1 drivers
v0000020da8e58800_0 .var "result", 31 0;
v0000020da8e58940_0 .net "src_a", 31 0, L_0000020da925c2a0;  alias, 1 drivers
v0000020da8e589e0_0 .net "src_b", 31 0, L_0000020da925fc80;  alias, 1 drivers
v0000020da8e58a80_0 .var "zero", 0 0;
E_0000020da8e4aca0 .event anyedge, v0000020da8e58760_0, v0000020da8e58940_0, v0000020da8e589e0_0, v0000020da8e58800_0;
S_0000020da8e20a90 .scope module, "u_data_mem" "data_memory" 10 221, 12 2 0, S_0000020da8e09dd0;
 .timescale -9 -12;
    .port_info 0 /INPUT 1 "clk";
    .port_info 1 /INPUT 1 "mem_write_en";
    .port_info 2 /INPUT 32 "addr";
    .port_info 3 /INPUT 32 "write_data";
    .port_info 4 /OUTPUT 32 "read_data";
P_0000020da8d896b0 .param/l "DEPTH" 0 12 4, +C4<00000000000000000000000100000000>;
P_0000020da8d896e8 .param/l "WIDTH" 0 12 3, +C4<00000000000000000000000000100000>;
L_0000020da8e8d690 .functor BUFZ 32, L_0000020da9260720, C4<00000000000000000000000000000000>, C4<00000000000000000000000000000000>, C4<00000000000000000000000000000000>;
v0000020da8e58bc0_0 .net *"_ivl_0", 31 0, L_0000020da9260720;  1 drivers
v0000020da8e30880_0 .net *"_ivl_3", 29 0, L_0000020da925f140;  1 drivers
v0000020da8e39db0_0 .net "addr", 31 0, v0000020da8e8c8e0_0;  1 drivers
v0000020da8e87270_0 .net "clk", 0 0, v0000020da9201ff0_0;  alias, 1 drivers
v0000020da8e87630_0 .net "mem_write_en", 0 0, v0000020da8e8be40_0;  1 drivers
v0000020da8e86eb0 .array "ram", 255 0, 31 0;
v0000020da8e869b0_0 .net "read_data", 31 0, L_0000020da8e8d690;  alias, 1 drivers
v0000020da8e873b0_0 .net "write_data", 31 0, v0000020da9202d10_0;  1 drivers
E_0000020da8e4afe0 .event posedge, v0000020da8e87270_0;
L_0000020da9260720 .array/port v0000020da8e86eb0, L_0000020da925f140;
L_0000020da925f140 .part v0000020da8e8c8e0_0, 2, 30;
S_0000020da8e21ea0 .scope module, "u_fwd_unit" "forwarding_unit" 10 162, 13 2 0, S_0000020da8e09dd0;
 .timescale -9 -12;
    .port_info 0 /INPUT 5 "rs_E";
    .port_info 1 /INPUT 5 "rt_E";
    .port_info 2 /INPUT 5 "write_reg_M";
    .port_info 3 /INPUT 1 "reg_write_M";
    .port_info 4 /INPUT 5 "write_reg_W";
    .port_info 5 /INPUT 1 "reg_write_W";
    .port_info 6 /OUTPUT 2 "forward_a_E";
    .port_info 7 /OUTPUT 2 "forward_b_E";
v0000020da8e87c70_0 .var "forward_a_E", 1 0;
v0000020da8e87090_0 .var "forward_b_E", 1 0;
v0000020da8e87ef0_0 .net "reg_write_M", 0 0, v0000020da8e8c020_0;  1 drivers
v0000020da8e87450_0 .net "reg_write_W", 0 0, v0000020da8e8c5c0_0;  alias, 1 drivers
v0000020da8e86870_0 .net "rs_E", 4 0, v0000020da9201a50_0;  1 drivers
v0000020da8e879f0_0 .net "rt_E", 4 0, v0000020da9201230_0;  1 drivers
v0000020da8e874f0_0 .net "write_reg_M", 4 0, v0000020da92029f0_0;  1 drivers
v0000020da8e86a50_0 .net "write_reg_W", 4 0, v0000020da9201690_0;  alias, 1 drivers
E_0000020da8e4a0a0/0 .event anyedge, v0000020da8e87ef0_0, v0000020da8e874f0_0, v0000020da8e879f0_0, v0000020da8e87450_0;
E_0000020da8e4a0a0/1 .event anyedge, v0000020da8e86a50_0;
E_0000020da8e4a0a0 .event/or E_0000020da8e4a0a0/0, E_0000020da8e4a0a0/1;
E_0000020da8e47e20/0 .event anyedge, v0000020da8e87ef0_0, v0000020da8e874f0_0, v0000020da8e86870_0, v0000020da8e87450_0;
E_0000020da8e47e20/1 .event anyedge, v0000020da8e86a50_0;
E_0000020da8e47e20 .event/or E_0000020da8e47e20/0, E_0000020da8e47e20/1;
S_0000020da8e22030 .scope module, "u_imem" "instruction_memory" 10 52, 3 2 0, S_0000020da8e09dd0;
 .timescale -9 -12;
    .port_info 0 /INPUT 32 "addr";
    .port_info 1 /OUTPUT 32 "rd";
P_0000020da8d89330 .param/l "DEPTH" 0 3 4, +C4<00000000000000000000000100000000>;
P_0000020da8d89368 .param/l "WIDTH" 0 3 3, +C4<00000000000000000000000000100000>;
L_0000020da8e35600 .functor BUFZ 32, L_0000020da9201e10, C4<00000000000000000000000000000000>, C4<00000000000000000000000000000000>, C4<00000000000000000000000000000000>;
v0000020da8e86af0_0 .net *"_ivl_0", 31 0, L_0000020da9201e10;  1 drivers
v0000020da8e86b90_0 .net *"_ivl_3", 29 0, L_0000020da9202c70;  1 drivers
v0000020da8e87590_0 .net "addr", 31 0, v0000020da8e86410_0;  alias, 1 drivers
v0000020da8e87e50 .array "ram", 255 0, 31 0;
v0000020da8e86730_0 .net "rd", 31 0, L_0000020da8e35600;  alias, 1 drivers
L_0000020da9201e10 .array/port v0000020da8e87e50, L_0000020da9202c70;
L_0000020da9202c70 .part v0000020da8e86410_0, 2, 30;
S_0000020da8de7660 .scope module, "u_pc" "pc" 10 45, 4 2 0, S_0000020da8e09dd0;
 .timescale -9 -12;
    .port_info 0 /INPUT 1 "clk";
    .port_info 1 /INPUT 1 "rst_n";
    .port_info 2 /INPUT 32 "pc_next";
    .port_info 3 /OUTPUT 32 "pc";
v0000020da8e86cd0_0 .net "clk", 0 0, v0000020da9201ff0_0;  alias, 1 drivers
v0000020da8e86410_0 .var "pc", 31 0;
v0000020da8e87770_0 .net "pc_next", 31 0, L_0000020da9201370;  alias, 1 drivers
v0000020da8e871d0_0 .net "rst_n", 0 0, v0000020da9201870_0;  alias, 1 drivers
E_0000020da8e477a0/0 .event negedge, v0000020da8e871d0_0;
E_0000020da8e477a0/1 .event posedge, v0000020da8e87270_0;
E_0000020da8e477a0 .event/or E_0000020da8e477a0/0, E_0000020da8e477a0/1;
S_0000020da8de77f0 .scope module, "u_reg_file" "reg_file" 10 89, 14 2 0, S_0000020da8e09dd0;
 .timescale -9 -12;
    .port_info 0 /INPUT 1 "clk";
    .port_info 1 /INPUT 1 "we3";
    .port_info 2 /INPUT 5 "wa3";
    .port_info 3 /INPUT 32 "wd3";
    .port_info 4 /INPUT 5 "ra1";
    .port_info 5 /INPUT 5 "ra2";
    .port_info 6 /OUTPUT 32 "rd1";
    .port_info 7 /OUTPUT 32 "rd2";
L_0000020da8e35bb0 .functor AND 1, L_0000020da925ca20, v0000020da8e8c5c0_0, C4<1>, C4<1>;
L_0000020da8e12fd0 .functor AND 1, L_0000020da925c840, v0000020da8e8c5c0_0, C4<1>, C4<1>;
L_0000020da9203148 .functor BUFT 1, C4<00000>, C4<0>, C4<0>, C4<0>;
v0000020da8e867d0_0 .net/2u *"_ivl_0", 4 0, L_0000020da9203148;  1 drivers
v0000020da8e876d0_0 .net *"_ivl_10", 31 0, L_0000020da925c480;  1 drivers
v0000020da8e87bd0_0 .net *"_ivl_12", 6 0, L_0000020da925b940;  1 drivers
L_0000020da92031d8 .functor BUFT 1, C4<00>, C4<0>, C4<0>, C4<0>;
v0000020da8e87d10_0 .net *"_ivl_15", 1 0, L_0000020da92031d8;  1 drivers
v0000020da8e87950_0 .net *"_ivl_16", 31 0, L_0000020da925c520;  1 drivers
v0000020da8e87a90_0 .net *"_ivl_2", 0 0, L_0000020da925c7a0;  1 drivers
L_0000020da9203220 .functor BUFT 1, C4<00000>, C4<0>, C4<0>, C4<0>;
v0000020da8e86ff0_0 .net/2u *"_ivl_20", 4 0, L_0000020da9203220;  1 drivers
v0000020da8e87f90_0 .net *"_ivl_22", 0 0, L_0000020da925bbc0;  1 drivers
L_0000020da9203268 .functor BUFT 1, C4<00000000000000000000000000000000>, C4<0>, C4<0>, C4<0>;
v0000020da8e87310_0 .net/2u *"_ivl_24", 31 0, L_0000020da9203268;  1 drivers
v0000020da8e86d70_0 .net *"_ivl_26", 0 0, L_0000020da925c840;  1 drivers
v0000020da8e88030_0 .net *"_ivl_29", 0 0, L_0000020da8e12fd0;  1 drivers
v0000020da8e87810_0 .net *"_ivl_30", 31 0, L_0000020da925c020;  1 drivers
v0000020da8e86550_0 .net *"_ivl_32", 6 0, L_0000020da925b800;  1 drivers
L_0000020da92032b0 .functor BUFT 1, C4<00>, C4<0>, C4<0>, C4<0>;
v0000020da8e878b0_0 .net *"_ivl_35", 1 0, L_0000020da92032b0;  1 drivers
v0000020da8e86f50_0 .net *"_ivl_36", 31 0, L_0000020da925b260;  1 drivers
L_0000020da9203190 .functor BUFT 1, C4<00000000000000000000000000000000>, C4<0>, C4<0>, C4<0>;
v0000020da8e86910_0 .net/2u *"_ivl_4", 31 0, L_0000020da9203190;  1 drivers
v0000020da8e87b30_0 .net *"_ivl_6", 0 0, L_0000020da925ca20;  1 drivers
v0000020da8e86c30_0 .net *"_ivl_9", 0 0, L_0000020da8e35bb0;  1 drivers
v0000020da8e87db0_0 .net "clk", 0 0, v0000020da9201ff0_0;  alias, 1 drivers
v0000020da8e880d0_0 .var/i "i", 31 0;
v0000020da8e87130_0 .net "ra1", 4 0, L_0000020da925ce80;  1 drivers
v0000020da8e88170_0 .net "ra2", 4 0, L_0000020da925cac0;  1 drivers
v0000020da8e862d0_0 .net "rd1", 31 0, L_0000020da925c5c0;  alias, 1 drivers
v0000020da8e86e10_0 .net "rd2", 31 0, L_0000020da925c8e0;  alias, 1 drivers
v0000020da8e86370 .array "rf", 0 31, 31 0;
v0000020da8e864b0_0 .net "wa3", 4 0, v0000020da9201690_0;  alias, 1 drivers
v0000020da8e865f0_0 .net "wd3", 31 0, L_0000020da925f5a0;  alias, 1 drivers
v0000020da8e86690_0 .net "we3", 0 0, v0000020da8e8c5c0_0;  alias, 1 drivers
L_0000020da925c7a0 .cmp/eq 5, L_0000020da925ce80, L_0000020da9203148;
L_0000020da925ca20 .cmp/eq 5, L_0000020da925ce80, v0000020da9201690_0;
L_0000020da925c480 .array/port v0000020da8e86370, L_0000020da925b940;
L_0000020da925b940 .concat [ 5 2 0 0], L_0000020da925ce80, L_0000020da92031d8;
L_0000020da925c520 .functor MUXZ 32, L_0000020da925c480, L_0000020da925f5a0, L_0000020da8e35bb0, C4<>;
L_0000020da925c5c0 .functor MUXZ 32, L_0000020da925c520, L_0000020da9203190, L_0000020da925c7a0, C4<>;
L_0000020da925bbc0 .cmp/eq 5, L_0000020da925cac0, L_0000020da9203220;
L_0000020da925c840 .cmp/eq 5, L_0000020da925cac0, v0000020da9201690_0;
L_0000020da925c020 .array/port v0000020da8e86370, L_0000020da925b800;
L_0000020da925b800 .concat [ 5 2 0 0], L_0000020da925cac0, L_0000020da92032b0;
L_0000020da925b260 .functor MUXZ 32, L_0000020da925c020, L_0000020da925f5a0, L_0000020da8e12fd0, C4<>;
L_0000020da925c8e0 .functor MUXZ 32, L_0000020da925b260, L_0000020da9203268, L_0000020da925bbc0, C4<>;
    .scope S_0000020da8d8dad0;
T_0 ;
    %wait E_0000020da8e4aa60;
    %load/vec4 v0000020da8e57cc0_0;
    %nor/r;
    %flag_set/vec4 8;
    %jmp/0xz  T_0.0, 8;
    %pushi/vec4 0, 0, 32;
    %assign/vec4 v0000020da8e59020_0, 0;
    %jmp T_0.1;
T_0.0 ;
    %load/vec4 v0000020da8e58d00_0;
    %assign/vec4 v0000020da8e59020_0, 0;
T_0.1 ;
    %jmp T_0;
    .thread T_0;
    .scope S_0000020da8e0e280;
T_1 ;
    %vpi_call 3 12 "$readmemh", "memfile.dat", v0000020da8e58ee0 {0 0 0};
    %end;
    .thread T_1;
    .scope S_0000020da8e09c40;
T_2 ;
    %wait E_0000020da8e4a160;
    %load/vec4 v0000020da8e590c0_0;
    %dup/vec4;
    %pushi/vec4 0, 0, 6;
    %cmp/u;
    %jmp/1 T_2.0, 6;
    %dup/vec4;
    %pushi/vec4 35, 0, 6;
    %cmp/u;
    %jmp/1 T_2.1, 6;
    %dup/vec4;
    %pushi/vec4 43, 0, 6;
    %cmp/u;
    %jmp/1 T_2.2, 6;
    %dup/vec4;
    %pushi/vec4 4, 0, 6;
    %cmp/u;
    %jmp/1 T_2.3, 6;
    %dup/vec4;
    %pushi/vec4 5, 0, 6;
    %cmp/u;
    %jmp/1 T_2.4, 6;
    %dup/vec4;
    %pushi/vec4 8, 0, 6;
    %cmp/u;
    %jmp/1 T_2.5, 6;
    %pushi/vec4 0, 0, 9;
    %store/vec4 v0000020da8e58300_0, 0, 9;
    %jmp T_2.7;
T_2.0 ;
    %pushi/vec4 194, 0, 9;
    %store/vec4 v0000020da8e58300_0, 0, 9;
    %jmp T_2.7;
T_2.1 ;
    %pushi/vec4 164, 0, 9;
    %store/vec4 v0000020da8e58300_0, 0, 9;
    %jmp T_2.7;
T_2.2 ;
    %pushi/vec4 40, 0, 9;
    %store/vec4 v0000020da8e58300_0, 0, 9;
    %jmp T_2.7;
T_2.3 ;
    %pushi/vec4 17, 0, 9;
    %store/vec4 v0000020da8e58300_0, 0, 9;
    %jmp T_2.7;
T_2.4 ;
    %pushi/vec4 17, 0, 9;
    %store/vec4 v0000020da8e58300_0, 0, 9;
    %jmp T_2.7;
T_2.5 ;
    %pushi/vec4 160, 0, 9;
    %store/vec4 v0000020da8e58300_0, 0, 9;
    %jmp T_2.7;
T_2.7 ;
    %pop/vec4 1;
    %jmp T_2;
    .thread T_2, $push;
    .scope S_0000020da8dde2c0;
T_3 ;
    %wait E_0000020da8e4ac20;
    %load/vec4 v0000020da8e59480_0;
    %dup/vec4;
    %pushi/vec4 0, 0, 2;
    %cmp/u;
    %jmp/1 T_3.0, 6;
    %dup/vec4;
    %pushi/vec4 1, 0, 2;
    %cmp/u;
    %jmp/1 T_3.1, 6;
    %dup/vec4;
    %pushi/vec4 2, 0, 2;
    %cmp/u;
    %jmp/1 T_3.2, 6;
    %pushi/vec4 0, 0, 3;
    %store/vec4 v0000020da8e58120_0, 0, 3;
    %jmp T_3.4;
T_3.0 ;
    %pushi/vec4 2, 0, 3;
    %store/vec4 v0000020da8e58120_0, 0, 3;
    %jmp T_3.4;
T_3.1 ;
    %pushi/vec4 6, 0, 3;
    %store/vec4 v0000020da8e58120_0, 0, 3;
    %jmp T_3.4;
T_3.2 ;
    %load/vec4 v0000020da8e583a0_0;
    %dup/vec4;
    %pushi/vec4 32, 0, 6;
    %cmp/u;
    %jmp/1 T_3.5, 6;
    %dup/vec4;
    %pushi/vec4 34, 0, 6;
    %cmp/u;
    %jmp/1 T_3.6, 6;
    %dup/vec4;
    %pushi/vec4 36, 0, 6;
    %cmp/u;
    %jmp/1 T_3.7, 6;
    %dup/vec4;
    %pushi/vec4 37, 0, 6;
    %cmp/u;
    %jmp/1 T_3.8, 6;
    %dup/vec4;
    %pushi/vec4 42, 0, 6;
    %cmp/u;
    %jmp/1 T_3.9, 6;
    %pushi/vec4 2, 0, 3;
    %store/vec4 v0000020da8e58120_0, 0, 3;
    %jmp T_3.11;
T_3.5 ;
    %pushi/vec4 2, 0, 3;
    %store/vec4 v0000020da8e58120_0, 0, 3;
    %jmp T_3.11;
T_3.6 ;
    %pushi/vec4 6, 0, 3;
    %store/vec4 v0000020da8e58120_0, 0, 3;
    %jmp T_3.11;
T_3.7 ;
    %pushi/vec4 0, 0, 3;
    %store/vec4 v0000020da8e58120_0, 0, 3;
    %jmp T_3.11;
T_3.8 ;
    %pushi/vec4 1, 0, 3;
    %store/vec4 v0000020da8e58120_0, 0, 3;
    %jmp T_3.11;
T_3.9 ;
    %pushi/vec4 7, 0, 3;
    %store/vec4 v0000020da8e58120_0, 0, 3;
    %jmp T_3.11;
T_3.11 ;
    %pop/vec4 1;
    %jmp T_3.4;
T_3.4 ;
    %pop/vec4 1;
    %jmp T_3;
    .thread T_3, $push;
    .scope S_0000020da8de7660;
T_4 ;
    %wait E_0000020da8e477a0;
    %load/vec4 v0000020da8e871d0_0;
    %nor/r;
    %flag_set/vec4 8;
    %jmp/0xz  T_4.0, 8;
    %pushi/vec4 0, 0, 32;
    %assign/vec4 v0000020da8e86410_0, 0;
    %jmp T_4.1;
T_4.0 ;
    %load/vec4 v0000020da8e87770_0;
    %assign/vec4 v0000020da8e86410_0, 0;
T_4.1 ;
    %jmp T_4;
    .thread T_4;
    .scope S_0000020da8e22030;
T_5 ;
    %vpi_call 3 12 "$readmemh", "memfile.dat", v0000020da8e87e50 {0 0 0};
    %end;
    .thread T_5;
    .scope S_0000020da8de77f0;
T_6 ;
    %pushi/vec4 0, 0, 32;
    %store/vec4 v0000020da8e880d0_0, 0, 32;
T_6.0 ;
    %load/vec4 v0000020da8e880d0_0;
    %cmpi/s 32, 0, 32;
    %jmp/0xz T_6.1, 5;
    %pushi/vec4 0, 0, 32;
    %ix/getv/s 4, v0000020da8e880d0_0;
    %store/vec4a v0000020da8e86370, 4, 0;
    %load/vec4 v0000020da8e880d0_0;
    %addi 1, 0, 32;
    %store/vec4 v0000020da8e880d0_0, 0, 32;
    %jmp T_6.0;
T_6.1 ;
    %end;
    .thread T_6;
    .scope S_0000020da8de77f0;
T_7 ;
    %wait E_0000020da8e4afe0;
    %load/vec4 v0000020da8e86690_0;
    %flag_set/vec4 9;
    %flag_get/vec4 9;
    %jmp/0 T_7.2, 9;
    %load/vec4 v0000020da8e864b0_0;
    %pushi/vec4 0, 0, 5;
    %cmp/ne;
    %flag_get/vec4 4;
    %and;
T_7.2;
    %flag_set/vec4 8;
    %jmp/0xz  T_7.0, 8;
    %load/vec4 v0000020da8e865f0_0;
    %load/vec4 v0000020da8e864b0_0;
    %pad/u 7;
    %ix/vec4 3;
    %ix/load 4, 0, 0; Constant delay
    %assign/vec4/a/d v0000020da8e86370, 0, 4;
T_7.0 ;
    %jmp T_7;
    .thread T_7;
    .scope S_0000020da8e21ea0;
T_8 ;
    %wait E_0000020da8e47e20;
    %load/vec4 v0000020da8e87ef0_0;
    %flag_set/vec4 10;
    %flag_get/vec4 10;
    %jmp/0 T_8.3, 10;
    %load/vec4 v0000020da8e874f0_0;
    %pushi/vec4 0, 0, 5;
    %cmp/ne;
    %flag_get/vec4 4;
    %and;
T_8.3;
    %flag_set/vec4 9;
    %flag_get/vec4 9;
    %jmp/0 T_8.2, 9;
    %load/vec4 v0000020da8e874f0_0;
    %load/vec4 v0000020da8e86870_0;
    %cmp/e;
    %flag_get/vec4 4;
    %and;
T_8.2;
    %flag_set/vec4 8;
    %jmp/0xz  T_8.0, 8;
    %pushi/vec4 2, 0, 2;
    %store/vec4 v0000020da8e87c70_0, 0, 2;
    %jmp T_8.1;
T_8.0 ;
    %load/vec4 v0000020da8e87450_0;
    %flag_set/vec4 10;
    %flag_get/vec4 10;
    %jmp/0 T_8.7, 10;
    %load/vec4 v0000020da8e86a50_0;
    %pushi/vec4 0, 0, 5;
    %cmp/ne;
    %flag_get/vec4 4;
    %and;
T_8.7;
    %flag_set/vec4 9;
    %flag_get/vec4 9;
    %jmp/0 T_8.6, 9;
    %load/vec4 v0000020da8e86a50_0;
    %load/vec4 v0000020da8e86870_0;
    %cmp/e;
    %flag_get/vec4 4;
    %and;
T_8.6;
    %flag_set/vec4 8;
    %jmp/0xz  T_8.4, 8;
    %pushi/vec4 1, 0, 2;
    %store/vec4 v0000020da8e87c70_0, 0, 2;
    %jmp T_8.5;
T_8.4 ;
    %pushi/vec4 0, 0, 2;
    %store/vec4 v0000020da8e87c70_0, 0, 2;
T_8.5 ;
T_8.1 ;
    %jmp T_8;
    .thread T_8, $push;
    .scope S_0000020da8e21ea0;
T_9 ;
    %wait E_0000020da8e4a0a0;
    %load/vec4 v0000020da8e87ef0_0;
    %flag_set/vec4 10;
    %flag_get/vec4 10;
    %jmp/0 T_9.3, 10;
    %load/vec4 v0000020da8e874f0_0;
    %pushi/vec4 0, 0, 5;
    %cmp/ne;
    %flag_get/vec4 4;
    %and;
T_9.3;
    %flag_set/vec4 9;
    %flag_get/vec4 9;
    %jmp/0 T_9.2, 9;
    %load/vec4 v0000020da8e874f0_0;
    %load/vec4 v0000020da8e879f0_0;
    %cmp/e;
    %flag_get/vec4 4;
    %and;
T_9.2;
    %flag_set/vec4 8;
    %jmp/0xz  T_9.0, 8;
    %pushi/vec4 2, 0, 2;
    %store/vec4 v0000020da8e87090_0, 0, 2;
    %jmp T_9.1;
T_9.0 ;
    %load/vec4 v0000020da8e87450_0;
    %flag_set/vec4 10;
    %flag_get/vec4 10;
    %jmp/0 T_9.7, 10;
    %load/vec4 v0000020da8e86a50_0;
    %pushi/vec4 0, 0, 5;
    %cmp/ne;
    %flag_get/vec4 4;
    %and;
T_9.7;
    %flag_set/vec4 9;
    %flag_get/vec4 9;
    %jmp/0 T_9.6, 9;
    %load/vec4 v0000020da8e86a50_0;
    %load/vec4 v0000020da8e879f0_0;
    %cmp/e;
    %flag_get/vec4 4;
    %and;
T_9.6;
    %flag_set/vec4 8;
    %jmp/0xz  T_9.4, 8;
    %pushi/vec4 1, 0, 2;
    %store/vec4 v0000020da8e87090_0, 0, 2;
    %jmp T_9.5;
T_9.4 ;
    %pushi/vec4 0, 0, 2;
    %store/vec4 v0000020da8e87090_0, 0, 2;
T_9.5 ;
T_9.1 ;
    %jmp T_9;
    .thread T_9, $push;
    .scope S_0000020da8e20900;
T_10 ;
    %wait E_0000020da8e4aca0;
    %load/vec4 v0000020da8e58760_0;
    %dup/vec4;
    %pushi/vec4 0, 0, 3;
    %cmp/u;
    %jmp/1 T_10.0, 6;
    %dup/vec4;
    %pushi/vec4 1, 0, 3;
    %cmp/u;
    %jmp/1 T_10.1, 6;
    %dup/vec4;
    %pushi/vec4 2, 0, 3;
    %cmp/u;
    %jmp/1 T_10.2, 6;
    %dup/vec4;
    %pushi/vec4 6, 0, 3;
    %cmp/u;
    %jmp/1 T_10.3, 6;
    %dup/vec4;
    %pushi/vec4 7, 0, 3;
    %cmp/u;
    %jmp/1 T_10.4, 6;
    %pushi/vec4 0, 0, 32;
    %store/vec4 v0000020da8e58800_0, 0, 32;
    %jmp T_10.6;
T_10.0 ;
    %load/vec4 v0000020da8e58940_0;
    %load/vec4 v0000020da8e589e0_0;
    %and;
    %store/vec4 v0000020da8e58800_0, 0, 32;
    %jmp T_10.6;
T_10.1 ;
    %load/vec4 v0000020da8e58940_0;
    %load/vec4 v0000020da8e589e0_0;
    %or;
    %store/vec4 v0000020da8e58800_0, 0, 32;
    %jmp T_10.6;
T_10.2 ;
    %load/vec4 v0000020da8e58940_0;
    %load/vec4 v0000020da8e589e0_0;
    %add;
    %store/vec4 v0000020da8e58800_0, 0, 32;
    %jmp T_10.6;
T_10.3 ;
    %load/vec4 v0000020da8e58940_0;
    %load/vec4 v0000020da8e589e0_0;
    %sub;
    %store/vec4 v0000020da8e58800_0, 0, 32;
    %jmp T_10.6;
T_10.4 ;
    %load/vec4 v0000020da8e58940_0;
    %load/vec4 v0000020da8e589e0_0;
    %cmp/s;
    %flag_mov 8, 5;
    %jmp/0 T_10.7, 8;
    %pushi/vec4 1, 0, 32;
    %jmp/1 T_10.8, 8;
T_10.7 ; End of true expr.
    %pushi/vec4 0, 0, 32;
    %jmp/0 T_10.8, 8;
 ; End of false expr.
    %blend;
T_10.8;
    %store/vec4 v0000020da8e58800_0, 0, 32;
    %jmp T_10.6;
T_10.6 ;
    %pop/vec4 1;
    %load/vec4 v0000020da8e58800_0;
    %cmpi/e 0, 0, 32;
    %jmp/0xz  T_10.9, 4;
    %pushi/vec4 1, 0, 1;
    %store/vec4 v0000020da8e58a80_0, 0, 1;
    %jmp T_10.10;
T_10.9 ;
    %pushi/vec4 0, 0, 1;
    %store/vec4 v0000020da8e58a80_0, 0, 1;
T_10.10 ;
    %jmp T_10;
    .thread T_10, $push;
    .scope S_0000020da8e20a90;
T_11 ;
    %wait E_0000020da8e4afe0;
    %load/vec4 v0000020da8e87630_0;
    %flag_set/vec4 8;
    %jmp/0xz  T_11.0, 8;
    %load/vec4 v0000020da8e873b0_0;
    %load/vec4 v0000020da8e39db0_0;
    %parti/s 30, 2, 3;
    %ix/vec4 3;
    %ix/load 4, 0, 0; Constant delay
    %assign/vec4/a/d v0000020da8e86eb0, 0, 4;
T_11.0 ;
    %jmp T_11;
    .thread T_11;
    .scope S_0000020da8e09dd0;
T_12 ;
    %wait E_0000020da8e477a0;
    %load/vec4 v0000020da92026d0_0;
    %nor/r;
    %flag_set/vec4 8;
    %jmp/0xz  T_12.0, 8;
    %pushi/vec4 0, 0, 32;
    %assign/vec4 v0000020da8e8c520_0, 0;
    %pushi/vec4 0, 0, 32;
    %assign/vec4 v0000020da8e8b3a0_0, 0;
    %jmp T_12.1;
T_12.0 ;
    %load/vec4 v0000020da8e8b580_0;
    %flag_set/vec4 8;
    %jmp/0xz  T_12.2, 8;
    %pushi/vec4 0, 0, 32;
    %assign/vec4 v0000020da8e8c520_0, 0;
    %pushi/vec4 0, 0, 32;
    %assign/vec4 v0000020da8e8b3a0_0, 0;
    %jmp T_12.3;
T_12.2 ;
    %load/vec4 v0000020da8e8b6c0_0;
    %assign/vec4 v0000020da8e8c520_0, 0;
    %load/vec4 v0000020da8e8bee0_0;
    %assign/vec4 v0000020da8e8b3a0_0, 0;
T_12.3 ;
T_12.1 ;
    %jmp T_12;
    .thread T_12;
    .scope S_0000020da8e09dd0;
T_13 ;
    %wait E_0000020da8e477a0;
    %load/vec4 v0000020da92026d0_0;
    %nor/r;
    %flag_set/vec4 8;
    %jmp/0xz  T_13.0, 8;
    %pushi/vec4 0, 0, 1;
    %assign/vec4 v0000020da8e8bbc0_0, 0;
    %pushi/vec4 0, 0, 4;
    %split/vec4 1;
    %assign/vec4 v0000020da8e8c480_0, 0;
    %split/vec4 1;
    %assign/vec4 v0000020da8e8c7a0_0, 0;
    %split/vec4 1;
    %assign/vec4 v0000020da8e8cfc0_0, 0;
    %assign/vec4 v0000020da8e8cd40_0, 0;
    %pushi/vec4 0, 0, 3;
    %assign/vec4 v0000020da8e8c2a0_0, 0;
    %pushi/vec4 0, 0, 96;
    %split/vec4 32;
    %assign/vec4 v0000020da92014b0_0, 0;
    %split/vec4 32;
    %assign/vec4 v0000020da8e8c340_0, 0;
    %assign/vec4 v0000020da8e8b620_0, 0;
    %pushi/vec4 0, 0, 15;
    %split/vec4 5;
    %assign/vec4 v0000020da8e8bf80_0, 0;
    %split/vec4 5;
    %assign/vec4 v0000020da9201230_0, 0;
    %assign/vec4 v0000020da9201a50_0, 0;
    %jmp T_13.1;
T_13.0 ;
    %load/vec4 v0000020da8e8b580_0;
    %flag_set/vec4 8;
    %jmp/0 T_13.2, 8;
    %pushi/vec4 0, 0, 1;
    %jmp/1 T_13.3, 8;
T_13.2 ; End of true expr.
    %load/vec4 v0000020da8e8bb20_0;
    %jmp/0 T_13.3, 8;
 ; End of false expr.
    %blend;
T_13.3;
    %assign/vec4 v0000020da8e8bbc0_0, 0;
    %load/vec4 v0000020da8e8b580_0;
    %flag_set/vec4 8;
    %jmp/0 T_13.4, 8;
    %pushi/vec4 0, 0, 1;
    %jmp/1 T_13.5, 8;
T_13.4 ; End of true expr.
    %load/vec4 v0000020da8e8cca0_0;
    %jmp/0 T_13.5, 8;
 ; End of false expr.
    %blend;
T_13.5;
    %assign/vec4 v0000020da8e8cd40_0, 0;
    %load/vec4 v0000020da8e8b580_0;
    %flag_set/vec4 8;
    %jmp/0 T_13.6, 8;
    %pushi/vec4 0, 0, 1;
    %jmp/1 T_13.7, 8;
T_13.6 ; End of true expr.
    %load/vec4 v0000020da8e8ce80_0;
    %jmp/0 T_13.7, 8;
 ; End of false expr.
    %blend;
T_13.7;
    %assign/vec4 v0000020da8e8cfc0_0, 0;
    %load/vec4 v0000020da8e8b580_0;
    %flag_set/vec4 8;
    %jmp/0 T_13.8, 8;
    %pushi/vec4 0, 0, 3;
    %jmp/1 T_13.9, 8;
T_13.8 ; End of true expr.
    %load/vec4 v0000020da8e8d1a0_0;
    %jmp/0 T_13.9, 8;
 ; End of false expr.
    %blend;
T_13.9;
    %assign/vec4 v0000020da8e8c2a0_0, 0;
    %load/vec4 v0000020da8e8b580_0;
    %flag_set/vec4 8;
    %jmp/0 T_13.10, 8;
    %pushi/vec4 0, 0, 1;
    %jmp/1 T_13.11, 8;
T_13.10 ; End of true expr.
    %load/vec4 v0000020da8e8c980_0;
    %jmp/0 T_13.11, 8;
 ; End of false expr.
    %blend;
T_13.11;
    %assign/vec4 v0000020da8e8c7a0_0, 0;
    %load/vec4 v0000020da8e8b580_0;
    %flag_set/vec4 8;
    %jmp/0 T_13.12, 8;
    %pushi/vec4 0, 0, 1;
    %jmp/1 T_13.13, 8;
T_13.12 ; End of true expr.
    %load/vec4 v0000020da8e8b9e0_0;
    %jmp/0 T_13.13, 8;
 ; End of false expr.
    %blend;
T_13.13;
    %assign/vec4 v0000020da8e8c480_0, 0;
    %load/vec4 v0000020da8e8bda0_0;
    %assign/vec4 v0000020da8e8b620_0, 0;
    %load/vec4 v0000020da8e8c160_0;
    %assign/vec4 v0000020da8e8c340_0, 0;
    %load/vec4 v0000020da9201730_0;
    %assign/vec4 v0000020da92014b0_0, 0;
    %load/vec4 v0000020da8e8c660_0;
    %parti/s 5, 21, 6;
    %assign/vec4 v0000020da9201a50_0, 0;
    %load/vec4 v0000020da8e8c660_0;
    %parti/s 5, 16, 6;
    %assign/vec4 v0000020da9201230_0, 0;
    %load/vec4 v0000020da8e8c660_0;
    %parti/s 5, 11, 5;
    %assign/vec4 v0000020da8e8bf80_0, 0;
T_13.1 ;
    %jmp T_13;
    .thread T_13;
    .scope S_0000020da8e09dd0;
T_14 ;
    %wait E_0000020da8e477a0;
    %load/vec4 v0000020da92026d0_0;
    %nor/r;
    %flag_set/vec4 8;
    %jmp/0xz  T_14.0, 8;
    %pushi/vec4 0, 0, 3;
    %split/vec4 1;
    %assign/vec4 v0000020da8e8be40_0, 0;
    %split/vec4 1;
    %assign/vec4 v0000020da8e8cc00_0, 0;
    %assign/vec4 v0000020da8e8c020_0, 0;
    %pushi/vec4 0, 0, 64;
    %split/vec4 32;
    %assign/vec4 v0000020da9202d10_0, 0;
    %assign/vec4 v0000020da8e8c8e0_0, 0;
    %pushi/vec4 0, 0, 5;
    %assign/vec4 v0000020da92029f0_0, 0;
    %jmp T_14.1;
T_14.0 ;
    %load/vec4 v0000020da8e8bbc0_0;
    %assign/vec4 v0000020da8e8c020_0, 0;
    %load/vec4 v0000020da8e8cd40_0;
    %assign/vec4 v0000020da8e8cc00_0, 0;
    %load/vec4 v0000020da8e8cfc0_0;
    %assign/vec4 v0000020da8e8be40_0, 0;
    %load/vec4 v0000020da8e8c200_0;
    %assign/vec4 v0000020da8e8c8e0_0, 0;
    %load/vec4 v0000020da8e8b760_0;
    %assign/vec4 v0000020da9202d10_0, 0;
    %load/vec4 v0000020da92015f0_0;
    %assign/vec4 v0000020da92029f0_0, 0;
T_14.1 ;
    %jmp T_14;
    .thread T_14;
    .scope S_0000020da8e09dd0;
T_15 ;
    %wait E_0000020da8e477a0;
    %load/vec4 v0000020da92026d0_0;
    %nor/r;
    %flag_set/vec4 8;
    %jmp/0xz  T_15.0, 8;
    %pushi/vec4 0, 0, 2;
    %split/vec4 1;
    %assign/vec4 v0000020da8e8cde0_0, 0;
    %assign/vec4 v0000020da8e8c5c0_0, 0;
    %pushi/vec4 0, 0, 64;
    %split/vec4 32;
    %assign/vec4 v0000020da8e8cf20_0, 0;
    %assign/vec4 v0000020da8e8c3e0_0, 0;
    %pushi/vec4 0, 0, 5;
    %assign/vec4 v0000020da9201690_0, 0;
    %jmp T_15.1;
T_15.0 ;
    %load/vec4 v0000020da8e8c020_0;
    %assign/vec4 v0000020da8e8c5c0_0, 0;
    %load/vec4 v0000020da8e8cc00_0;
    %assign/vec4 v0000020da8e8cde0_0, 0;
    %load/vec4 v0000020da8e8b8a0_0;
    %assign/vec4 v0000020da8e8c3e0_0, 0;
    %load/vec4 v0000020da8e8c8e0_0;
    %assign/vec4 v0000020da8e8cf20_0, 0;
    %load/vec4 v0000020da92029f0_0;
    %assign/vec4 v0000020da9201690_0, 0;
T_15.1 ;
    %jmp T_15;
    .thread T_15;
    .scope S_0000020da8e0e0f0;
T_16 ;
    %pushi/vec4 0, 0, 1;
    %store/vec4 v0000020da9201ff0_0, 0, 1;
T_16.0 ;
    %delay 5000, 0;
    %load/vec4 v0000020da9201ff0_0;
    %inv;
    %store/vec4 v0000020da9201ff0_0, 0, 1;
    %jmp T_16.0;
    %end;
    .thread T_16;
    .scope S_0000020da8e0e0f0;
T_17 ;
    %vpi_call 5 21 "$dumpfile", "wave.vcd" {0 0 0};
    %vpi_call 5 22 "$dumpvars", 32'sb00000000000000000000000000000000, S_0000020da8e0e0f0 {0 0 0};
    %end;
    .thread T_17;
    .scope S_0000020da8e0e0f0;
T_18 ;
    %pushi/vec4 0, 0, 1;
    %store/vec4 v0000020da9201870_0, 0, 1;
    %delay 10000, 0;
    %pushi/vec4 1, 0, 1;
    %store/vec4 v0000020da9201870_0, 0, 1;
    %vpi_call 5 30 "$display", "===========================================" {0 0 0};
    %vpi_call 5 31 "$display", "   Week 8: Global Data Forwarding Unit     " {0 0 0};
    %vpi_call 5 32 "$display", "===========================================" {0 0 0};
    %pushi/vec4 15, 0, 32;
T_18.0 %dup/vec4;
    %pushi/vec4 0, 0, 32;
    %cmp/s;
    %jmp/1xz T_18.1, 5;
    %jmp/1 T_18.1, 4;
    %pushi/vec4 1, 0, 32;
    %sub;
    %wait E_0000020da8e4a9a0;
    %delay 1000, 0;
    %vpi_call 5 37 "$display", "PC: 0x%h | ALU Result: %d", v0000020da9201c30_0, v0000020da9202a90_0 {0 0 0};
    %jmp T_18.0;
T_18.1 ;
    %pop/vec4 1;
    %vpi_call 5 40 "$display", "===========================================" {0 0 0};
    %vpi_call 5 41 "$display", "   Simulation Complete                   " {0 0 0};
    %vpi_call 5 42 "$display", "===========================================" {0 0 0};
    %vpi_call 5 43 "$finish" {0 0 0};
    %end;
    .thread T_18;
# The file index is used to find the file name in the following table.
:file_names 15;
    "N/A";
    "<interactive>";
    "if_stage.v";
    "instruction_memory.v";
    "pc.v";
    "mips_tb.v";
    "mips.v";
    "control_unit.v";
    "alu_decoder.v";
    "main_decoder.v";
    "datapath.v";
    "alu.v";
    "data_memory.v";
    "forwarding_unit.v";
    "reg_file.v";
