#! /c/Source/iverilog-install/bin/vvp
:ivl_version "12.0 (devel)" "(s20150603-1539-g2693dd32b)";
:ivl_delay_selection "TYPICAL";
:vpi_time_precision - 12;
:vpi_module "C:\app\Icarus\iverilog\lib\ivl\system.vpi";
:vpi_module "C:\app\Icarus\iverilog\lib\ivl\vhdl_sys.vpi";
:vpi_module "C:\app\Icarus\iverilog\lib\ivl\vhdl_textio.vpi";
:vpi_module "C:\app\Icarus\iverilog\lib\ivl\v2005_math.vpi";
:vpi_module "C:\app\Icarus\iverilog\lib\ivl\va_math.vpi";
S_0000020165926560 .scope module, "mips_tb" "mips_tb" 2 6;
 .timescale -9 -12;
v0000020165cd8000_0 .net "alu_result", 31 0, L_0000020165d333a0;  1 drivers
v0000020165cd8140_0 .var "clk", 0 0;
v0000020165cd7380_0 .net "pc_out", 31 0, L_0000020165d33480;  1 drivers
v0000020165cd8780_0 .net "pwm_out", 0 0, v000002016592ce90_0;  1 drivers
v0000020165cd8460_0 .var "rst_n", 0 0;
v0000020165cd7560_0 .var "switches", 7 0;
S_00000201658ff210 .scope module, "uut" "mips" 2 19, 3 6 0, S_0000020165926560;
 .timescale -9 -12;
    .port_info 0 /INPUT 1 "clk";
    .port_info 1 /INPUT 1 "rst_n";
    .port_info 2 /INPUT 8 "switches";
    .port_info 3 /OUTPUT 1 "pwm_out";
    .port_info 4 /OUTPUT 32 "pc_out";
    .port_info 5 /OUTPUT 32 "alu_result";
v0000020165cd5760_0 .net "alu_ctrl_D", 2 0, v000002016592d4d0_0;  1 drivers
v0000020165cd5440_0 .net "alu_result", 31 0, L_0000020165d333a0;  alias, 1 drivers
v0000020165cd5800_0 .net "alu_result_M", 31 0, L_0000020165d33410;  1 drivers
v0000020165cd4ea0_0 .net "alu_src_D", 0 0, L_0000020165cd74c0;  1 drivers
v0000020165cd4900_0 .net "branch_D", 0 0, L_0000020165cd71a0;  1 drivers
v0000020165cd4b80_0 .net "clk", 0 0, v0000020165cd8140_0;  1 drivers
v0000020165cd4c20_0 .net "flush_E", 0 0, L_00000201658fdc00;  1 drivers
v0000020165cd5a80_0 .net "forward_a_D", 1 0, v0000020165cd49a0_0;  1 drivers
v0000020165cd4cc0_0 .net "forward_a_E", 1 0, v0000020165cd5c60_0;  1 drivers
v0000020165cd4d60_0 .net "forward_b_D", 1 0, v0000020165cd6020_0;  1 drivers
v0000020165cd4f40_0 .net "forward_b_E", 1 0, v0000020165cd5580_0;  1 drivers
v0000020165cd58a0_0 .net "instr_D", 31 0, v0000020165cd17e0_0;  1 drivers
v0000020165cd76a0_0 .net "jump_D", 0 0, L_0000020165cd7240;  1 drivers
v0000020165cd7740_0 .net "mem_to_reg_D", 0 0, L_0000020165cd7c40;  1 drivers
v0000020165cd7e20_0 .net "mem_to_reg_E", 0 0, v0000020165cd1100_0;  1 drivers
v0000020165cd8c80_0 .net "mem_to_reg_M", 0 0, v0000020165cd1880_0;  1 drivers
v0000020165cd7420_0 .net "mem_write_D", 0 0, L_0000020165cd8a00;  1 drivers
v0000020165cd7ec0_0 .net "mem_write_M", 0 0, L_0000020165d33f00;  1 drivers
v0000020165cd8d20_0 .net "pc_out", 31 0, L_0000020165d33480;  alias, 1 drivers
v0000020165cd7ce0_0 .net "pwm_out", 0 0, v000002016592ce90_0;  alias, 1 drivers
v0000020165cd7ba0_0 .net "read_data_M", 31 0, v0000020165905770_0;  1 drivers
v0000020165cd8aa0_0 .net "reg_dst_D", 0 0, L_0000020165cd9040;  1 drivers
v0000020165cd8320_0 .net "reg_write_D", 0 0, L_0000020165cd8fa0;  1 drivers
v0000020165cd81e0_0 .net "reg_write_E", 0 0, v0000020165cd27b0_0;  1 drivers
v0000020165cd7f60_0 .net "reg_write_M", 0 0, L_0000020165d33250;  1 drivers
v0000020165cd8be0_0 .net "reg_write_W", 0 0, L_0000020165d338e0;  1 drivers
v0000020165cd8960_0 .net "rs_D", 4 0, L_0000020165cd9f70;  1 drivers
v0000020165cd8500_0 .net "rs_E", 4 0, L_0000020165d33720;  1 drivers
v0000020165cd8b40_0 .net "rst_n", 0 0, v0000020165cd8460_0;  1 drivers
v0000020165cd86e0_0 .net "rt_D", 4 0, L_0000020165cda510;  1 drivers
v0000020165cd8280_0 .net "rt_E", 4 0, v0000020165cd39d0_0;  1 drivers
v0000020165cd8f00_0 .net "stall_D", 0 0, L_00000201658fde30;  1 drivers
v0000020165cd7a60_0 .net "stall_F", 0 0, L_00000201658fdb20;  1 drivers
v0000020165cd8dc0_0 .net "switches", 7 0, v0000020165cd7560_0;  1 drivers
v0000020165cd8e60_0 .net "write_data_M", 31 0, L_0000020165d34050;  1 drivers
v0000020165cd83c0_0 .net "write_reg_E", 4 0, L_0000020165d332c0;  1 drivers
v0000020165cd7b00_0 .net "write_reg_M", 4 0, v0000020165cd3750_0;  1 drivers
v0000020165cd7920_0 .net "write_reg_W", 4 0, L_0000020165d335d0;  1 drivers
L_0000020165cd77e0 .part v0000020165cd17e0_0, 26, 6;
L_0000020165cd7880 .part v0000020165cd17e0_0, 0, 6;
S_0000020165936b70 .scope module, "u_control" "control_unit" 3 37, 4 10 0, S_00000201658ff210;
 .timescale -9 -12;
    .port_info 0 /INPUT 6 "opcode";
    .port_info 1 /INPUT 6 "funct";
    .port_info 2 /OUTPUT 1 "mem_to_reg";
    .port_info 3 /OUTPUT 1 "mem_write";
    .port_info 4 /OUTPUT 1 "branch";
    .port_info 5 /OUTPUT 1 "alu_src";
    .port_info 6 /OUTPUT 1 "reg_dst";
    .port_info 7 /OUTPUT 1 "reg_write";
    .port_info 8 /OUTPUT 1 "jump";
    .port_info 9 /OUTPUT 3 "alu_ctrl";
v000002016592ccb0_0 .net "alu_ctrl", 2 0, v000002016592d4d0_0;  alias, 1 drivers
v000002016592cd50_0 .net "alu_op", 1 0, L_0000020165cd85a0;  1 drivers
v000002016592ca30_0 .net "alu_src", 0 0, L_0000020165cd74c0;  alias, 1 drivers
v000002016592cad0_0 .net "branch", 0 0, L_0000020165cd71a0;  alias, 1 drivers
v000002016592dbb0_0 .net "funct", 5 0, L_0000020165cd7880;  1 drivers
v000002016592cdf0_0 .net "jump", 0 0, L_0000020165cd7240;  alias, 1 drivers
v000002016592d570_0 .net "mem_to_reg", 0 0, L_0000020165cd7c40;  alias, 1 drivers
v000002016592d110_0 .net "mem_write", 0 0, L_0000020165cd8a00;  alias, 1 drivers
v000002016592d930_0 .net "opcode", 5 0, L_0000020165cd77e0;  1 drivers
v000002016592e330_0 .net "reg_dst", 0 0, L_0000020165cd9040;  alias, 1 drivers
v000002016592e790_0 .net "reg_write", 0 0, L_0000020165cd8fa0;  alias, 1 drivers
S_0000020165936d00 .scope module, "u_alu_dec" "alu_decoder" 4 36, 5 10 0, S_0000020165936b70;
 .timescale -9 -12;
    .port_info 0 /INPUT 2 "alu_op";
    .port_info 1 /INPUT 6 "funct";
    .port_info 2 /OUTPUT 3 "alu_ctrl";
v000002016592d4d0_0 .var "alu_ctrl", 2 0;
v000002016592dcf0_0 .net "alu_op", 1 0, L_0000020165cd85a0;  alias, 1 drivers
v000002016592cb70_0 .net "funct", 5 0, L_0000020165cd7880;  alias, 1 drivers
E_000002016591a000 .event anyedge, v000002016592dcf0_0, v000002016592cb70_0;
S_00000201658e5100 .scope module, "u_main_dec" "main_decoder" 4 24, 6 17 0, S_0000020165936b70;
 .timescale -9 -12;
    .port_info 0 /INPUT 6 "opcode";
    .port_info 1 /OUTPUT 1 "mem_to_reg";
    .port_info 2 /OUTPUT 1 "mem_write";
    .port_info 3 /OUTPUT 1 "branch";
    .port_info 4 /OUTPUT 1 "alu_src";
    .port_info 5 /OUTPUT 1 "reg_dst";
    .port_info 6 /OUTPUT 1 "reg_write";
    .port_info 7 /OUTPUT 1 "jump";
    .port_info 8 /OUTPUT 2 "alu_op";
v000002016592df70_0 .net *"_ivl_10", 8 0, L_0000020165cd7600;  1 drivers
v000002016592d750_0 .net "alu_op", 1 0, L_0000020165cd85a0;  alias, 1 drivers
v000002016592e0b0_0 .net "alu_src", 0 0, L_0000020165cd74c0;  alias, 1 drivers
v000002016592e6f0_0 .net "branch", 0 0, L_0000020165cd71a0;  alias, 1 drivers
v000002016592cc10_0 .var "controls", 9 0;
v000002016592e1f0_0 .net "jump", 0 0, L_0000020165cd7240;  alias, 1 drivers
v000002016592e290_0 .net "mem_to_reg", 0 0, L_0000020165cd7c40;  alias, 1 drivers
v000002016592e650_0 .net "mem_write", 0 0, L_0000020165cd8a00;  alias, 1 drivers
v000002016592e3d0_0 .net "opcode", 5 0, L_0000020165cd77e0;  alias, 1 drivers
v000002016592d7f0_0 .net "reg_dst", 0 0, L_0000020165cd9040;  alias, 1 drivers
v000002016592e150_0 .net "reg_write", 0 0, L_0000020165cd8fa0;  alias, 1 drivers
E_0000020165919cc0 .event anyedge, v000002016592e3d0_0;
L_0000020165cd8fa0 .part L_0000020165cd7600, 8, 1;
L_0000020165cd9040 .part L_0000020165cd7600, 7, 1;
L_0000020165cd74c0 .part L_0000020165cd7600, 6, 1;
L_0000020165cd71a0 .part L_0000020165cd7600, 5, 1;
L_0000020165cd8a00 .part L_0000020165cd7600, 4, 1;
L_0000020165cd7c40 .part L_0000020165cd7600, 3, 1;
L_0000020165cd7240 .part L_0000020165cd7600, 2, 1;
L_0000020165cd85a0 .part L_0000020165cd7600, 0, 2;
L_0000020165cd7600 .part v000002016592cc10_0, 0, 9;
S_00000201658e5290 .scope module, "u_data_mem" "data_memory" 3 87, 7 14 0, S_00000201658ff210;
 .timescale -9 -12;
    .port_info 0 /INPUT 1 "clk";
    .port_info 1 /INPUT 1 "rst_n";
    .port_info 2 /INPUT 1 "mem_write_en";
    .port_info 3 /INPUT 32 "addr";
    .port_info 4 /INPUT 32 "write_data";
    .port_info 5 /INPUT 8 "switches";
    .port_info 6 /OUTPUT 1 "pwm_out";
    .port_info 7 /OUTPUT 32 "read_data";
L_0000020165d33f70 .functor BUFZ 32, L_0000020165d38360, C4<00000000000000000000000000000000>, C4<00000000000000000000000000000000>, C4<00000000000000000000000000000000>;
v000002016592d390_0 .net *"_ivl_0", 31 0, L_0000020165d38360;  1 drivers
v000002016592db10_0 .net *"_ivl_3", 5 0, L_0000020165d3a700;  1 drivers
v000002016592cfd0_0 .net *"_ivl_4", 7 0, L_0000020165d38540;  1 drivers
L_0000020165cdb6d0 .functor BUFT 1, C4<00>, C4<0>, C4<0>, C4<0>;
v000002016592da70_0 .net *"_ivl_7", 1 0, L_0000020165cdb6d0;  1 drivers
v000002016592dd90_0 .net "addr", 31 0, L_0000020165d33410;  alias, 1 drivers
v000002016592d070_0 .net "clk", 0 0, v0000020165cd8140_0;  alias, 1 drivers
v000002016592d6b0_0 .net "mem_write_en", 0 0, L_0000020165d33f00;  alias, 1 drivers
v000002016592d1b0_0 .var "pwm_duty", 7 0;
v000002016592d250_0 .var "pwm_en", 0 0;
v000002016592d2f0_0 .net "pwm_out", 0 0, v000002016592ce90_0;  alias, 1 drivers
v000002016592d430 .array "ram", 63 0, 31 0;
v00000201659056d0_0 .net "ram_out", 31 0, L_0000020165d33f70;  1 drivers
v0000020165905770_0 .var "read_data", 31 0;
v0000020165905810_0 .net "rst_n", 0 0, v0000020165cd8460_0;  alias, 1 drivers
v0000020165905950_0 .net "switches", 7 0, v0000020165cd7560_0;  alias, 1 drivers
v00000201659059f0_0 .net "write_data", 31 0, L_0000020165d34050;  alias, 1 drivers
E_0000020165919880/0 .event anyedge, v000002016592dd90_0, v0000020165905950_0, v000002016592d610_0, v000002016592e5b0_0;
E_0000020165919880/1 .event anyedge, v00000201659056d0_0;
E_0000020165919880 .event/or E_0000020165919880/0, E_0000020165919880/1;
E_0000020165919980 .event posedge, v000002016592e470_0;
L_0000020165d38360 .array/port v000002016592d430, L_0000020165d38540;
L_0000020165d3a700 .part L_0000020165d33410, 2, 6;
L_0000020165d38540 .concat [ 6 2 0 0], L_0000020165d3a700, L_0000020165cdb6d0;
S_00000201658cde30 .scope module, "u_pwm" "pwm_controller" 7 37, 8 2 0, S_00000201658e5290;
 .timescale -9 -12;
    .port_info 0 /INPUT 1 "clk";
    .port_info 1 /INPUT 1 "rst_n";
    .port_info 2 /INPUT 1 "enable";
    .port_info 3 /INPUT 8 "duty_cycle";
    .port_info 4 /OUTPUT 1 "pwm_out";
v000002016592e470_0 .net "clk", 0 0, v0000020165cd8140_0;  alias, 1 drivers
v000002016592c8f0_0 .var "counter", 9 0;
v000002016592d610_0 .net "duty_cycle", 7 0, v000002016592d1b0_0;  1 drivers
v000002016592e5b0_0 .net "enable", 0 0, v000002016592d250_0;  1 drivers
v000002016592ce90_0 .var "pwm_out", 0 0;
v000002016592cf30_0 .net "rst_n", 0 0, v0000020165cd8460_0;  alias, 1 drivers
E_000002016591b300/0 .event negedge, v000002016592cf30_0;
E_000002016591b300/1 .event posedge, v000002016592e470_0;
E_000002016591b300 .event/or E_000002016591b300/0, E_000002016591b300/1;
S_00000201658cdfc0 .scope module, "u_datapath" "datapath" 3 64, 9 6 0, S_00000201658ff210;
 .timescale -9 -12;
    .port_info 0 /INPUT 1 "clk";
    .port_info 1 /INPUT 1 "rst_n";
    .port_info 2 /INPUT 1 "reg_write_D";
    .port_info 3 /INPUT 1 "mem_to_reg_D";
    .port_info 4 /INPUT 1 "mem_write_D";
    .port_info 5 /INPUT 3 "alu_ctrl_D";
    .port_info 6 /INPUT 1 "alu_src_D";
    .port_info 7 /INPUT 1 "reg_dst_D";
    .port_info 8 /INPUT 1 "branch_D";
    .port_info 9 /INPUT 1 "jump_D";
    .port_info 10 /INPUT 1 "stall_F";
    .port_info 11 /INPUT 1 "stall_D";
    .port_info 12 /INPUT 1 "flush_E";
    .port_info 13 /INPUT 2 "forward_a_E";
    .port_info 14 /INPUT 2 "forward_b_E";
    .port_info 15 /INPUT 2 "forward_a_D";
    .port_info 16 /INPUT 2 "forward_b_D";
    .port_info 17 /OUTPUT 5 "rs_D";
    .port_info 18 /OUTPUT 5 "rt_D";
    .port_info 19 /OUTPUT 5 "rs_E";
    .port_info 20 /OUTPUT 5 "rt_E";
    .port_info 21 /OUTPUT 5 "write_reg_E";
    .port_info 22 /OUTPUT 1 "reg_write_E";
    .port_info 23 /OUTPUT 5 "write_reg_M";
    .port_info 24 /OUTPUT 5 "write_reg_W";
    .port_info 25 /OUTPUT 1 "reg_write_M";
    .port_info 26 /OUTPUT 1 "reg_write_W";
    .port_info 27 /OUTPUT 1 "mem_to_reg_E";
    .port_info 28 /OUTPUT 1 "mem_to_reg_M";
    .port_info 29 /OUTPUT 1 "mem_write_M";
    .port_info 30 /OUTPUT 32 "alu_result_M";
    .port_info 31 /OUTPUT 32 "write_data_M";
    .port_info 32 /INPUT 32 "read_data_M";
    .port_info 33 /OUTPUT 32 "instr_D";
    .port_info 34 /OUTPUT 32 "pc_out";
    .port_info 35 /OUTPUT 32 "alu_result_out";
L_00000201658fdd50 .functor NOT 1, L_00000201658fdb20, C4<0>, C4<0>, C4<0>;
L_0000020165d33480 .functor BUFZ 32, v0000020165cce510_0, C4<00000000000000000000000000000000>, C4<00000000000000000000000000000000>, C4<00000000000000000000000000000000>;
L_0000020165d33a30 .functor NOT 1, v0000020165cd8140_0, C4<0>, C4<0>, C4<0>;
L_0000020165d33c60 .functor NOT 1, L_0000020165cda1f0, C4<0>, C4<0>, C4<0>;
L_0000020165d339c0 .functor AND 1, L_0000020165cd71a0, L_0000020165cda650, C4<1>, C4<1>;
L_0000020165d33720 .functor BUFZ 5, v0000020165cd2210_0, C4<00000>, C4<00000>, C4<00000>;
L_0000020165d332c0 .functor BUFZ 5, L_0000020165cda8d0, C4<00000>, C4<00000>, C4<00000>;
L_0000020165d33e20 .functor BUFZ 32, v0000020165cd1f60_0, C4<00000000000000000000000000000000>, C4<00000000000000000000000000000000>, C4<00000000000000000000000000000000>;
L_0000020165d33250 .functor BUFZ 1, v0000020165cd2c10_0, C4<0>, C4<0>, C4<0>;
L_0000020165d33f00 .functor BUFZ 1, v0000020165cd3ed0_0, C4<0>, C4<0>, C4<0>;
L_0000020165d33410 .functor BUFZ 32, v0000020165cd1f60_0, C4<00000000000000000000000000000000>, C4<00000000000000000000000000000000>, C4<00000000000000000000000000000000>;
L_0000020165d34050 .functor BUFZ 32, v0000020165cd3390_0, C4<00000000000000000000000000000000>, C4<00000000000000000000000000000000>, C4<00000000000000000000000000000000>;
L_0000020165d335d0 .functor BUFZ 5, v0000020165cd5120_0, C4<00000>, C4<00000>, C4<00000>;
L_0000020165d338e0 .functor BUFZ 1, v0000020165cd2d50_0, C4<0>, C4<0>, C4<0>;
L_0000020165d33800 .functor BUFZ 1, v0000020165cd2d50_0, C4<0>, C4<0>, C4<0>;
L_0000020165d33870 .functor BUFZ 5, v0000020165cd5120_0, C4<00000>, C4<00000>, C4<00000>;
L_0000020165d333a0 .functor BUFZ 32, L_0000020165cd91b0, C4<00000000000000000000000000000000>, C4<00000000000000000000000000000000>, C4<00000000000000000000000000000000>;
L_0000020165cdb1c0 .functor BUFT 1, C4<00>, C4<0>, C4<0>, C4<0>;
v0000020165ccf870_0 .net/2u *"_ivl_10", 1 0, L_0000020165cdb1c0;  1 drivers
v0000020165ccef10_0 .net *"_ivl_100", 0 0, L_0000020165cda290;  1 drivers
v0000020165ccfb90_0 .net *"_ivl_102", 31 0, L_0000020165cdabf0;  1 drivers
L_0000020165cdb5f8 .functor BUFT 1, C4<10>, C4<0>, C4<0>, C4<0>;
v0000020165ccff50_0 .net/2u *"_ivl_106", 1 0, L_0000020165cdb5f8;  1 drivers
v0000020165ccefb0_0 .net *"_ivl_108", 0 0, L_0000020165cda330;  1 drivers
L_0000020165cdb640 .functor BUFT 1, C4<01>, C4<0>, C4<0>, C4<0>;
v0000020165ccf050_0 .net/2u *"_ivl_110", 1 0, L_0000020165cdb640;  1 drivers
v0000020165cce290_0 .net *"_ivl_112", 0 0, L_0000020165cda5b0;  1 drivers
v0000020165cce3d0_0 .net *"_ivl_114", 31 0, L_0000020165cdaab0;  1 drivers
v0000020165cce470_0 .net *"_ivl_12", 31 0, L_0000020165cdae70;  1 drivers
v0000020165ccf230_0 .net *"_ivl_14", 31 0, L_0000020165cdab50;  1 drivers
L_0000020165cdb178 .functor BUFT 1, C4<00000000000000000000000000000100>, C4<0>, C4<0>, C4<0>;
v0000020165cce5b0_0 .net/2u *"_ivl_2", 31 0, L_0000020165cdb178;  1 drivers
v0000020165ccea10_0 .net *"_ivl_29", 0 0, L_0000020165cd9750;  1 drivers
v0000020165cceab0_0 .net *"_ivl_30", 15 0, L_0000020165cda150;  1 drivers
v0000020165cceb50_0 .net *"_ivl_33", 15 0, L_0000020165cd9610;  1 drivers
L_0000020165cdb3b8 .functor BUFT 1, C4<10>, C4<0>, C4<0>, C4<0>;
v0000020165ccf370_0 .net/2u *"_ivl_40", 1 0, L_0000020165cdb3b8;  1 drivers
v0000020165ccf190_0 .net *"_ivl_42", 0 0, L_0000020165cd9570;  1 drivers
L_0000020165cdb400 .functor BUFT 1, C4<01>, C4<0>, C4<0>, C4<0>;
v0000020165cd03e0_0 .net/2u *"_ivl_44", 1 0, L_0000020165cdb400;  1 drivers
v0000020165cd1b00_0 .net *"_ivl_46", 0 0, L_0000020165cd9e30;  1 drivers
v0000020165cd14c0_0 .net *"_ivl_48", 31 0, L_0000020165cd9250;  1 drivers
L_0000020165cdb448 .functor BUFT 1, C4<10>, C4<0>, C4<0>, C4<0>;
v0000020165cd1ba0_0 .net/2u *"_ivl_52", 1 0, L_0000020165cdb448;  1 drivers
v0000020165cd0200_0 .net *"_ivl_54", 0 0, L_0000020165cd96b0;  1 drivers
L_0000020165cdb490 .functor BUFT 1, C4<01>, C4<0>, C4<0>, C4<0>;
v0000020165cd1240_0 .net/2u *"_ivl_56", 1 0, L_0000020165cdb490;  1 drivers
v0000020165cd1ec0_0 .net *"_ivl_58", 0 0, L_0000020165cd97f0;  1 drivers
v0000020165cd0a20_0 .net *"_ivl_60", 31 0, L_0000020165cd9890;  1 drivers
v0000020165cd0660_0 .net *"_ivl_64", 31 0, L_0000020165cdad30;  1 drivers
v0000020165cd0700_0 .net *"_ivl_66", 29 0, L_0000020165cd99d0;  1 drivers
L_0000020165cdb4d8 .functor BUFT 1, C4<00>, C4<0>, C4<0>, C4<0>;
v0000020165cd07a0_0 .net *"_ivl_68", 1 0, L_0000020165cdb4d8;  1 drivers
v0000020165cd1d80_0 .net *"_ivl_7", 3 0, L_0000020165cda0b0;  1 drivers
v0000020165cd0980_0 .net *"_ivl_75", 5 0, L_0000020165cd9c50;  1 drivers
L_0000020165cdb520 .functor BUFT 1, C4<000101>, C4<0>, C4<0>, C4<0>;
v0000020165cd1c40_0 .net/2u *"_ivl_76", 5 0, L_0000020165cdb520;  1 drivers
v0000020165cd0840_0 .net *"_ivl_80", 0 0, L_0000020165d33c60;  1 drivers
v0000020165cd0de0_0 .net *"_ivl_82", 0 0, L_0000020165cda650;  1 drivers
v0000020165cd16a0_0 .net *"_ivl_9", 25 0, L_0000020165cdadd0;  1 drivers
L_0000020165cdb568 .functor BUFT 1, C4<10>, C4<0>, C4<0>, C4<0>;
v0000020165cd0340_0 .net/2u *"_ivl_94", 1 0, L_0000020165cdb568;  1 drivers
v0000020165cd1060_0 .net *"_ivl_96", 0 0, L_0000020165cd9ed0;  1 drivers
L_0000020165cdb5b0 .functor BUFT 1, C4<01>, C4<0>, C4<0>, C4<0>;
v0000020165cd12e0_0 .net/2u *"_ivl_98", 1 0, L_0000020165cdb5b0;  1 drivers
v0000020165cd1e20_0 .net "alu_ctrl_D", 2 0, v000002016592d4d0_0;  alias, 1 drivers
v0000020165cd02a0_0 .var "alu_ctrl_E", 2 0;
v0000020165cd2000_0 .net "alu_result_E", 31 0, v00000201658f7c50_0;  1 drivers
v0000020165cd05c0_0 .net "alu_result_M", 31 0, L_0000020165d33410;  alias, 1 drivers
v0000020165cd1f60_0 .var "alu_result_M_reg", 31 0;
v0000020165cd0160_0 .net "alu_result_M_wire", 31 0, L_0000020165d33e20;  1 drivers
v0000020165cd08e0_0 .var "alu_result_W", 31 0;
v0000020165cd1380_0 .net "alu_result_out", 31 0, L_0000020165d333a0;  alias, 1 drivers
v0000020165cd19c0_0 .net "alu_src_D", 0 0, L_0000020165cd74c0;  alias, 1 drivers
v0000020165cd1420_0 .var "alu_src_E", 0 0;
v0000020165cd0ac0_0 .net "bne_D", 0 0, L_0000020165cd9cf0;  1 drivers
v0000020165cd0e80_0 .net "branch_D", 0 0, L_0000020165cd71a0;  alias, 1 drivers
v0000020165cd1560_0 .net "clk", 0 0, v0000020165cd8140_0;  alias, 1 drivers
v0000020165cd1a60_0 .net "equal_D", 0 0, L_0000020165cda1f0;  1 drivers
v0000020165cd0b60_0 .net "flush_E", 0 0, L_00000201658fdc00;  alias, 1 drivers
v0000020165cd1600_0 .net "forward_a_D", 1 0, v0000020165cd49a0_0;  alias, 1 drivers
v0000020165cd0480_0 .net "forward_a_E", 1 0, v0000020165cd5c60_0;  alias, 1 drivers
v0000020165cd0c00_0 .net "forward_b_D", 1 0, v0000020165cd6020_0;  alias, 1 drivers
v0000020165cd0ca0_0 .net "forward_b_E", 1 0, v0000020165cd5580_0;  alias, 1 drivers
v0000020165cd0f20_0 .net "instr_D", 31 0, v0000020165cd17e0_0;  alias, 1 drivers
v0000020165cd17e0_0 .var "instr_D_reg", 31 0;
v0000020165cd11a0_0 .net "instr_F", 31 0, L_00000201658fcfc0;  1 drivers
v0000020165cd0520_0 .net "jump_D", 0 0, L_0000020165cd7240;  alias, 1 drivers
v0000020165cd0d40_0 .net "mem_to_reg_D", 0 0, L_0000020165cd7c40;  alias, 1 drivers
v0000020165cd0fc0_0 .net "mem_to_reg_E", 0 0, v0000020165cd1100_0;  alias, 1 drivers
v0000020165cd1100_0 .var "mem_to_reg_E_reg", 0 0;
v0000020165cd1740_0 .net "mem_to_reg_M", 0 0, v0000020165cd1880_0;  alias, 1 drivers
v0000020165cd1880_0 .var "mem_to_reg_M_reg", 0 0;
v0000020165cd1920_0 .var "mem_to_reg_W", 0 0;
v0000020165cd1ce0_0 .net "mem_write_D", 0 0, L_0000020165cd8a00;  alias, 1 drivers
v0000020165cd37f0_0 .var "mem_write_E", 0 0;
v0000020165cd3b10_0 .net "mem_write_M", 0 0, L_0000020165d33f00;  alias, 1 drivers
v0000020165cd3ed0_0 .var "mem_write_M_reg", 0 0;
v0000020165cd3c50_0 .net "pc_F", 31 0, v0000020165cce510_0;  1 drivers
v0000020165cd3930_0 .net "pc_branch_D", 31 0, L_0000020165cd9a70;  1 drivers
v0000020165cd3890_0 .net "pc_next_F", 31 0, L_0000020165cd9b10;  1 drivers
v0000020165cd2f30_0 .net "pc_out", 31 0, L_0000020165d33480;  alias, 1 drivers
v0000020165cd3110_0 .var "pc_plus4_D", 31 0;
v0000020165cd2fd0_0 .net "pc_plus4_F", 31 0, L_0000020165cda6f0;  1 drivers
v0000020165cd2530_0 .net "pc_src_D", 0 0, L_0000020165d339c0;  1 drivers
v0000020165cd3070_0 .net "rd1_D", 31 0, L_0000020165cda830;  1 drivers
v0000020165cd3d90_0 .var "rd1_E", 31 0;
v0000020165cd22b0_0 .net "rd2_D", 31 0, L_0000020165cd94d0;  1 drivers
v0000020165cd2350_0 .var "rd2_E", 31 0;
v0000020165cd2a30_0 .var "rd_E", 4 0;
v0000020165cd3430_0 .net "read_data_M", 31 0, v0000020165905770_0;  alias, 1 drivers
v0000020165cd2df0_0 .var "read_data_W", 31 0;
v0000020165cd3cf0_0 .net "reg_dst_D", 0 0, L_0000020165cd9040;  alias, 1 drivers
v0000020165cd23f0_0 .var "reg_dst_E", 0 0;
v0000020165cd3f70_0 .net "reg_write_D", 0 0, L_0000020165cd8fa0;  alias, 1 drivers
v0000020165cd2850_0 .net "reg_write_E", 0 0, v0000020165cd27b0_0;  alias, 1 drivers
v0000020165cd27b0_0 .var "reg_write_E_reg", 0 0;
v0000020165cd2490_0 .net "reg_write_M", 0 0, L_0000020165d33250;  alias, 1 drivers
v0000020165cd2c10_0 .var "reg_write_M_reg", 0 0;
v0000020165cd2b70_0 .net "reg_write_W", 0 0, L_0000020165d338e0;  alias, 1 drivers
v0000020165cd2d50_0 .var "reg_write_W_reg", 0 0;
v0000020165cd3a70_0 .net "reg_write_W_wire", 0 0, L_0000020165d33800;  1 drivers
v0000020165cd3e30_0 .net "result_W", 31 0, L_0000020165cd91b0;  1 drivers
v0000020165cd2cb0_0 .net "rs_D", 4 0, L_0000020165cd9f70;  alias, 1 drivers
v0000020165cd4010_0 .net "rs_E", 4 0, L_0000020165d33720;  alias, 1 drivers
v0000020165cd2210_0 .var "rs_E_reg", 4 0;
v0000020165cd34d0_0 .net "rst_n", 0 0, v0000020165cd8460_0;  alias, 1 drivers
v0000020165cd25d0_0 .net "rt_D", 4 0, L_0000020165cda510;  alias, 1 drivers
v0000020165cd2710_0 .net "rt_E", 4 0, v0000020165cd39d0_0;  alias, 1 drivers
v0000020165cd39d0_0 .var "rt_E_reg", 4 0;
v0000020165cd3bb0_0 .net "sign_imm_D", 31 0, L_0000020165cd9930;  1 drivers
v0000020165cd28f0_0 .var "sign_imm_E", 31 0;
v0000020165cd2170_0 .net "src_a_D", 31 0, L_0000020165cdaa10;  1 drivers
v0000020165cd2670_0 .net "src_a_E_final", 31 0, L_0000020165cdafb0;  1 drivers
v0000020165cd2990_0 .net "src_b_D", 31 0, L_0000020165cda010;  1 drivers
v0000020165cd31b0_0 .net "src_b_E_final", 31 0, L_0000020165cda790;  1 drivers
v0000020165cd2e90_0 .net "src_b_E_temp", 31 0, L_0000020165cdb050;  1 drivers
v0000020165cd2ad0_0 .net "stall_D", 0 0, L_00000201658fde30;  alias, 1 drivers
v0000020165cd3250_0 .net "stall_F", 0 0, L_00000201658fdb20;  alias, 1 drivers
v0000020165cd32f0_0 .net "write_data_M", 31 0, L_0000020165d34050;  alias, 1 drivers
v0000020165cd3390_0 .var "write_data_M_reg", 31 0;
v0000020165cd3570_0 .net "write_reg_E", 4 0, L_0000020165d332c0;  alias, 1 drivers
v0000020165cd3610_0 .net "write_reg_E_wire", 4 0, L_0000020165cda8d0;  1 drivers
v0000020165cd36b0_0 .net "write_reg_M", 4 0, v0000020165cd3750_0;  alias, 1 drivers
v0000020165cd3750_0 .var "write_reg_M_reg", 4 0;
v0000020165cd5da0_0 .net "write_reg_W", 4 0, L_0000020165d335d0;  alias, 1 drivers
v0000020165cd5120_0 .var "write_reg_W_reg", 4 0;
v0000020165cd59e0_0 .net "write_reg_W_wire", 4 0, L_0000020165d33870;  1 drivers
v0000020165cd4e00_0 .net "zero_E", 0 0, L_0000020165cdac90;  1 drivers
L_0000020165cda6f0 .arith/sum 32, v0000020165cce510_0, L_0000020165cdb178;
L_0000020165cda0b0 .part v0000020165cd3110_0, 28, 4;
L_0000020165cdadd0 .part v0000020165cd17e0_0, 0, 26;
L_0000020165cdae70 .concat [ 2 26 4 0], L_0000020165cdb1c0, L_0000020165cdadd0, L_0000020165cda0b0;
L_0000020165cdab50 .functor MUXZ 32, L_0000020165cda6f0, L_0000020165cdae70, L_0000020165cd7240, C4<>;
L_0000020165cd9b10 .functor MUXZ 32, L_0000020165cdab50, L_0000020165cd9a70, L_0000020165d339c0, C4<>;
L_0000020165cda470 .part v0000020165cd17e0_0, 21, 5;
L_0000020165cd9d90 .part v0000020165cd17e0_0, 16, 5;
L_0000020165cd9750 .part v0000020165cd17e0_0, 15, 1;
LS_0000020165cda150_0_0 .concat [ 1 1 1 1], L_0000020165cd9750, L_0000020165cd9750, L_0000020165cd9750, L_0000020165cd9750;
LS_0000020165cda150_0_4 .concat [ 1 1 1 1], L_0000020165cd9750, L_0000020165cd9750, L_0000020165cd9750, L_0000020165cd9750;
LS_0000020165cda150_0_8 .concat [ 1 1 1 1], L_0000020165cd9750, L_0000020165cd9750, L_0000020165cd9750, L_0000020165cd9750;
LS_0000020165cda150_0_12 .concat [ 1 1 1 1], L_0000020165cd9750, L_0000020165cd9750, L_0000020165cd9750, L_0000020165cd9750;
L_0000020165cda150 .concat [ 4 4 4 4], LS_0000020165cda150_0_0, LS_0000020165cda150_0_4, LS_0000020165cda150_0_8, LS_0000020165cda150_0_12;
L_0000020165cd9610 .part v0000020165cd17e0_0, 0, 16;
L_0000020165cd9930 .concat [ 16 16 0 0], L_0000020165cd9610, L_0000020165cda150;
L_0000020165cd9f70 .part v0000020165cd17e0_0, 21, 5;
L_0000020165cda510 .part v0000020165cd17e0_0, 16, 5;
L_0000020165cd9570 .cmp/eq 2, v0000020165cd49a0_0, L_0000020165cdb3b8;
L_0000020165cd9e30 .cmp/eq 2, v0000020165cd49a0_0, L_0000020165cdb400;
L_0000020165cd9250 .functor MUXZ 32, L_0000020165cda830, L_0000020165cd91b0, L_0000020165cd9e30, C4<>;
L_0000020165cdaa10 .functor MUXZ 32, L_0000020165cd9250, L_0000020165d33e20, L_0000020165cd9570, C4<>;
L_0000020165cd96b0 .cmp/eq 2, v0000020165cd6020_0, L_0000020165cdb448;
L_0000020165cd97f0 .cmp/eq 2, v0000020165cd6020_0, L_0000020165cdb490;
L_0000020165cd9890 .functor MUXZ 32, L_0000020165cd94d0, L_0000020165cd91b0, L_0000020165cd97f0, C4<>;
L_0000020165cda010 .functor MUXZ 32, L_0000020165cd9890, L_0000020165d33e20, L_0000020165cd96b0, C4<>;
L_0000020165cd99d0 .part L_0000020165cd9930, 0, 30;
L_0000020165cdad30 .concat [ 2 30 0 0], L_0000020165cdb4d8, L_0000020165cd99d0;
L_0000020165cd9a70 .arith/sum 32, v0000020165cd3110_0, L_0000020165cdad30;
L_0000020165cda1f0 .cmp/eq 32, L_0000020165cdaa10, L_0000020165cda010;
L_0000020165cd9c50 .part v0000020165cd17e0_0, 26, 6;
L_0000020165cd9cf0 .cmp/eq 6, L_0000020165cd9c50, L_0000020165cdb520;
L_0000020165cda650 .functor MUXZ 1, L_0000020165cda1f0, L_0000020165d33c60, L_0000020165cd9cf0, C4<>;
L_0000020165cd9ed0 .cmp/eq 2, v0000020165cd5c60_0, L_0000020165cdb568;
L_0000020165cda290 .cmp/eq 2, v0000020165cd5c60_0, L_0000020165cdb5b0;
L_0000020165cdabf0 .functor MUXZ 32, v0000020165cd3d90_0, L_0000020165cd91b0, L_0000020165cda290, C4<>;
L_0000020165cdafb0 .functor MUXZ 32, L_0000020165cdabf0, L_0000020165d33e20, L_0000020165cd9ed0, C4<>;
L_0000020165cda330 .cmp/eq 2, v0000020165cd5580_0, L_0000020165cdb5f8;
L_0000020165cda5b0 .cmp/eq 2, v0000020165cd5580_0, L_0000020165cdb640;
L_0000020165cdaab0 .functor MUXZ 32, v0000020165cd2350_0, L_0000020165cd91b0, L_0000020165cda5b0, C4<>;
L_0000020165cdb050 .functor MUXZ 32, L_0000020165cdaab0, L_0000020165d33e20, L_0000020165cda330, C4<>;
L_0000020165cda790 .functor MUXZ 32, L_0000020165cdb050, v0000020165cd28f0_0, v0000020165cd1420_0, C4<>;
L_0000020165cda8d0 .functor MUXZ 5, v0000020165cd39d0_0, v0000020165cd2a30_0, v0000020165cd23f0_0, C4<>;
L_0000020165cd91b0 .functor MUXZ 32, v0000020165cd08e0_0, v0000020165cd2df0_0, v0000020165cd1920_0, C4<>;
S_00000201657c6bd0 .scope module, "u_alu" "alu" 9 134, 10 2 0, S_00000201658cdfc0;
 .timescale -9 -12;
    .port_info 0 /INPUT 32 "src_a";
    .port_info 1 /INPUT 32 "src_b";
    .port_info 2 /INPUT 3 "alu_ctrl";
    .port_info 3 /OUTPUT 32 "result";
    .port_info 4 /OUTPUT 1 "zero";
L_0000020165cdb688 .functor BUFT 1, C4<00000000000000000000000000000000>, C4<0>, C4<0>, C4<0>;
v0000020165905a90_0 .net/2u *"_ivl_0", 31 0, L_0000020165cdb688;  1 drivers
v00000201658f8970_0 .net "alu_ctrl", 2 0, v0000020165cd02a0_0;  1 drivers
v00000201658f7c50_0 .var "result", 31 0;
v0000020165ccebf0_0 .net "src_a", 31 0, L_0000020165cdafb0;  alias, 1 drivers
v0000020165ccf690_0 .net "src_b", 31 0, L_0000020165cda790;  alias, 1 drivers
v0000020165ccf4b0_0 .net "zero", 0 0, L_0000020165cdac90;  alias, 1 drivers
E_000002016591a740 .event anyedge, v00000201658f8970_0, v0000020165ccebf0_0, v0000020165ccf690_0;
L_0000020165cdac90 .cmp/eq 32, v00000201658f7c50_0, L_0000020165cdb688;
S_00000201657ce5f0 .scope module, "u_imem" "instruction_memory" 9 52, 11 2 0, S_00000201658cdfc0;
 .timescale -9 -12;
    .port_info 0 /INPUT 32 "addr";
    .port_info 1 /OUTPUT 32 "rd";
P_0000020165934410 .param/l "DEPTH" 0 11 4, +C4<00000000000000000000000100000000>;
P_0000020165934448 .param/l "WIDTH" 0 11 3, +C4<00000000000000000000000000100000>;
L_00000201658fcfc0 .functor BUFZ 32, L_0000020165cd88c0, C4<00000000000000000000000000000000>, C4<00000000000000000000000000000000>, C4<00000000000000000000000000000000>;
v0000020165cce650_0 .net *"_ivl_0", 31 0, L_0000020165cd88c0;  1 drivers
v0000020165ccfe10_0 .net *"_ivl_3", 29 0, L_0000020165cda3d0;  1 drivers
v0000020165cce8d0_0 .net "addr", 31 0, v0000020165cce510_0;  alias, 1 drivers
v0000020165ccfc30 .array "ram", 255 0, 31 0;
v0000020165cce830_0 .net "rd", 31 0, L_00000201658fcfc0;  alias, 1 drivers
L_0000020165cd88c0 .array/port v0000020165ccfc30, L_0000020165cda3d0;
L_0000020165cda3d0 .part v0000020165cce510_0, 2, 30;
S_00000201657ce780 .scope module, "u_pc" "pc" 9 51, 12 2 0, S_00000201658cdfc0;
 .timescale -9 -12;
    .port_info 0 /INPUT 1 "clk";
    .port_info 1 /INPUT 1 "rst_n";
    .port_info 2 /INPUT 1 "en";
    .port_info 3 /INPUT 32 "pc_next";
    .port_info 4 /OUTPUT 32 "pc";
v0000020165cce330_0 .net "clk", 0 0, v0000020165cd8140_0;  alias, 1 drivers
v0000020165ccf730_0 .net "en", 0 0, L_00000201658fdd50;  1 drivers
v0000020165cce510_0 .var "pc", 31 0;
v0000020165cce1f0_0 .net "pc_next", 31 0, L_0000020165cd9b10;  alias, 1 drivers
v0000020165ccf0f0_0 .net "rst_n", 0 0, v0000020165cd8460_0;  alias, 1 drivers
S_00000201658a1ed0 .scope module, "u_reg_file" "reg_file" 9 77, 13 2 0, S_00000201658cdfc0;
 .timescale -9 -12;
    .port_info 0 /INPUT 1 "clk";
    .port_info 1 /INPUT 1 "we3";
    .port_info 2 /INPUT 5 "wa3";
    .port_info 3 /INPUT 32 "wd3";
    .port_info 4 /INPUT 5 "ra1";
    .port_info 5 /INPUT 5 "ra2";
    .port_info 6 /OUTPUT 32 "rd1";
    .port_info 7 /OUTPUT 32 "rd2";
L_0000020165cdb208 .functor BUFT 1, C4<00000>, C4<0>, C4<0>, C4<0>;
v0000020165ccfa50_0 .net/2u *"_ivl_0", 4 0, L_0000020165cdb208;  1 drivers
L_0000020165cdb298 .functor BUFT 1, C4<00>, C4<0>, C4<0>, C4<0>;
v0000020165ccf910_0 .net *"_ivl_11", 1 0, L_0000020165cdb298;  1 drivers
L_0000020165cdb2e0 .functor BUFT 1, C4<00000>, C4<0>, C4<0>, C4<0>;
v0000020165ccfff0_0 .net/2u *"_ivl_14", 4 0, L_0000020165cdb2e0;  1 drivers
v0000020165ccf9b0_0 .net *"_ivl_16", 0 0, L_0000020165cdaf10;  1 drivers
L_0000020165cdb328 .functor BUFT 1, C4<00000000000000000000000000000000>, C4<0>, C4<0>, C4<0>;
v0000020165ccf410_0 .net/2u *"_ivl_18", 31 0, L_0000020165cdb328;  1 drivers
v0000020165cce6f0_0 .net *"_ivl_2", 0 0, L_0000020165cd92f0;  1 drivers
v0000020165ccfcd0_0 .net *"_ivl_20", 31 0, L_0000020165cd9430;  1 drivers
v0000020165cce150_0 .net *"_ivl_22", 6 0, L_0000020165cd9bb0;  1 drivers
L_0000020165cdb370 .functor BUFT 1, C4<00>, C4<0>, C4<0>, C4<0>;
v0000020165cced30_0 .net *"_ivl_25", 1 0, L_0000020165cdb370;  1 drivers
L_0000020165cdb250 .functor BUFT 1, C4<00000000000000000000000000000000>, C4<0>, C4<0>, C4<0>;
v0000020165ccfd70_0 .net/2u *"_ivl_4", 31 0, L_0000020165cdb250;  1 drivers
v0000020165ccfaf0_0 .net *"_ivl_6", 31 0, L_0000020165cda970;  1 drivers
v0000020165ccf7d0_0 .net *"_ivl_8", 6 0, L_0000020165cd9390;  1 drivers
v0000020165cce970_0 .net "clk", 0 0, L_0000020165d33a30;  1 drivers
v0000020165ccf2d0_0 .net "ra1", 4 0, L_0000020165cda470;  1 drivers
v0000020165cce790_0 .net "ra2", 4 0, L_0000020165cd9d90;  1 drivers
v0000020165ccedd0_0 .net "rd1", 31 0, L_0000020165cda830;  alias, 1 drivers
v0000020165ccf550_0 .net "rd2", 31 0, L_0000020165cd94d0;  alias, 1 drivers
v0000020165ccf5f0 .array "rf", 0 31, 31 0;
v0000020165ccec90_0 .net "wa3", 4 0, L_0000020165d33870;  alias, 1 drivers
v0000020165ccee70_0 .net "wd3", 31 0, L_0000020165cd91b0;  alias, 1 drivers
v0000020165ccfeb0_0 .net "we3", 0 0, L_0000020165d33800;  alias, 1 drivers
E_000002016591aa80 .event posedge, v0000020165cce970_0;
L_0000020165cd92f0 .cmp/eq 5, L_0000020165cda470, L_0000020165cdb208;
L_0000020165cda970 .array/port v0000020165ccf5f0, L_0000020165cd9390;
L_0000020165cd9390 .concat [ 5 2 0 0], L_0000020165cda470, L_0000020165cdb298;
L_0000020165cda830 .functor MUXZ 32, L_0000020165cda970, L_0000020165cdb250, L_0000020165cd92f0, C4<>;
L_0000020165cdaf10 .cmp/eq 5, L_0000020165cd9d90, L_0000020165cdb2e0;
L_0000020165cd9430 .array/port v0000020165ccf5f0, L_0000020165cd9bb0;
L_0000020165cd9bb0 .concat [ 5 2 0 0], L_0000020165cd9d90, L_0000020165cdb370;
L_0000020165cd94d0 .functor MUXZ 32, L_0000020165cd9430, L_0000020165cdb328, L_0000020165cdaf10, C4<>;
S_00000201658a2060 .scope module, "u_hazard" "hazard_unit" 3 51, 14 15 0, S_00000201658ff210;
 .timescale -9 -12;
    .port_info 0 /INPUT 5 "rs_E";
    .port_info 1 /INPUT 5 "rt_E";
    .port_info 2 /INPUT 5 "write_reg_E";
    .port_info 3 /INPUT 1 "reg_write_E";
    .port_info 4 /INPUT 1 "mem_to_reg_E";
    .port_info 5 /INPUT 5 "write_reg_M";
    .port_info 6 /INPUT 1 "reg_write_M";
    .port_info 7 /INPUT 1 "mem_to_reg_M";
    .port_info 8 /INPUT 5 "write_reg_W";
    .port_info 9 /INPUT 1 "reg_write_W";
    .port_info 10 /INPUT 5 "rs_D";
    .port_info 11 /INPUT 5 "rt_D";
    .port_info 12 /INPUT 1 "branch_D";
    .port_info 13 /OUTPUT 2 "forward_a_E";
    .port_info 14 /OUTPUT 2 "forward_b_E";
    .port_info 15 /OUTPUT 2 "forward_a_D";
    .port_info 16 /OUTPUT 2 "forward_b_D";
    .port_info 17 /OUTPUT 1 "stall_F";
    .port_info 18 /OUTPUT 1 "stall_D";
    .port_info 19 /OUTPUT 1 "flush_E";
L_00000201658fd8f0 .functor OR 1, L_0000020165cd72e0, L_0000020165cd79c0, C4<0>, C4<0>;
L_00000201658fd3b0 .functor AND 1, v0000020165cd1100_0, L_00000201658fd8f0, C4<1>, C4<1>;
L_00000201658fd2d0 .functor OR 1, L_0000020165cd7d80, L_0000020165cd8640, C4<0>, C4<0>;
L_00000201658fd500 .functor AND 1, v0000020165cd27b0_0, L_00000201658fd2d0, C4<1>, C4<1>;
L_00000201658fd420 .functor OR 1, L_0000020165cd80a0, L_0000020165cd8820, C4<0>, C4<0>;
L_00000201658fdab0 .functor AND 1, v0000020165cd1880_0, L_00000201658fd420, C4<1>, C4<1>;
L_00000201658fdce0 .functor OR 1, L_00000201658fd500, L_00000201658fdab0, C4<0>, C4<0>;
L_00000201658fddc0 .functor AND 1, L_0000020165cd71a0, L_00000201658fdce0, C4<1>, C4<1>;
L_00000201658fdb20 .functor OR 1, L_00000201658fd3b0, L_00000201658fddc0, C4<0>, C4<0>;
L_00000201658fde30 .functor OR 1, L_00000201658fd3b0, L_00000201658fddc0, C4<0>, C4<0>;
L_00000201658fdc00 .functor OR 1, L_00000201658fd3b0, L_00000201658fddc0, C4<0>, C4<0>;
v0000020165cd4400_0 .net *"_ivl_0", 0 0, L_0000020165cd72e0;  1 drivers
v0000020165cd5940_0 .net *"_ivl_10", 0 0, L_0000020165cd8640;  1 drivers
v0000020165cd54e0_0 .net *"_ivl_13", 0 0, L_00000201658fd2d0;  1 drivers
v0000020165cd5b20_0 .net *"_ivl_15", 0 0, L_00000201658fd500;  1 drivers
v0000020165cd56c0_0 .net *"_ivl_16", 0 0, L_0000020165cd80a0;  1 drivers
v0000020165cd5260_0 .net *"_ivl_18", 0 0, L_0000020165cd8820;  1 drivers
v0000020165cd5e40_0 .net *"_ivl_2", 0 0, L_0000020165cd79c0;  1 drivers
v0000020165cd5ee0_0 .net *"_ivl_21", 0 0, L_00000201658fd420;  1 drivers
v0000020165cd4680_0 .net *"_ivl_23", 0 0, L_00000201658fdab0;  1 drivers
v0000020165cd44a0_0 .net *"_ivl_25", 0 0, L_00000201658fdce0;  1 drivers
v0000020165cd4720_0 .net *"_ivl_5", 0 0, L_00000201658fd8f0;  1 drivers
v0000020165cd5300_0 .net *"_ivl_8", 0 0, L_0000020165cd7d80;  1 drivers
v0000020165cd5f80_0 .net "branch_D", 0 0, L_0000020165cd71a0;  alias, 1 drivers
v0000020165cd4ae0_0 .net "branchstall", 0 0, L_00000201658fddc0;  1 drivers
v0000020165cd53a0_0 .net "flush_E", 0 0, L_00000201658fdc00;  alias, 1 drivers
v0000020165cd49a0_0 .var "forward_a_D", 1 0;
v0000020165cd5c60_0 .var "forward_a_E", 1 0;
v0000020165cd6020_0 .var "forward_b_D", 1 0;
v0000020165cd5580_0 .var "forward_b_E", 1 0;
v0000020165cd51c0_0 .net "lwstall", 0 0, L_00000201658fd3b0;  1 drivers
v0000020165cd4360_0 .net "mem_to_reg_E", 0 0, v0000020165cd1100_0;  alias, 1 drivers
v0000020165cd5620_0 .net "mem_to_reg_M", 0 0, v0000020165cd1880_0;  alias, 1 drivers
v0000020165cd4220_0 .net "reg_write_E", 0 0, v0000020165cd27b0_0;  alias, 1 drivers
v0000020165cd4180_0 .net "reg_write_M", 0 0, L_0000020165d33250;  alias, 1 drivers
v0000020165cd47c0_0 .net "reg_write_W", 0 0, L_0000020165d338e0;  alias, 1 drivers
v0000020165cd5bc0_0 .net "rs_D", 4 0, L_0000020165cd9f70;  alias, 1 drivers
v0000020165cd42c0_0 .net "rs_E", 4 0, L_0000020165d33720;  alias, 1 drivers
v0000020165cd4540_0 .net "rt_D", 4 0, L_0000020165cda510;  alias, 1 drivers
v0000020165cd5080_0 .net "rt_E", 4 0, v0000020165cd39d0_0;  alias, 1 drivers
v0000020165cd4a40_0 .net "stall_D", 0 0, L_00000201658fde30;  alias, 1 drivers
v0000020165cd5d00_0 .net "stall_F", 0 0, L_00000201658fdb20;  alias, 1 drivers
v0000020165cd45e0_0 .net "write_reg_E", 4 0, L_0000020165d332c0;  alias, 1 drivers
v0000020165cd4860_0 .net "write_reg_M", 4 0, v0000020165cd3750_0;  alias, 1 drivers
v0000020165cd4fe0_0 .net "write_reg_W", 4 0, L_0000020165d335d0;  alias, 1 drivers
E_000002016591a6c0/0 .event anyedge, v0000020165cd2490_0, v0000020165cd36b0_0, v0000020165cd2cb0_0, v0000020165cd2b70_0;
E_000002016591a6c0/1 .event anyedge, v0000020165cd5da0_0, v0000020165cd25d0_0;
E_000002016591a6c0 .event/or E_000002016591a6c0/0, E_000002016591a6c0/1;
E_000002016591ae40/0 .event anyedge, v0000020165cd2490_0, v0000020165cd36b0_0, v0000020165cd4010_0, v0000020165cd2b70_0;
E_000002016591ae40/1 .event anyedge, v0000020165cd5da0_0, v0000020165cd2710_0;
E_000002016591ae40 .event/or E_000002016591ae40/0, E_000002016591ae40/1;
L_0000020165cd72e0 .cmp/eq 5, L_0000020165d332c0, L_0000020165cd9f70;
L_0000020165cd79c0 .cmp/eq 5, L_0000020165d332c0, L_0000020165cda510;
L_0000020165cd7d80 .cmp/eq 5, L_0000020165d332c0, L_0000020165cd9f70;
L_0000020165cd8640 .cmp/eq 5, L_0000020165d332c0, L_0000020165cda510;
L_0000020165cd80a0 .cmp/eq 5, v0000020165cd3750_0, L_0000020165cd9f70;
L_0000020165cd8820 .cmp/eq 5, v0000020165cd3750_0, L_0000020165cda510;
    .scope S_00000201658e5100;
T_0 ;
    %wait E_0000020165919cc0;
    %load/vec4 v000002016592e3d0_0;
    %dup/vec4;
    %pushi/vec4 0, 0, 6;
    %cmp/u;
    %jmp/1 T_0.0, 6;
    %dup/vec4;
    %pushi/vec4 35, 0, 6;
    %cmp/u;
    %jmp/1 T_0.1, 6;
    %dup/vec4;
    %pushi/vec4 43, 0, 6;
    %cmp/u;
    %jmp/1 T_0.2, 6;
    %dup/vec4;
    %pushi/vec4 4, 0, 6;
    %cmp/u;
    %jmp/1 T_0.3, 6;
    %dup/vec4;
    %pushi/vec4 5, 0, 6;
    %cmp/u;
    %jmp/1 T_0.4, 6;
    %dup/vec4;
    %pushi/vec4 8, 0, 6;
    %cmp/u;
    %jmp/1 T_0.5, 6;
    %dup/vec4;
    %pushi/vec4 2, 0, 6;
    %cmp/u;
    %jmp/1 T_0.6, 6;
    %pushi/vec4 0, 0, 10;
    %store/vec4 v000002016592cc10_0, 0, 10;
    %jmp T_0.8;
T_0.0 ;
    %pushi/vec4 386, 0, 10;
    %store/vec4 v000002016592cc10_0, 0, 10;
    %jmp T_0.8;
T_0.1 ;
    %pushi/vec4 328, 0, 10;
    %store/vec4 v000002016592cc10_0, 0, 10;
    %jmp T_0.8;
T_0.2 ;
    %pushi/vec4 80, 0, 10;
    %store/vec4 v000002016592cc10_0, 0, 10;
    %jmp T_0.8;
T_0.3 ;
    %pushi/vec4 33, 0, 10;
    %store/vec4 v000002016592cc10_0, 0, 10;
    %jmp T_0.8;
T_0.4 ;
    %pushi/vec4 33, 0, 10;
    %store/vec4 v000002016592cc10_0, 0, 10;
    %jmp T_0.8;
T_0.5 ;
    %pushi/vec4 320, 0, 10;
    %store/vec4 v000002016592cc10_0, 0, 10;
    %jmp T_0.8;
T_0.6 ;
    %pushi/vec4 4, 0, 10;
    %store/vec4 v000002016592cc10_0, 0, 10;
    %jmp T_0.8;
T_0.8 ;
    %pop/vec4 1;
    %jmp T_0;
    .thread T_0, $push;
    .scope S_0000020165936d00;
T_1 ;
    %wait E_000002016591a000;
    %load/vec4 v000002016592dcf0_0;
    %dup/vec4;
    %pushi/vec4 0, 0, 2;
    %cmp/u;
    %jmp/1 T_1.0, 6;
    %dup/vec4;
    %pushi/vec4 1, 0, 2;
    %cmp/u;
    %jmp/1 T_1.1, 6;
    %dup/vec4;
    %pushi/vec4 2, 0, 2;
    %cmp/u;
    %jmp/1 T_1.2, 6;
    %pushi/vec4 0, 0, 3;
    %store/vec4 v000002016592d4d0_0, 0, 3;
    %jmp T_1.4;
T_1.0 ;
    %pushi/vec4 2, 0, 3;
    %store/vec4 v000002016592d4d0_0, 0, 3;
    %jmp T_1.4;
T_1.1 ;
    %pushi/vec4 6, 0, 3;
    %store/vec4 v000002016592d4d0_0, 0, 3;
    %jmp T_1.4;
T_1.2 ;
    %load/vec4 v000002016592cb70_0;
    %dup/vec4;
    %pushi/vec4 32, 0, 6;
    %cmp/u;
    %jmp/1 T_1.5, 6;
    %dup/vec4;
    %pushi/vec4 34, 0, 6;
    %cmp/u;
    %jmp/1 T_1.6, 6;
    %dup/vec4;
    %pushi/vec4 36, 0, 6;
    %cmp/u;
    %jmp/1 T_1.7, 6;
    %dup/vec4;
    %pushi/vec4 37, 0, 6;
    %cmp/u;
    %jmp/1 T_1.8, 6;
    %dup/vec4;
    %pushi/vec4 42, 0, 6;
    %cmp/u;
    %jmp/1 T_1.9, 6;
    %pushi/vec4 2, 0, 3;
    %store/vec4 v000002016592d4d0_0, 0, 3;
    %jmp T_1.11;
T_1.5 ;
    %pushi/vec4 2, 0, 3;
    %store/vec4 v000002016592d4d0_0, 0, 3;
    %jmp T_1.11;
T_1.6 ;
    %pushi/vec4 6, 0, 3;
    %store/vec4 v000002016592d4d0_0, 0, 3;
    %jmp T_1.11;
T_1.7 ;
    %pushi/vec4 0, 0, 3;
    %store/vec4 v000002016592d4d0_0, 0, 3;
    %jmp T_1.11;
T_1.8 ;
    %pushi/vec4 1, 0, 3;
    %store/vec4 v000002016592d4d0_0, 0, 3;
    %jmp T_1.11;
T_1.9 ;
    %pushi/vec4 7, 0, 3;
    %store/vec4 v000002016592d4d0_0, 0, 3;
    %jmp T_1.11;
T_1.11 ;
    %pop/vec4 1;
    %jmp T_1.4;
T_1.4 ;
    %pop/vec4 1;
    %jmp T_1;
    .thread T_1, $push;
    .scope S_00000201658a2060;
T_2 ;
    %wait E_000002016591ae40;
    %load/vec4 v0000020165cd4180_0;
    %flag_set/vec4 10;
    %flag_get/vec4 10;
    %jmp/0 T_2.3, 10;
    %load/vec4 v0000020165cd4860_0;
    %pad/u 32;
    %pushi/vec4 0, 0, 32;
    %cmp/ne;
    %flag_get/vec4 4;
    %and;
T_2.3;
    %flag_set/vec4 9;
    %flag_get/vec4 9;
    %jmp/0 T_2.2, 9;
    %load/vec4 v0000020165cd4860_0;
    %load/vec4 v0000020165cd42c0_0;
    %cmp/e;
    %flag_get/vec4 4;
    %and;
T_2.2;
    %flag_set/vec4 8;
    %jmp/0xz  T_2.0, 8;
    %pushi/vec4 2, 0, 2;
    %store/vec4 v0000020165cd5c60_0, 0, 2;
    %jmp T_2.1;
T_2.0 ;
    %load/vec4 v0000020165cd47c0_0;
    %flag_set/vec4 10;
    %flag_get/vec4 10;
    %jmp/0 T_2.7, 10;
    %load/vec4 v0000020165cd4fe0_0;
    %pad/u 32;
    %pushi/vec4 0, 0, 32;
    %cmp/ne;
    %flag_get/vec4 4;
    %and;
T_2.7;
    %flag_set/vec4 9;
    %flag_get/vec4 9;
    %jmp/0 T_2.6, 9;
    %load/vec4 v0000020165cd4fe0_0;
    %load/vec4 v0000020165cd42c0_0;
    %cmp/e;
    %flag_get/vec4 4;
    %and;
T_2.6;
    %flag_set/vec4 8;
    %jmp/0xz  T_2.4, 8;
    %pushi/vec4 1, 0, 2;
    %store/vec4 v0000020165cd5c60_0, 0, 2;
    %jmp T_2.5;
T_2.4 ;
    %pushi/vec4 0, 0, 2;
    %store/vec4 v0000020165cd5c60_0, 0, 2;
T_2.5 ;
T_2.1 ;
    %load/vec4 v0000020165cd4180_0;
    %flag_set/vec4 10;
    %flag_get/vec4 10;
    %jmp/0 T_2.11, 10;
    %load/vec4 v0000020165cd4860_0;
    %pad/u 32;
    %pushi/vec4 0, 0, 32;
    %cmp/ne;
    %flag_get/vec4 4;
    %and;
T_2.11;
    %flag_set/vec4 9;
    %flag_get/vec4 9;
    %jmp/0 T_2.10, 9;
    %load/vec4 v0000020165cd4860_0;
    %load/vec4 v0000020165cd5080_0;
    %cmp/e;
    %flag_get/vec4 4;
    %and;
T_2.10;
    %flag_set/vec4 8;
    %jmp/0xz  T_2.8, 8;
    %pushi/vec4 2, 0, 2;
    %store/vec4 v0000020165cd5580_0, 0, 2;
    %jmp T_2.9;
T_2.8 ;
    %load/vec4 v0000020165cd47c0_0;
    %flag_set/vec4 10;
    %flag_get/vec4 10;
    %jmp/0 T_2.15, 10;
    %load/vec4 v0000020165cd4fe0_0;
    %pad/u 32;
    %pushi/vec4 0, 0, 32;
    %cmp/ne;
    %flag_get/vec4 4;
    %and;
T_2.15;
    %flag_set/vec4 9;
    %flag_get/vec4 9;
    %jmp/0 T_2.14, 9;
    %load/vec4 v0000020165cd4fe0_0;
    %load/vec4 v0000020165cd5080_0;
    %cmp/e;
    %flag_get/vec4 4;
    %and;
T_2.14;
    %flag_set/vec4 8;
    %jmp/0xz  T_2.12, 8;
    %pushi/vec4 1, 0, 2;
    %store/vec4 v0000020165cd5580_0, 0, 2;
    %jmp T_2.13;
T_2.12 ;
    %pushi/vec4 0, 0, 2;
    %store/vec4 v0000020165cd5580_0, 0, 2;
T_2.13 ;
T_2.9 ;
    %jmp T_2;
    .thread T_2, $push;
    .scope S_00000201658a2060;
T_3 ;
    %wait E_000002016591a6c0;
    %load/vec4 v0000020165cd4180_0;
    %flag_set/vec4 10;
    %flag_get/vec4 10;
    %jmp/0 T_3.3, 10;
    %load/vec4 v0000020165cd4860_0;
    %pad/u 32;
    %pushi/vec4 0, 0, 32;
    %cmp/ne;
    %flag_get/vec4 4;
    %and;
T_3.3;
    %flag_set/vec4 9;
    %flag_get/vec4 9;
    %jmp/0 T_3.2, 9;
    %load/vec4 v0000020165cd4860_0;
    %load/vec4 v0000020165cd5bc0_0;
    %cmp/e;
    %flag_get/vec4 4;
    %and;
T_3.2;
    %flag_set/vec4 8;
    %jmp/0xz  T_3.0, 8;
    %pushi/vec4 2, 0, 2;
    %store/vec4 v0000020165cd49a0_0, 0, 2;
    %jmp T_3.1;
T_3.0 ;
    %load/vec4 v0000020165cd47c0_0;
    %flag_set/vec4 10;
    %flag_get/vec4 10;
    %jmp/0 T_3.7, 10;
    %load/vec4 v0000020165cd4fe0_0;
    %pad/u 32;
    %pushi/vec4 0, 0, 32;
    %cmp/ne;
    %flag_get/vec4 4;
    %and;
T_3.7;
    %flag_set/vec4 9;
    %flag_get/vec4 9;
    %jmp/0 T_3.6, 9;
    %load/vec4 v0000020165cd4fe0_0;
    %load/vec4 v0000020165cd5bc0_0;
    %cmp/e;
    %flag_get/vec4 4;
    %and;
T_3.6;
    %flag_set/vec4 8;
    %jmp/0xz  T_3.4, 8;
    %pushi/vec4 1, 0, 2;
    %store/vec4 v0000020165cd49a0_0, 0, 2;
    %jmp T_3.5;
T_3.4 ;
    %pushi/vec4 0, 0, 2;
    %store/vec4 v0000020165cd49a0_0, 0, 2;
T_3.5 ;
T_3.1 ;
    %load/vec4 v0000020165cd4180_0;
    %flag_set/vec4 10;
    %flag_get/vec4 10;
    %jmp/0 T_3.11, 10;
    %load/vec4 v0000020165cd4860_0;
    %pad/u 32;
    %pushi/vec4 0, 0, 32;
    %cmp/ne;
    %flag_get/vec4 4;
    %and;
T_3.11;
    %flag_set/vec4 9;
    %flag_get/vec4 9;
    %jmp/0 T_3.10, 9;
    %load/vec4 v0000020165cd4860_0;
    %load/vec4 v0000020165cd4540_0;
    %cmp/e;
    %flag_get/vec4 4;
    %and;
T_3.10;
    %flag_set/vec4 8;
    %jmp/0xz  T_3.8, 8;
    %pushi/vec4 2, 0, 2;
    %store/vec4 v0000020165cd6020_0, 0, 2;
    %jmp T_3.9;
T_3.8 ;
    %load/vec4 v0000020165cd47c0_0;
    %flag_set/vec4 10;
    %flag_get/vec4 10;
    %jmp/0 T_3.15, 10;
    %load/vec4 v0000020165cd4fe0_0;
    %pad/u 32;
    %pushi/vec4 0, 0, 32;
    %cmp/ne;
    %flag_get/vec4 4;
    %and;
T_3.15;
    %flag_set/vec4 9;
    %flag_get/vec4 9;
    %jmp/0 T_3.14, 9;
    %load/vec4 v0000020165cd4fe0_0;
    %load/vec4 v0000020165cd4540_0;
    %cmp/e;
    %flag_get/vec4 4;
    %and;
T_3.14;
    %flag_set/vec4 8;
    %jmp/0xz  T_3.12, 8;
    %pushi/vec4 1, 0, 2;
    %store/vec4 v0000020165cd6020_0, 0, 2;
    %jmp T_3.13;
T_3.12 ;
    %pushi/vec4 0, 0, 2;
    %store/vec4 v0000020165cd6020_0, 0, 2;
T_3.13 ;
T_3.9 ;
    %jmp T_3;
    .thread T_3, $push;
    .scope S_00000201657ce780;
T_4 ;
    %wait E_000002016591b300;
    %load/vec4 v0000020165ccf0f0_0;
    %nor/r;
    %flag_set/vec4 8;
    %jmp/0xz  T_4.0, 8;
    %pushi/vec4 0, 0, 32;
    %assign/vec4 v0000020165cce510_0, 0;
    %jmp T_4.1;
T_4.0 ;
    %load/vec4 v0000020165ccf730_0;
    %flag_set/vec4 8;
    %jmp/0xz  T_4.2, 8;
    %load/vec4 v0000020165cce1f0_0;
    %assign/vec4 v0000020165cce510_0, 0;
T_4.2 ;
T_4.1 ;
    %jmp T_4;
    .thread T_4;
    .scope S_00000201657ce5f0;
T_5 ;
    %vpi_call 11 12 "$readmemh", "memfile.dat", v0000020165ccfc30 {0 0 0};
    %end;
    .thread T_5;
    .scope S_00000201658a1ed0;
T_6 ;
    %wait E_000002016591aa80;
    %load/vec4 v0000020165ccfeb0_0;
    %flag_set/vec4 9;
    %flag_get/vec4 9;
    %jmp/0 T_6.2, 9;
    %load/vec4 v0000020165ccec90_0;
    %pushi/vec4 0, 0, 5;
    %cmp/ne;
    %flag_get/vec4 4;
    %and;
T_6.2;
    %flag_set/vec4 8;
    %jmp/0xz  T_6.0, 8;
    %load/vec4 v0000020165ccee70_0;
    %load/vec4 v0000020165ccec90_0;
    %pad/u 7;
    %ix/vec4 3;
    %ix/load 4, 0, 0; Constant delay
    %assign/vec4/a/d v0000020165ccf5f0, 0, 4;
T_6.0 ;
    %jmp T_6;
    .thread T_6;
    .scope S_00000201657c6bd0;
T_7 ;
    %wait E_000002016591a740;
    %load/vec4 v00000201658f8970_0;
    %dup/vec4;
    %pushi/vec4 0, 0, 3;
    %cmp/u;
    %jmp/1 T_7.0, 6;
    %dup/vec4;
    %pushi/vec4 1, 0, 3;
    %cmp/u;
    %jmp/1 T_7.1, 6;
    %dup/vec4;
    %pushi/vec4 2, 0, 3;
    %cmp/u;
    %jmp/1 T_7.2, 6;
    %dup/vec4;
    %pushi/vec4 6, 0, 3;
    %cmp/u;
    %jmp/1 T_7.3, 6;
    %dup/vec4;
    %pushi/vec4 7, 0, 3;
    %cmp/u;
    %jmp/1 T_7.4, 6;
    %pushi/vec4 0, 0, 32;
    %store/vec4 v00000201658f7c50_0, 0, 32;
    %jmp T_7.6;
T_7.0 ;
    %load/vec4 v0000020165ccebf0_0;
    %load/vec4 v0000020165ccf690_0;
    %and;
    %store/vec4 v00000201658f7c50_0, 0, 32;
    %jmp T_7.6;
T_7.1 ;
    %load/vec4 v0000020165ccebf0_0;
    %load/vec4 v0000020165ccf690_0;
    %or;
    %store/vec4 v00000201658f7c50_0, 0, 32;
    %jmp T_7.6;
T_7.2 ;
    %load/vec4 v0000020165ccebf0_0;
    %load/vec4 v0000020165ccf690_0;
    %add;
    %store/vec4 v00000201658f7c50_0, 0, 32;
    %jmp T_7.6;
T_7.3 ;
    %load/vec4 v0000020165ccebf0_0;
    %load/vec4 v0000020165ccf690_0;
    %sub;
    %store/vec4 v00000201658f7c50_0, 0, 32;
    %jmp T_7.6;
T_7.4 ;
    %load/vec4 v0000020165ccebf0_0;
    %load/vec4 v0000020165ccf690_0;
    %cmp/s;
    %flag_mov 8, 5;
    %jmp/0 T_7.7, 8;
    %pushi/vec4 1, 0, 32;
    %jmp/1 T_7.8, 8;
T_7.7 ; End of true expr.
    %pushi/vec4 0, 0, 32;
    %jmp/0 T_7.8, 8;
 ; End of false expr.
    %blend;
T_7.8;
    %store/vec4 v00000201658f7c50_0, 0, 32;
    %jmp T_7.6;
T_7.6 ;
    %pop/vec4 1;
    %jmp T_7;
    .thread T_7, $push;
    .scope S_00000201658cdfc0;
T_8 ;
    %wait E_000002016591b300;
    %load/vec4 v0000020165cd34d0_0;
    %nor/r;
    %flag_set/vec4 8;
    %jmp/0xz  T_8.0, 8;
    %pushi/vec4 0, 0, 32;
    %assign/vec4 v0000020165cd17e0_0, 0;
    %pushi/vec4 0, 0, 32;
    %assign/vec4 v0000020165cd3110_0, 0;
    %jmp T_8.1;
T_8.0 ;
    %load/vec4 v0000020165cd2ad0_0;
    %nor/r;
    %flag_set/vec4 8;
    %jmp/0xz  T_8.2, 8;
    %load/vec4 v0000020165cd11a0_0;
    %assign/vec4 v0000020165cd17e0_0, 0;
    %load/vec4 v0000020165cd2fd0_0;
    %assign/vec4 v0000020165cd3110_0, 0;
T_8.2 ;
T_8.1 ;
    %jmp T_8;
    .thread T_8;
    .scope S_00000201658cdfc0;
T_9 ;
    %wait E_000002016591b300;
    %load/vec4 v0000020165cd34d0_0;
    %nor/r;
    %flag_set/vec4 8;
    %jmp/1 T_9.2, 8;
    %load/vec4 v0000020165cd0b60_0;
    %flag_set/vec4 9;
    %flag_or 8, 9;
T_9.2;
    %jmp/0xz  T_9.0, 8;
    %pushi/vec4 0, 0, 5;
    %split/vec4 1;
    %assign/vec4 v0000020165cd23f0_0, 0;
    %split/vec4 1;
    %assign/vec4 v0000020165cd1420_0, 0;
    %split/vec4 1;
    %assign/vec4 v0000020165cd37f0_0, 0;
    %split/vec4 1;
    %assign/vec4 v0000020165cd1100_0, 0;
    %assign/vec4 v0000020165cd27b0_0, 0;
    %pushi/vec4 0, 0, 3;
    %assign/vec4 v0000020165cd02a0_0, 0;
    %pushi/vec4 0, 0, 96;
    %split/vec4 32;
    %assign/vec4 v0000020165cd28f0_0, 0;
    %split/vec4 32;
    %assign/vec4 v0000020165cd2350_0, 0;
    %assign/vec4 v0000020165cd3d90_0, 0;
    %pushi/vec4 0, 0, 15;
    %split/vec4 5;
    %assign/vec4 v0000020165cd2a30_0, 0;
    %split/vec4 5;
    %assign/vec4 v0000020165cd39d0_0, 0;
    %assign/vec4 v0000020165cd2210_0, 0;
    %jmp T_9.1;
T_9.0 ;
    %load/vec4 v0000020165cd3f70_0;
    %assign/vec4 v0000020165cd27b0_0, 0;
    %load/vec4 v0000020165cd0d40_0;
    %assign/vec4 v0000020165cd1100_0, 0;
    %load/vec4 v0000020165cd1ce0_0;
    %assign/vec4 v0000020165cd37f0_0, 0;
    %load/vec4 v0000020165cd1e20_0;
    %assign/vec4 v0000020165cd02a0_0, 0;
    %load/vec4 v0000020165cd19c0_0;
    %assign/vec4 v0000020165cd1420_0, 0;
    %load/vec4 v0000020165cd3cf0_0;
    %assign/vec4 v0000020165cd23f0_0, 0;
    %load/vec4 v0000020165cd3070_0;
    %assign/vec4 v0000020165cd3d90_0, 0;
    %load/vec4 v0000020165cd22b0_0;
    %assign/vec4 v0000020165cd2350_0, 0;
    %load/vec4 v0000020165cd3bb0_0;
    %assign/vec4 v0000020165cd28f0_0, 0;
    %load/vec4 v0000020165cd2cb0_0;
    %assign/vec4 v0000020165cd2210_0, 0;
    %load/vec4 v0000020165cd25d0_0;
    %assign/vec4 v0000020165cd39d0_0, 0;
    %load/vec4 v0000020165cd0f20_0;
    %parti/s 5, 11, 5;
    %assign/vec4 v0000020165cd2a30_0, 0;
T_9.1 ;
    %jmp T_9;
    .thread T_9;
    .scope S_00000201658cdfc0;
T_10 ;
    %wait E_000002016591b300;
    %load/vec4 v0000020165cd34d0_0;
    %nor/r;
    %flag_set/vec4 8;
    %jmp/0xz  T_10.0, 8;
    %pushi/vec4 0, 0, 3;
    %split/vec4 1;
    %assign/vec4 v0000020165cd3ed0_0, 0;
    %split/vec4 1;
    %assign/vec4 v0000020165cd1880_0, 0;
    %assign/vec4 v0000020165cd2c10_0, 0;
    %pushi/vec4 0, 0, 64;
    %split/vec4 32;
    %assign/vec4 v0000020165cd3390_0, 0;
    %assign/vec4 v0000020165cd1f60_0, 0;
    %pushi/vec4 0, 0, 5;
    %assign/vec4 v0000020165cd3750_0, 0;
    %jmp T_10.1;
T_10.0 ;
    %load/vec4 v0000020165cd27b0_0;
    %assign/vec4 v0000020165cd2c10_0, 0;
    %load/vec4 v0000020165cd1100_0;
    %assign/vec4 v0000020165cd1880_0, 0;
    %load/vec4 v0000020165cd37f0_0;
    %assign/vec4 v0000020165cd3ed0_0, 0;
    %load/vec4 v0000020165cd2000_0;
    %assign/vec4 v0000020165cd1f60_0, 0;
    %load/vec4 v0000020165cd2e90_0;
    %assign/vec4 v0000020165cd3390_0, 0;
    %load/vec4 v0000020165cd3610_0;
    %assign/vec4 v0000020165cd3750_0, 0;
T_10.1 ;
    %jmp T_10;
    .thread T_10;
    .scope S_00000201658cdfc0;
T_11 ;
    %wait E_000002016591b300;
    %load/vec4 v0000020165cd34d0_0;
    %nor/r;
    %flag_set/vec4 8;
    %jmp/0xz  T_11.0, 8;
    %pushi/vec4 0, 0, 2;
    %split/vec4 1;
    %assign/vec4 v0000020165cd1920_0, 0;
    %assign/vec4 v0000020165cd2d50_0, 0;
    %pushi/vec4 0, 0, 64;
    %split/vec4 32;
    %assign/vec4 v0000020165cd08e0_0, 0;
    %assign/vec4 v0000020165cd2df0_0, 0;
    %pushi/vec4 0, 0, 5;
    %assign/vec4 v0000020165cd5120_0, 0;
    %jmp T_11.1;
T_11.0 ;
    %load/vec4 v0000020165cd2c10_0;
    %assign/vec4 v0000020165cd2d50_0, 0;
    %load/vec4 v0000020165cd1880_0;
    %assign/vec4 v0000020165cd1920_0, 0;
    %load/vec4 v0000020165cd3430_0;
    %assign/vec4 v0000020165cd2df0_0, 0;
    %load/vec4 v0000020165cd1f60_0;
    %assign/vec4 v0000020165cd08e0_0, 0;
    %load/vec4 v0000020165cd3750_0;
    %assign/vec4 v0000020165cd5120_0, 0;
T_11.1 ;
    %jmp T_11;
    .thread T_11;
    .scope S_00000201658cde30;
T_12 ;
    %wait E_000002016591b300;
    %load/vec4 v000002016592cf30_0;
    %nor/r;
    %flag_set/vec4 8;
    %jmp/0xz  T_12.0, 8;
    %pushi/vec4 0, 0, 10;
    %assign/vec4 v000002016592c8f0_0, 0;
    %jmp T_12.1;
T_12.0 ;
    %load/vec4 v000002016592e5b0_0;
    %flag_set/vec4 8;
    %jmp/0xz  T_12.2, 8;
    %load/vec4 v000002016592c8f0_0;
    %addi 1, 0, 10;
    %assign/vec4 v000002016592c8f0_0, 0;
    %jmp T_12.3;
T_12.2 ;
    %pushi/vec4 0, 0, 10;
    %assign/vec4 v000002016592c8f0_0, 0;
T_12.3 ;
T_12.1 ;
    %jmp T_12;
    .thread T_12;
    .scope S_00000201658cde30;
T_13 ;
    %wait E_000002016591b300;
    %load/vec4 v000002016592cf30_0;
    %nor/r;
    %flag_set/vec4 8;
    %jmp/0xz  T_13.0, 8;
    %pushi/vec4 0, 0, 1;
    %assign/vec4 v000002016592ce90_0, 0;
    %jmp T_13.1;
T_13.0 ;
    %load/vec4 v000002016592e5b0_0;
    %flag_set/vec4 8;
    %jmp/0xz  T_13.2, 8;
    %load/vec4 v000002016592c8f0_0;
    %parti/s 8, 2, 3;
    %load/vec4 v000002016592d610_0;
    %cmp/u;
    %flag_get/vec4 5;
    %assign/vec4 v000002016592ce90_0, 0;
    %jmp T_13.3;
T_13.2 ;
    %pushi/vec4 0, 0, 1;
    %assign/vec4 v000002016592ce90_0, 0;
T_13.3 ;
T_13.1 ;
    %jmp T_13;
    .thread T_13;
    .scope S_00000201658e5290;
T_14 ;
    %wait E_0000020165919980;
    %load/vec4 v000002016592d6b0_0;
    %flag_set/vec4 8;
    %jmp/0xz  T_14.0, 8;
    %load/vec4 v000002016592dd90_0;
    %dup/vec4;
    %pushi/vec4 152, 0, 32;
    %cmp/u;
    %jmp/1 T_14.2, 6;
    %dup/vec4;
    %pushi/vec4 156, 0, 32;
    %cmp/u;
    %jmp/1 T_14.3, 6;
    %load/vec4 v00000201659059f0_0;
    %load/vec4 v000002016592dd90_0;
    %parti/s 6, 2, 3;
    %pad/u 8;
    %ix/vec4 3;
    %ix/load 4, 0, 0; Constant delay
    %assign/vec4/a/d v000002016592d430, 0, 4;
    %jmp T_14.5;
T_14.2 ;
    %load/vec4 v00000201659059f0_0;
    %parti/s 8, 0, 2;
    %assign/vec4 v000002016592d1b0_0, 0;
    %jmp T_14.5;
T_14.3 ;
    %load/vec4 v00000201659059f0_0;
    %parti/s 1, 0, 2;
    %assign/vec4 v000002016592d250_0, 0;
    %jmp T_14.5;
T_14.5 ;
    %pop/vec4 1;
    %load/vec4 v000002016592dd90_0;
    %cmpi/e 152, 0, 32;
    %jmp/0xz  T_14.6, 4;
    %vpi_call 7 56 "$display", "MMIO WRITE: PWM Duty Updated to %d / 255", &PV<v00000201659059f0_0, 0, 8> {0 0 0};
T_14.6 ;
    %load/vec4 v000002016592dd90_0;
    %cmpi/e 156, 0, 32;
    %jmp/0xz  T_14.8, 4;
    %vpi_call 7 58 "$display", "MMIO WRITE: PWM Enable set to %b", &PV<v00000201659059f0_0, 0, 1> {0 0 0};
T_14.8 ;
T_14.0 ;
    %jmp T_14;
    .thread T_14;
    .scope S_00000201658e5290;
T_15 ;
    %wait E_0000020165919880;
    %load/vec4 v000002016592dd90_0;
    %dup/vec4;
    %pushi/vec4 144, 0, 32;
    %cmp/u;
    %jmp/1 T_15.0, 6;
    %dup/vec4;
    %pushi/vec4 152, 0, 32;
    %cmp/u;
    %jmp/1 T_15.1, 6;
    %dup/vec4;
    %pushi/vec4 156, 0, 32;
    %cmp/u;
    %jmp/1 T_15.2, 6;
    %load/vec4 v00000201659056d0_0;
    %store/vec4 v0000020165905770_0, 0, 32;
    %jmp T_15.4;
T_15.0 ;
    %pushi/vec4 0, 0, 24;
    %load/vec4 v0000020165905950_0;
    %concat/vec4; draw_concat_vec4
    %store/vec4 v0000020165905770_0, 0, 32;
    %jmp T_15.4;
T_15.1 ;
    %pushi/vec4 0, 0, 24;
    %load/vec4 v000002016592d1b0_0;
    %concat/vec4; draw_concat_vec4
    %store/vec4 v0000020165905770_0, 0, 32;
    %jmp T_15.4;
T_15.2 ;
    %pushi/vec4 0, 0, 31;
    %load/vec4 v000002016592d250_0;
    %concat/vec4; draw_concat_vec4
    %store/vec4 v0000020165905770_0, 0, 32;
    %jmp T_15.4;
T_15.4 ;
    %pop/vec4 1;
    %jmp T_15;
    .thread T_15, $push;
    .scope S_00000201658e5290;
T_16 ;
    %pushi/vec4 0, 0, 8;
    %store/vec4 v000002016592d1b0_0, 0, 8;
    %pushi/vec4 0, 0, 1;
    %store/vec4 v000002016592d250_0, 0, 1;
    %vpi_call 7 77 "$monitor", "DEBUG: Time=%0t pwm_duty=%d pwm_en=%b", $time, v000002016592d1b0_0, v000002016592d250_0 {0 0 0};
    %end;
    .thread T_16;
    .scope S_0000020165926560;
T_17 ;
    %pushi/vec4 0, 0, 1;
    %store/vec4 v0000020165cd8140_0, 0, 1;
T_17.0 ;
    %delay 5000, 0;
    %load/vec4 v0000020165cd8140_0;
    %inv;
    %store/vec4 v0000020165cd8140_0, 0, 1;
    %jmp T_17.0;
    %end;
    .thread T_17;
    .scope S_0000020165926560;
T_18 ;
    %vpi_call 2 36 "$dumpfile", "mips.vcd" {0 0 0};
    %vpi_call 2 37 "$dumpvars", 32'sb00000000000000000000000000000000, S_0000020165926560 {0 0 0};
    %end;
    .thread T_18;
    .scope S_0000020165926560;
T_19 ;
    %pushi/vec4 0, 0, 1;
    %store/vec4 v0000020165cd8460_0, 0, 1;
    %pushi/vec4 0, 0, 8;
    %store/vec4 v0000020165cd7560_0, 0, 8;
    %delay 15000, 0;
    %pushi/vec4 1, 0, 1;
    %store/vec4 v0000020165cd8460_0, 0, 1;
    %vpi_call 2 48 "$display", "===========================================" {0 0 0};
    %vpi_call 2 49 "$display", "   MIPS Option B: Switch Controlled PWM    " {0 0 0};
    %vpi_call 2 50 "$display", "===========================================" {0 0 0};
    %delay 100000, 0;
    %pushi/vec4 64, 0, 8;
    %store/vec4 v0000020165cd7560_0, 0, 8;
    %vpi_call 2 55 "$display", "TEST STIMULUS: Switches changed to 8'h40 (Duty ~25%%)" {0 0 0};
    %delay 80000000, 0;
    %pushi/vec4 128, 0, 8;
    %store/vec4 v0000020165cd7560_0, 0, 8;
    %vpi_call 2 60 "$display", "TEST STIMULUS: Switches changed to 8'h80 (Duty ~50%%)" {0 0 0};
    %delay 80000000, 0;
    %pushi/vec4 192, 0, 8;
    %store/vec4 v0000020165cd7560_0, 0, 8;
    %vpi_call 2 65 "$display", "TEST STIMULUS: Switches changed to 8'hC0 (Duty ~75%%)" {0 0 0};
    %delay 130000000, 0;
    %vpi_call 2 70 "$display", "===========================================" {0 0 0};
    %vpi_call 2 71 "$display", "   Simulation Complete                     " {0 0 0};
    %vpi_call 2 72 "$display", "===========================================" {0 0 0};
    %vpi_call 2 73 "$finish" {0 0 0};
    %end;
    .thread T_19;
# The file index is used to find the file name in the following table.
:file_names 15;
    "N/A";
    "<interactive>";
    "mips_tb.v";
    "mips.v";
    "control_unit.v";
    "alu_decoder.v";
    "main_decoder.v";
    "data_memory.v";
    "pwm_controller.v";
    "datapath.v";
    "alu.v";
    "instruction_memory.v";
    "pc.v";
    "reg_file.v";
    "hazard_unit.v";
