#! /c/Source/iverilog-install/bin/vvp
:ivl_version "12.0 (devel)" "(s20150603-1539-g2693dd32b)";
:ivl_delay_selection "TYPICAL";
:vpi_time_precision - 12;
:vpi_module "C:\app\Icarus\iverilog\lib\ivl\system.vpi";
:vpi_module "C:\app\Icarus\iverilog\lib\ivl\vhdl_sys.vpi";
:vpi_module "C:\app\Icarus\iverilog\lib\ivl\vhdl_textio.vpi";
:vpi_module "C:\app\Icarus\iverilog\lib\ivl\v2005_math.vpi";
:vpi_module "C:\app\Icarus\iverilog\lib\ivl\va_math.vpi";
S_00000159b14588b0 .scope module, "mips_tb" "mips_tb" 2 2;
 .timescale -9 -12;
v00000159b14b68f0_0 .net "alu_result", 31 0, v00000159b144eb00_0;  1 drivers
v00000159b14b51d0_0 .var "clk", 0 0;
v00000159b14b60d0_0 .net "pc_out", 31 0, L_00000159b14b7e50;  1 drivers
v00000159b14b5bd0_0 .var "rst_n", 0 0;
E_00000159b1446c30 .event negedge, v00000159b144ef60_0;
S_00000159b1437f90 .scope module, "uut" "mips" 2 8, 3 2 0, S_00000159b14588b0;
 .timescale -9 -12;
    .port_info 0 /INPUT 1 "clk";
    .port_info 1 /INPUT 1 "rst_n";
    .port_info 2 /OUTPUT 32 "pc_out";
    .port_info 3 /OUTPUT 32 "alu_result";
v00000159b14b6cb0_0 .net "alu_ctrl", 2 0, v00000159b144f320_0;  1 drivers
v00000159b14b65d0_0 .net "alu_result", 31 0, v00000159b144eb00_0;  alias, 1 drivers
v00000159b14b67b0_0 .net "alu_src", 0 0, L_00000159b14b6350;  1 drivers
v00000159b14b6d50_0 .net "branch", 0 0, L_00000159b14b58b0;  1 drivers
v00000159b14b62b0_0 .net "clk", 0 0, v00000159b14b51d0_0;  1 drivers
v00000159b14b6710_0 .net "instr", 31 0, L_00000159b14b82b0;  1 drivers
v00000159b14b5b30_0 .net "mem_to_reg", 0 0, L_00000159b14b5450;  1 drivers
v00000159b14b6df0_0 .net "mem_write", 0 0, L_00000159b14b53b0;  1 drivers
v00000159b14b6490_0 .net "pc_out", 31 0, L_00000159b14b7e50;  alias, 1 drivers
v00000159b14b6f30_0 .net "reg_dst", 0 0, L_00000159b14b5270;  1 drivers
v00000159b14b6fd0_0 .net "reg_write", 0 0, L_00000159b14b5c70;  1 drivers
v00000159b14b7070_0 .net "rst_n", 0 0, v00000159b14b5bd0_0;  1 drivers
L_00000159b14b5630 .part L_00000159b14b82b0, 26, 6;
L_00000159b14b6850 .part L_00000159b14b82b0, 0, 6;
S_00000159b1438120 .scope module, "u_control" "control_unit" 3 18, 4 2 0, S_00000159b1437f90;
 .timescale -9 -12;
    .port_info 0 /INPUT 6 "opcode";
    .port_info 1 /INPUT 6 "funct";
    .port_info 2 /OUTPUT 1 "mem_to_reg";
    .port_info 3 /OUTPUT 1 "mem_write";
    .port_info 4 /OUTPUT 1 "branch";
    .port_info 5 /OUTPUT 1 "alu_src";
    .port_info 6 /OUTPUT 1 "reg_dst";
    .port_info 7 /OUTPUT 1 "reg_write";
    .port_info 8 /OUTPUT 3 "alu_ctrl";
v00000159b144fb40_0 .net "alu_ctrl", 2 0, v00000159b144f320_0;  alias, 1 drivers
v00000159b144e600_0 .net "alu_op", 1 0, L_00000159b14b5590;  1 drivers
v00000159b144f6e0_0 .net "alu_src", 0 0, L_00000159b14b6350;  alias, 1 drivers
v00000159b144faa0_0 .net "branch", 0 0, L_00000159b14b58b0;  alias, 1 drivers
v00000159b144e380_0 .net "funct", 5 0, L_00000159b14b6850;  1 drivers
v00000159b144fc80_0 .net "mem_to_reg", 0 0, L_00000159b14b5450;  alias, 1 drivers
v00000159b144e920_0 .net "mem_write", 0 0, L_00000159b14b53b0;  alias, 1 drivers
v00000159b144fdc0_0 .net "opcode", 5 0, L_00000159b14b5630;  1 drivers
v00000159b144fd20_0 .net "reg_dst", 0 0, L_00000159b14b5270;  alias, 1 drivers
v00000159b144f1e0_0 .net "reg_write", 0 0, L_00000159b14b5c70;  alias, 1 drivers
S_00000159b1433f90 .scope module, "u_alu_dec" "alu_decoder" 4 27, 5 2 0, S_00000159b1438120;
 .timescale -9 -12;
    .port_info 0 /INPUT 2 "alu_op";
    .port_info 1 /INPUT 6 "funct";
    .port_info 2 /OUTPUT 3 "alu_ctrl";
v00000159b144f320_0 .var "alu_ctrl", 2 0;
v00000159b144f8c0_0 .net "alu_op", 1 0, L_00000159b14b5590;  alias, 1 drivers
v00000159b144ffa0_0 .net "funct", 5 0, L_00000159b14b6850;  alias, 1 drivers
E_00000159b14465f0 .event anyedge, v00000159b144f8c0_0, v00000159b144ffa0_0;
S_00000159b1434120 .scope module, "u_main_dec" "main_decoder" 4 16, 6 2 0, S_00000159b1438120;
 .timescale -9 -12;
    .port_info 0 /INPUT 6 "opcode";
    .port_info 1 /OUTPUT 1 "mem_to_reg";
    .port_info 2 /OUTPUT 1 "mem_write";
    .port_info 3 /OUTPUT 1 "branch";
    .port_info 4 /OUTPUT 1 "alu_src";
    .port_info 5 /OUTPUT 1 "reg_dst";
    .port_info 6 /OUTPUT 1 "reg_write";
    .port_info 7 /OUTPUT 2 "alu_op";
v00000159b144e560_0 .net *"_ivl_9", 7 0, v00000159b144fe60_0;  1 drivers
v00000159b144f960_0 .net "alu_op", 1 0, L_00000159b14b5590;  alias, 1 drivers
v00000159b144ece0_0 .net "alu_src", 0 0, L_00000159b14b6350;  alias, 1 drivers
v00000159b144f460_0 .net "branch", 0 0, L_00000159b14b58b0;  alias, 1 drivers
v00000159b144fe60_0 .var "controls", 7 0;
v00000159b144fa00_0 .net "mem_to_reg", 0 0, L_00000159b14b5450;  alias, 1 drivers
v00000159b144f140_0 .net "mem_write", 0 0, L_00000159b14b53b0;  alias, 1 drivers
v00000159b144f0a0_0 .net "opcode", 5 0, L_00000159b14b5630;  alias, 1 drivers
v00000159b14500e0_0 .net "reg_dst", 0 0, L_00000159b14b5270;  alias, 1 drivers
v00000159b144eba0_0 .net "reg_write", 0 0, L_00000159b14b5c70;  alias, 1 drivers
E_00000159b1446c70 .event anyedge, v00000159b144f0a0_0;
L_00000159b14b5c70 .part v00000159b144fe60_0, 7, 1;
L_00000159b14b5270 .part v00000159b144fe60_0, 6, 1;
L_00000159b14b6350 .part v00000159b144fe60_0, 5, 1;
L_00000159b14b58b0 .part v00000159b144fe60_0, 4, 1;
L_00000159b14b53b0 .part v00000159b144fe60_0, 3, 1;
L_00000159b14b5450 .part v00000159b144fe60_0, 2, 1;
L_00000159b14b5590 .part v00000159b144fe60_0, 0, 2;
S_00000159b141e1a0 .scope module, "u_datapath" "datapath" 3 30, 7 3 0, S_00000159b1437f90;
 .timescale -9 -12;
    .port_info 0 /INPUT 1 "clk";
    .port_info 1 /INPUT 1 "rst_n";
    .port_info 2 /INPUT 1 "reg_write_en";
    .port_info 3 /INPUT 1 "reg_dst";
    .port_info 4 /INPUT 1 "alu_src";
    .port_info 5 /INPUT 3 "alu_ctrl";
    .port_info 6 /INPUT 1 "mem_write_en";
    .port_info 7 /INPUT 1 "mem_to_reg";
    .port_info 8 /INPUT 1 "branch";
    .port_info 9 /OUTPUT 32 "pc_out";
    .port_info 10 /OUTPUT 32 "alu_result";
    .port_info 11 /OUTPUT 32 "instr_out";
L_00000159b14b82b0 .functor BUFZ 32, L_00000159b14b85c0, C4<00000000000000000000000000000000>, C4<00000000000000000000000000000000>, C4<00000000000000000000000000000000>;
L_00000159b14b8710 .functor AND 1, L_00000159b14b58b0, L_00000159b14ca3b0, C4<1>, C4<1>;
L_00000159b14b7e50 .functor BUFZ 32, L_00000159b14b7ec0, C4<00000000000000000000000000000000>, C4<00000000000000000000000000000000>, C4<00000000000000000000000000000000>;
L_00000159b18100d0 .functor BUFT 1, C4<00>, C4<0>, C4<0>, C4<0>;
v00000159b14b2890_0 .net *"_ivl_10", 1 0, L_00000159b18100d0;  1 drivers
v00000159b14b30b0_0 .net *"_ivl_19", 4 0, L_00000159b14c8fb0;  1 drivers
L_00000159b1810088 .functor BUFT 1, C4<00000000000000000000000000000100>, C4<0>, C4<0>, C4<0>;
v00000159b14b3970_0 .net/2u *"_ivl_2", 31 0, L_00000159b1810088;  1 drivers
v00000159b14b2930_0 .net *"_ivl_21", 4 0, L_00000159b14c8dd0;  1 drivers
v00000159b14b21b0_0 .net *"_ivl_29", 0 0, L_00000159b14c9410;  1 drivers
v00000159b14b2cf0_0 .net *"_ivl_30", 15 0, L_00000159b14c8bf0;  1 drivers
v00000159b14b2c50_0 .net *"_ivl_33", 15 0, L_00000159b14c9190;  1 drivers
v00000159b14b2f70_0 .net *"_ivl_6", 31 0, L_00000159b14b5a90;  1 drivers
v00000159b14b33d0_0 .net *"_ivl_8", 29 0, L_00000159b14b56d0;  1 drivers
v00000159b14b4050_0 .net "alu_ctrl", 2 0, v00000159b144f320_0;  alias, 1 drivers
v00000159b14b22f0_0 .net "alu_result", 31 0, v00000159b144eb00_0;  alias, 1 drivers
v00000159b14b2390_0 .net "alu_src", 0 0, L_00000159b14b6350;  alias, 1 drivers
v00000159b14b2570_0 .net "branch", 0 0, L_00000159b14b58b0;  alias, 1 drivers
v00000159b14b2430_0 .net "branch_target", 31 0, L_00000159b14b5d10;  1 drivers
v00000159b14b2610_0 .net "clk", 0 0, v00000159b14b51d0_0;  alias, 1 drivers
v00000159b14b6210_0 .net "instr", 31 0, L_00000159b14b85c0;  1 drivers
v00000159b14b6a30_0 .net "instr_out", 31 0, L_00000159b14b82b0;  alias, 1 drivers
v00000159b14b6670_0 .net "mem_to_reg", 0 0, L_00000159b14b5450;  alias, 1 drivers
v00000159b14b5310_0 .net "mem_write_en", 0 0, L_00000159b14b53b0;  alias, 1 drivers
v00000159b14b5e50_0 .net "pc", 31 0, L_00000159b14b7ec0;  1 drivers
v00000159b14b63f0_0 .net "pc_out", 31 0, L_00000159b14b7e50;  alias, 1 drivers
v00000159b14b54f0_0 .net "pc_plus4", 31 0, L_00000159b14b5770;  1 drivers
v00000159b14b6990_0 .net "pc_src", 0 0, L_00000159b14b8710;  1 drivers
v00000159b14b6170_0 .net "rd1", 31 0, L_00000159b14c8b50;  1 drivers
v00000159b14b6ad0_0 .net "rd2", 31 0, L_00000159b14c9f50;  1 drivers
v00000159b14b5810_0 .net "read_data", 31 0, L_00000159b14b7bb0;  1 drivers
v00000159b14b59f0_0 .net "reg_dst", 0 0, L_00000159b14b5270;  alias, 1 drivers
v00000159b14b5db0_0 .net "reg_write_en", 0 0, L_00000159b14b5c70;  alias, 1 drivers
v00000159b14b5950_0 .net "result", 31 0, L_00000159b14c92d0;  1 drivers
v00000159b14b6b70_0 .net "rst_n", 0 0, v00000159b14b5bd0_0;  alias, 1 drivers
v00000159b14b6530_0 .net "sign_imm", 31 0, L_00000159b14c8c90;  1 drivers
v00000159b14b5ef0_0 .net "src_b", 31 0, L_00000159b14ca630;  1 drivers
v00000159b14b6e90_0 .net "write_reg", 4 0, L_00000159b14c9e10;  1 drivers
v00000159b14b6c10_0 .net "zero_flag", 0 0, L_00000159b14ca3b0;  1 drivers
L_00000159b14b5770 .arith/sum 32, L_00000159b14b7ec0, L_00000159b1810088;
L_00000159b14b56d0 .part L_00000159b14c8c90, 0, 30;
L_00000159b14b5a90 .concat [ 2 30 0 0], L_00000159b18100d0, L_00000159b14b56d0;
L_00000159b14b5d10 .arith/sum 32, L_00000159b14b5770, L_00000159b14b5a90;
L_00000159b14c8fb0 .part L_00000159b14b85c0, 11, 5;
L_00000159b14c8dd0 .part L_00000159b14b85c0, 16, 5;
L_00000159b14c9e10 .functor MUXZ 5, L_00000159b14c8dd0, L_00000159b14c8fb0, L_00000159b14b5270, C4<>;
L_00000159b14ca450 .part L_00000159b14b85c0, 21, 5;
L_00000159b14c9af0 .part L_00000159b14b85c0, 16, 5;
L_00000159b14c9410 .part L_00000159b14b85c0, 15, 1;
LS_00000159b14c8bf0_0_0 .concat [ 1 1 1 1], L_00000159b14c9410, L_00000159b14c9410, L_00000159b14c9410, L_00000159b14c9410;
LS_00000159b14c8bf0_0_4 .concat [ 1 1 1 1], L_00000159b14c9410, L_00000159b14c9410, L_00000159b14c9410, L_00000159b14c9410;
LS_00000159b14c8bf0_0_8 .concat [ 1 1 1 1], L_00000159b14c9410, L_00000159b14c9410, L_00000159b14c9410, L_00000159b14c9410;
LS_00000159b14c8bf0_0_12 .concat [ 1 1 1 1], L_00000159b14c9410, L_00000159b14c9410, L_00000159b14c9410, L_00000159b14c9410;
L_00000159b14c8bf0 .concat [ 4 4 4 4], LS_00000159b14c8bf0_0_0, LS_00000159b14c8bf0_0_4, LS_00000159b14c8bf0_0_8, LS_00000159b14c8bf0_0_12;
L_00000159b14c9190 .part L_00000159b14b85c0, 0, 16;
L_00000159b14c8c90 .concat [ 16 16 0 0], L_00000159b14c9190, L_00000159b14c8bf0;
L_00000159b14ca630 .functor MUXZ 32, L_00000159b14c9f50, L_00000159b14c8c90, L_00000159b14b6350, C4<>;
L_00000159b14c92d0 .functor MUXZ 32, v00000159b144eb00_0, L_00000159b14b7bb0, L_00000159b14b5450, C4<>;
S_00000159b141e330 .scope module, "u_alu" "alu" 7 75, 8 2 0, S_00000159b141e1a0;
 .timescale -9 -12;
    .port_info 0 /INPUT 32 "src_a";
    .port_info 1 /INPUT 32 "src_b";
    .port_info 2 /INPUT 3 "alu_ctrl";
    .port_info 3 /OUTPUT 32 "result";
    .port_info 4 /OUTPUT 1 "zero";
L_00000159b1810310 .functor BUFT 1, C4<00000000000000000000000000000000>, C4<0>, C4<0>, C4<0>;
v00000159b144e7e0_0 .net/2u *"_ivl_0", 31 0, L_00000159b1810310;  1 drivers
v00000159b144fbe0_0 .net "alu_ctrl", 2 0, v00000159b144f320_0;  alias, 1 drivers
v00000159b144eb00_0 .var "result", 31 0;
v00000159b144f500_0 .net "src_a", 31 0, L_00000159b14c8b50;  alias, 1 drivers
v00000159b144f640_0 .net "src_b", 31 0, L_00000159b14ca630;  alias, 1 drivers
v00000159b144ec40_0 .net "zero", 0 0, L_00000159b14ca3b0;  alias, 1 drivers
E_00000159b1446db0 .event anyedge, v00000159b144f320_0, v00000159b144f500_0, v00000159b144f640_0;
L_00000159b14ca3b0 .cmp/eq 32, v00000159b144eb00_0, L_00000159b1810310;
S_00000159b1437790 .scope module, "u_data_mem" "data_memory" 7 84, 9 2 0, S_00000159b141e1a0;
 .timescale -9 -12;
    .port_info 0 /INPUT 1 "clk";
    .port_info 1 /INPUT 1 "mem_write_en";
    .port_info 2 /INPUT 32 "addr";
    .port_info 3 /INPUT 32 "write_data";
    .port_info 4 /OUTPUT 32 "read_data";
P_00000159b13cded0 .param/l "DEPTH" 0 9 4, +C4<00000000000000000000000100000000>;
P_00000159b13cdf08 .param/l "WIDTH" 0 9 3, +C4<00000000000000000000000000100000>;
L_00000159b14b7bb0 .functor BUFZ 32, L_00000159b14c9230, C4<00000000000000000000000000000000>, C4<00000000000000000000000000000000>, C4<00000000000000000000000000000000>;
v00000159b144f780_0 .net *"_ivl_0", 31 0, L_00000159b14c9230;  1 drivers
v00000159b1450040_0 .net *"_ivl_3", 29 0, L_00000159b14c9b90;  1 drivers
v00000159b1450180_0 .net "addr", 31 0, v00000159b144eb00_0;  alias, 1 drivers
v00000159b144ef60_0 .net "clk", 0 0, v00000159b14b51d0_0;  alias, 1 drivers
v00000159b144ee20_0 .net "mem_write_en", 0 0, L_00000159b14b53b0;  alias, 1 drivers
v00000159b144eec0 .array "ram", 255 0, 31 0;
v00000159b1450220_0 .net "read_data", 31 0, L_00000159b14b7bb0;  alias, 1 drivers
v00000159b144e420_0 .net "write_data", 31 0, L_00000159b14c9f50;  alias, 1 drivers
E_00000159b1446630 .event posedge, v00000159b144ef60_0;
L_00000159b14c9230 .array/port v00000159b144eec0, L_00000159b14c9b90;
L_00000159b14c9b90 .part v00000159b144eb00_0, 2, 30;
S_00000159b1437920 .scope module, "u_if_stage" "if_stage" 7 43, 10 2 0, S_00000159b141e1a0;
 .timescale -9 -12;
    .port_info 0 /INPUT 1 "clk";
    .port_info 1 /INPUT 1 "rst_n";
    .port_info 2 /INPUT 1 "pc_src";
    .port_info 3 /INPUT 32 "branch_target";
    .port_info 4 /OUTPUT 32 "instr";
    .port_info 5 /OUTPUT 32 "current_pc";
L_00000159b14b7ec0 .functor BUFZ 32, v00000159b14b3010_0, C4<00000000000000000000000000000000>, C4<00000000000000000000000000000000>, C4<00000000000000000000000000000000>;
L_00000159b1810118 .functor BUFT 1, C4<00000000000000000000000000000100>, C4<0>, C4<0>, C4<0>;
v00000159b14b3150_0 .net/2u *"_ivl_0", 31 0, L_00000159b1810118;  1 drivers
v00000159b14b31f0_0 .net "branch_target", 31 0, L_00000159b14b5d10;  alias, 1 drivers
v00000159b14b26b0_0 .net "clk", 0 0, v00000159b14b51d0_0;  alias, 1 drivers
v00000159b14b3470_0 .net "current_pc", 31 0, L_00000159b14b7ec0;  alias, 1 drivers
v00000159b14b3b50_0 .net "instr", 31 0, L_00000159b14b85c0;  alias, 1 drivers
v00000159b14b2750_0 .net "pc", 31 0, v00000159b14b3010_0;  1 drivers
v00000159b14b2d90_0 .net "pc_next", 31 0, L_00000159b14b6030;  1 drivers
v00000159b14b3330_0 .net "pc_plus4", 31 0, L_00000159b14b5f90;  1 drivers
v00000159b14b27f0_0 .net "pc_src", 0 0, L_00000159b14b8710;  alias, 1 drivers
v00000159b14b3290_0 .net "rst_n", 0 0, v00000159b14b5bd0_0;  alias, 1 drivers
L_00000159b14b5f90 .arith/sum 32, v00000159b14b3010_0, L_00000159b1810118;
L_00000159b14b6030 .functor MUXZ 32, L_00000159b14b5f90, L_00000159b14b5d10, L_00000159b14b8710, C4<>;
S_00000159b142f6b0 .scope module, "u_imem" "instruction_memory" 10 24, 11 2 0, S_00000159b1437920;
 .timescale -9 -12;
    .port_info 0 /INPUT 32 "addr";
    .port_info 1 /OUTPUT 32 "rd";
P_00000159b13c72c0 .param/l "DEPTH" 0 11 4, +C4<00000000000000000000000100000000>;
P_00000159b13c72f8 .param/l "WIDTH" 0 11 3, +C4<00000000000000000000000000100000>;
L_00000159b14b85c0 .functor BUFZ 32, L_00000159b14c9870, C4<00000000000000000000000000000000>, C4<00000000000000000000000000000000>, C4<00000000000000000000000000000000>;
v00000159b144f000_0 .net *"_ivl_0", 31 0, L_00000159b14c9870;  1 drivers
v00000159b144e4c0_0 .net *"_ivl_3", 29 0, L_00000159b14c90f0;  1 drivers
v00000159b144e6a0_0 .net "addr", 31 0, v00000159b14b3010_0;  alias, 1 drivers
v00000159b144e740 .array "ram", 255 0, 31 0;
v00000159b1447f30_0 .net "rd", 31 0, L_00000159b14b85c0;  alias, 1 drivers
L_00000159b14c9870 .array/port v00000159b144e740, L_00000159b14c90f0;
L_00000159b14c90f0 .part v00000159b14b3010_0, 2, 30;
S_00000159b142f840 .scope module, "u_pc" "pc" 10 14, 12 2 0, S_00000159b1437920;
 .timescale -9 -12;
    .port_info 0 /INPUT 1 "clk";
    .port_info 1 /INPUT 1 "rst_n";
    .port_info 2 /INPUT 32 "pc_next";
    .port_info 3 /OUTPUT 32 "pc";
v00000159b14b3a10_0 .net "clk", 0 0, v00000159b14b51d0_0;  alias, 1 drivers
v00000159b14b3010_0 .var "pc", 31 0;
v00000159b14b2ed0_0 .net "pc_next", 31 0, L_00000159b14b6030;  alias, 1 drivers
v00000159b14b3ab0_0 .net "rst_n", 0 0, v00000159b14b5bd0_0;  alias, 1 drivers
E_00000159b14466f0/0 .event negedge, v00000159b14b3ab0_0;
E_00000159b14466f0/1 .event posedge, v00000159b144ef60_0;
E_00000159b14466f0 .event/or E_00000159b14466f0/0, E_00000159b14466f0/1;
S_00000159b1427720 .scope module, "u_reg_file" "reg_file" 7 57, 13 2 0, S_00000159b141e1a0;
 .timescale -9 -12;
    .port_info 0 /INPUT 1 "clk";
    .port_info 1 /INPUT 1 "we3";
    .port_info 2 /INPUT 5 "wa3";
    .port_info 3 /INPUT 32 "wd3";
    .port_info 4 /INPUT 5 "ra1";
    .port_info 5 /INPUT 5 "ra2";
    .port_info 6 /OUTPUT 32 "rd1";
    .port_info 7 /OUTPUT 32 "rd2";
L_00000159b1810160 .functor BUFT 1, C4<00000>, C4<0>, C4<0>, C4<0>;
v00000159b14b3bf0_0 .net/2u *"_ivl_0", 4 0, L_00000159b1810160;  1 drivers
L_00000159b18101f0 .functor BUFT 1, C4<00>, C4<0>, C4<0>, C4<0>;
v00000159b14b3650_0 .net *"_ivl_11", 1 0, L_00000159b18101f0;  1 drivers
L_00000159b1810238 .functor BUFT 1, C4<00000>, C4<0>, C4<0>, C4<0>;
v00000159b14b3830_0 .net/2u *"_ivl_14", 4 0, L_00000159b1810238;  1 drivers
v00000159b14b36f0_0 .net *"_ivl_16", 0 0, L_00000159b14c8e70;  1 drivers
L_00000159b1810280 .functor BUFT 1, C4<00000000000000000000000000000000>, C4<0>, C4<0>, C4<0>;
v00000159b14b35b0_0 .net/2u *"_ivl_18", 31 0, L_00000159b1810280;  1 drivers
v00000159b14b2a70_0 .net *"_ivl_2", 0 0, L_00000159b14c9cd0;  1 drivers
v00000159b14b2e30_0 .net *"_ivl_20", 31 0, L_00000159b14c9050;  1 drivers
v00000159b14b3790_0 .net *"_ivl_22", 6 0, L_00000159b14c9910;  1 drivers
L_00000159b18102c8 .functor BUFT 1, C4<00>, C4<0>, C4<0>, C4<0>;
v00000159b14b2b10_0 .net *"_ivl_25", 1 0, L_00000159b18102c8;  1 drivers
L_00000159b18101a8 .functor BUFT 1, C4<00000000000000000000000000000000>, C4<0>, C4<0>, C4<0>;
v00000159b14b3d30_0 .net/2u *"_ivl_4", 31 0, L_00000159b18101a8;  1 drivers
v00000159b14b3f10_0 .net *"_ivl_6", 31 0, L_00000159b14c8d30;  1 drivers
v00000159b14b38d0_0 .net *"_ivl_8", 6 0, L_00000159b14c8f10;  1 drivers
v00000159b14b2bb0_0 .net "clk", 0 0, v00000159b14b51d0_0;  alias, 1 drivers
v00000159b14b3dd0_0 .net "ra1", 4 0, L_00000159b14ca450;  1 drivers
v00000159b14b24d0_0 .net "ra2", 4 0, L_00000159b14c9af0;  1 drivers
v00000159b14b3c90_0 .net "rd1", 31 0, L_00000159b14c8b50;  alias, 1 drivers
v00000159b14b3510_0 .net "rd2", 31 0, L_00000159b14c9f50;  alias, 1 drivers
v00000159b14b3e70 .array "rf", 0 31, 31 0;
v00000159b14b3fb0_0 .net "wa3", 4 0, L_00000159b14c9e10;  alias, 1 drivers
v00000159b14b29d0_0 .net "wd3", 31 0, L_00000159b14c92d0;  alias, 1 drivers
v00000159b14b2250_0 .net "we3", 0 0, L_00000159b14b5c70;  alias, 1 drivers
L_00000159b14c9cd0 .cmp/eq 5, L_00000159b14ca450, L_00000159b1810160;
L_00000159b14c8d30 .array/port v00000159b14b3e70, L_00000159b14c8f10;
L_00000159b14c8f10 .concat [ 5 2 0 0], L_00000159b14ca450, L_00000159b18101f0;
L_00000159b14c8b50 .functor MUXZ 32, L_00000159b14c8d30, L_00000159b18101a8, L_00000159b14c9cd0, C4<>;
L_00000159b14c8e70 .cmp/eq 5, L_00000159b14c9af0, L_00000159b1810238;
L_00000159b14c9050 .array/port v00000159b14b3e70, L_00000159b14c9910;
L_00000159b14c9910 .concat [ 5 2 0 0], L_00000159b14c9af0, L_00000159b18102c8;
L_00000159b14c9f50 .functor MUXZ 32, L_00000159b14c9050, L_00000159b1810280, L_00000159b14c8e70, C4<>;
    .scope S_00000159b1434120;
T_0 ;
    %wait E_00000159b1446c70;
    %load/vec4 v00000159b144f0a0_0;
    %dup/vec4;
    %pushi/vec4 0, 0, 6;
    %cmp/u;
    %jmp/1 T_0.0, 6;
    %dup/vec4;
    %pushi/vec4 35, 0, 6;
    %cmp/u;
    %jmp/1 T_0.1, 6;
    %dup/vec4;
    %pushi/vec4 43, 0, 6;
    %cmp/u;
    %jmp/1 T_0.2, 6;
    %dup/vec4;
    %pushi/vec4 4, 0, 6;
    %cmp/u;
    %jmp/1 T_0.3, 6;
    %dup/vec4;
    %pushi/vec4 8, 0, 6;
    %cmp/u;
    %jmp/1 T_0.4, 6;
    %dup/vec4;
    %pushi/vec4 13, 0, 6;
    %cmp/u;
    %jmp/1 T_0.5, 6;
    %pushi/vec4 0, 0, 8;
    %store/vec4 v00000159b144fe60_0, 0, 8;
    %jmp T_0.7;
T_0.0 ;
    %pushi/vec4 194, 0, 8;
    %store/vec4 v00000159b144fe60_0, 0, 8;
    %jmp T_0.7;
T_0.1 ;
    %pushi/vec4 164, 0, 8;
    %store/vec4 v00000159b144fe60_0, 0, 8;
    %jmp T_0.7;
T_0.2 ;
    %pushi/vec4 40, 0, 8;
    %store/vec4 v00000159b144fe60_0, 0, 8;
    %jmp T_0.7;
T_0.3 ;
    %pushi/vec4 17, 0, 8;
    %store/vec4 v00000159b144fe60_0, 0, 8;
    %jmp T_0.7;
T_0.4 ;
    %pushi/vec4 160, 0, 8;
    %store/vec4 v00000159b144fe60_0, 0, 8;
    %jmp T_0.7;
T_0.5 ;
    %pushi/vec4 163, 0, 8;
    %store/vec4 v00000159b144fe60_0, 0, 8;
    %jmp T_0.7;
T_0.7 ;
    %pop/vec4 1;
    %jmp T_0;
    .thread T_0, $push;
    .scope S_00000159b1433f90;
T_1 ;
    %wait E_00000159b14465f0;
    %load/vec4 v00000159b144f8c0_0;
    %dup/vec4;
    %pushi/vec4 0, 0, 2;
    %cmp/u;
    %jmp/1 T_1.0, 6;
    %dup/vec4;
    %pushi/vec4 1, 0, 2;
    %cmp/u;
    %jmp/1 T_1.1, 6;
    %dup/vec4;
    %pushi/vec4 2, 0, 2;
    %cmp/u;
    %jmp/1 T_1.2, 6;
    %dup/vec4;
    %pushi/vec4 3, 0, 2;
    %cmp/u;
    %jmp/1 T_1.3, 6;
    %pushi/vec4 0, 0, 3;
    %store/vec4 v00000159b144f320_0, 0, 3;
    %jmp T_1.5;
T_1.0 ;
    %pushi/vec4 2, 0, 3;
    %store/vec4 v00000159b144f320_0, 0, 3;
    %jmp T_1.5;
T_1.1 ;
    %pushi/vec4 6, 0, 3;
    %store/vec4 v00000159b144f320_0, 0, 3;
    %jmp T_1.5;
T_1.2 ;
    %load/vec4 v00000159b144ffa0_0;
    %dup/vec4;
    %pushi/vec4 32, 0, 6;
    %cmp/u;
    %jmp/1 T_1.6, 6;
    %dup/vec4;
    %pushi/vec4 34, 0, 6;
    %cmp/u;
    %jmp/1 T_1.7, 6;
    %dup/vec4;
    %pushi/vec4 36, 0, 6;
    %cmp/u;
    %jmp/1 T_1.8, 6;
    %dup/vec4;
    %pushi/vec4 37, 0, 6;
    %cmp/u;
    %jmp/1 T_1.9, 6;
    %dup/vec4;
    %pushi/vec4 42, 0, 6;
    %cmp/u;
    %jmp/1 T_1.10, 6;
    %pushi/vec4 2, 0, 3;
    %store/vec4 v00000159b144f320_0, 0, 3;
    %jmp T_1.12;
T_1.6 ;
    %pushi/vec4 2, 0, 3;
    %store/vec4 v00000159b144f320_0, 0, 3;
    %jmp T_1.12;
T_1.7 ;
    %pushi/vec4 6, 0, 3;
    %store/vec4 v00000159b144f320_0, 0, 3;
    %jmp T_1.12;
T_1.8 ;
    %pushi/vec4 0, 0, 3;
    %store/vec4 v00000159b144f320_0, 0, 3;
    %jmp T_1.12;
T_1.9 ;
    %pushi/vec4 1, 0, 3;
    %store/vec4 v00000159b144f320_0, 0, 3;
    %jmp T_1.12;
T_1.10 ;
    %pushi/vec4 7, 0, 3;
    %store/vec4 v00000159b144f320_0, 0, 3;
    %jmp T_1.12;
T_1.12 ;
    %pop/vec4 1;
    %jmp T_1.5;
T_1.3 ;
    %pushi/vec4 1, 0, 3;
    %store/vec4 v00000159b144f320_0, 0, 3;
    %jmp T_1.5;
T_1.5 ;
    %pop/vec4 1;
    %jmp T_1;
    .thread T_1, $push;
    .scope S_00000159b142f840;
T_2 ;
    %wait E_00000159b14466f0;
    %load/vec4 v00000159b14b3ab0_0;
    %nor/r;
    %flag_set/vec4 8;
    %jmp/0xz  T_2.0, 8;
    %pushi/vec4 0, 0, 32;
    %assign/vec4 v00000159b14b3010_0, 0;
    %jmp T_2.1;
T_2.0 ;
    %load/vec4 v00000159b14b2ed0_0;
    %assign/vec4 v00000159b14b3010_0, 0;
T_2.1 ;
    %jmp T_2;
    .thread T_2;
    .scope S_00000159b142f6b0;
T_3 ;
    %vpi_call 11 12 "$readmemh", "memfile.dat", v00000159b144e740 {0 0 0};
    %end;
    .thread T_3;
    .scope S_00000159b1427720;
T_4 ;
    %wait E_00000159b1446630;
    %load/vec4 v00000159b14b2250_0;
    %flag_set/vec4 9;
    %flag_get/vec4 9;
    %jmp/0 T_4.2, 9;
    %load/vec4 v00000159b14b3fb0_0;
    %pushi/vec4 0, 0, 5;
    %cmp/ne;
    %flag_get/vec4 4;
    %and;
T_4.2;
    %flag_set/vec4 8;
    %jmp/0xz  T_4.0, 8;
    %load/vec4 v00000159b14b29d0_0;
    %load/vec4 v00000159b14b3fb0_0;
    %pad/u 7;
    %ix/vec4 3;
    %ix/load 4, 0, 0; Constant delay
    %assign/vec4/a/d v00000159b14b3e70, 0, 4;
T_4.0 ;
    %jmp T_4;
    .thread T_4;
    .scope S_00000159b141e330;
T_5 ;
    %wait E_00000159b1446db0;
    %load/vec4 v00000159b144fbe0_0;
    %dup/vec4;
    %pushi/vec4 0, 0, 3;
    %cmp/u;
    %jmp/1 T_5.0, 6;
    %dup/vec4;
    %pushi/vec4 1, 0, 3;
    %cmp/u;
    %jmp/1 T_5.1, 6;
    %dup/vec4;
    %pushi/vec4 2, 0, 3;
    %cmp/u;
    %jmp/1 T_5.2, 6;
    %dup/vec4;
    %pushi/vec4 6, 0, 3;
    %cmp/u;
    %jmp/1 T_5.3, 6;
    %dup/vec4;
    %pushi/vec4 7, 0, 3;
    %cmp/u;
    %jmp/1 T_5.4, 6;
    %pushi/vec4 0, 0, 32;
    %store/vec4 v00000159b144eb00_0, 0, 32;
    %jmp T_5.6;
T_5.0 ;
    %load/vec4 v00000159b144f500_0;
    %load/vec4 v00000159b144f640_0;
    %and;
    %store/vec4 v00000159b144eb00_0, 0, 32;
    %jmp T_5.6;
T_5.1 ;
    %load/vec4 v00000159b144f500_0;
    %load/vec4 v00000159b144f640_0;
    %or;
    %store/vec4 v00000159b144eb00_0, 0, 32;
    %jmp T_5.6;
T_5.2 ;
    %load/vec4 v00000159b144f500_0;
    %load/vec4 v00000159b144f640_0;
    %add;
    %store/vec4 v00000159b144eb00_0, 0, 32;
    %jmp T_5.6;
T_5.3 ;
    %load/vec4 v00000159b144f500_0;
    %load/vec4 v00000159b144f640_0;
    %sub;
    %store/vec4 v00000159b144eb00_0, 0, 32;
    %jmp T_5.6;
T_5.4 ;
    %load/vec4 v00000159b144f500_0;
    %load/vec4 v00000159b144f640_0;
    %cmp/s;
    %flag_mov 8, 5;
    %jmp/0 T_5.7, 8;
    %pushi/vec4 1, 0, 32;
    %jmp/1 T_5.8, 8;
T_5.7 ; End of true expr.
    %pushi/vec4 0, 0, 32;
    %jmp/0 T_5.8, 8;
 ; End of false expr.
    %blend;
T_5.8;
    %store/vec4 v00000159b144eb00_0, 0, 32;
    %jmp T_5.6;
T_5.6 ;
    %pop/vec4 1;
    %jmp T_5;
    .thread T_5, $push;
    .scope S_00000159b1437790;
T_6 ;
    %wait E_00000159b1446630;
    %load/vec4 v00000159b144ee20_0;
    %flag_set/vec4 8;
    %jmp/0xz  T_6.0, 8;
    %load/vec4 v00000159b144e420_0;
    %load/vec4 v00000159b1450180_0;
    %parti/s 30, 2, 3;
    %ix/vec4 3;
    %ix/load 4, 0, 0; Constant delay
    %assign/vec4/a/d v00000159b144eec0, 0, 4;
T_6.0 ;
    %jmp T_6;
    .thread T_6;
    .scope S_00000159b14588b0;
T_7 ;
    %pushi/vec4 0, 0, 1;
    %store/vec4 v00000159b14b51d0_0, 0, 1;
T_7.0 ;
    %delay 5000, 0;
    %load/vec4 v00000159b14b51d0_0;
    %inv;
    %store/vec4 v00000159b14b51d0_0, 0, 1;
    %jmp T_7.0;
    %end;
    .thread T_7;
    .scope S_00000159b14588b0;
T_8 ;
    %vpi_call 2 21 "$dumpfile", "mips.vcd" {0 0 0};
    %vpi_call 2 22 "$dumpvars", 32'sb00000000000000000000000000000000, S_00000159b14588b0 {0 0 0};
    %end;
    .thread T_8;
    .scope S_00000159b14588b0;
T_9 ;
    %pushi/vec4 0, 0, 1;
    %store/vec4 v00000159b14b5bd0_0, 0, 1;
    %delay 10000, 0;
    %pushi/vec4 1, 0, 1;
    %store/vec4 v00000159b14b5bd0_0, 0, 1;
    %vpi_call 2 30 "$display", "===========================================" {0 0 0};
    %vpi_call 2 31 "$display", "   MIPS Single Cycle Simulation Start    " {0 0 0};
    %vpi_call 2 32 "$display", "===========================================" {0 0 0};
    %pushi/vec4 15, 0, 32;
T_9.0 %dup/vec4;
    %pushi/vec4 0, 0, 32;
    %cmp/s;
    %jmp/1xz T_9.1, 5;
    %jmp/1 T_9.1, 4;
    %pushi/vec4 1, 0, 32;
    %sub;
    %wait E_00000159b1446c30;
    %delay 1000, 0;
    %vpi_call 2 37 "$display", "PC: 0x%h | ALU Result: %d", v00000159b14b60d0_0, v00000159b14b68f0_0 {0 0 0};
    %jmp T_9.0;
T_9.1 ;
    %pop/vec4 1;
    %vpi_call 2 40 "$display", "===========================================" {0 0 0};
    %vpi_call 2 41 "$display", "   Simulation Complete                   " {0 0 0};
    %vpi_call 2 42 "$display", "===========================================" {0 0 0};
    %vpi_call 2 43 "$finish" {0 0 0};
    %end;
    .thread T_9;
# The file index is used to find the file name in the following table.
:file_names 14;
    "N/A";
    "<interactive>";
    "mips_tb.v";
    "mips.v";
    "control_unit.v";
    "alu_decoder.v";
    "main_decoder.v";
    "datapath.v";
    "alu.v";
    "data_memory.v";
    "if_stage.v";
    "instruction_memory.v";
    "pc.v";
    "reg_file.v";
