#! /c/Source/iverilog-install/bin/vvp
:ivl_version "12.0 (devel)" "(s20150603-1539-g2693dd32b)";
:ivl_delay_selection "TYPICAL";
:vpi_time_precision - 12;
:vpi_module "C:\app\Icarus\iverilog\lib\ivl\system.vpi";
:vpi_module "C:\app\Icarus\iverilog\lib\ivl\vhdl_sys.vpi";
:vpi_module "C:\app\Icarus\iverilog\lib\ivl\vhdl_textio.vpi";
:vpi_module "C:\app\Icarus\iverilog\lib\ivl\v2005_math.vpi";
:vpi_module "C:\app\Icarus\iverilog\lib\ivl\va_math.vpi";
S_000002bdb7f7aa10 .scope module, "datapath_my_tb" "datapath_my_tb" 2 16;
 .timescale -9 -12;
v000002bdb7fd21d0_0 .var "alu_ctrl", 2 0;
v000002bdb7fd2270_0 .net "alu_result", 31 0, v000002bdb7f4e0e0_0;  1 drivers
v000002bdb7fd1cd0_0 .var "alu_src", 0 0;
v000002bdb7fd1410_0 .var "clk", 0 0;
v000002bdb7fd15f0_0 .var "mem_to_reg", 0 0;
v000002bdb7fd1690_0 .var "mem_write_en", 0 0;
v000002bdb7fd2090_0 .net "pc_out", 31 0, L_000002bdb83989a0;  1 drivers
v000002bdb7fd14b0_0 .var "reg_dst", 0 0;
v000002bdb7fd1730_0 .var "reg_write_en", 0 0;
v000002bdb7fd1d70_0 .var "rst_n", 0 0;
S_000002bdb7f53730 .scope module, "uut" "datapath_my" 2 41, 3 3 0, S_000002bdb7f7aa10;
 .timescale -9 -12;
    .port_info 0 /INPUT 1 "clk";
    .port_info 1 /INPUT 1 "rst_n";
    .port_info 2 /INPUT 1 "reg_write_en";
    .port_info 3 /INPUT 1 "reg_dst";
    .port_info 4 /INPUT 1 "alu_src";
    .port_info 5 /INPUT 3 "alu_ctrl";
    .port_info 6 /INPUT 1 "mem_write_en";
    .port_info 7 /INPUT 1 "mem_to_reg";
    .port_info 8 /OUTPUT 32 "pc_out";
    .port_info 9 /OUTPUT 32 "alu_result";
L_000002bdb83989a0 .functor BUFZ 32, L_000002bdb8398a10, C4<00000000000000000000000000000000>, C4<00000000000000000000000000000000>, C4<00000000000000000000000000000000>;
v000002bdb7fcedf0_0 .net *"_ivl_13", 0 0, L_000002bdb7fd08d0;  1 drivers
v000002bdb7fcf1b0_0 .net *"_ivl_14", 15 0, L_000002bdb7fd24f0;  1 drivers
v000002bdb7fcf250_0 .net *"_ivl_17", 15 0, L_000002bdb7fd2590;  1 drivers
v000002bdb7fcf430_0 .net *"_ivl_3", 4 0, L_000002bdb7fd0830;  1 drivers
v000002bdb7fcf4d0_0 .net *"_ivl_5", 4 0, L_000002bdb7fd17d0;  1 drivers
v000002bdb7fcd8b0_0 .net "alu_ctrl", 2 0, v000002bdb7fd21d0_0;  1 drivers
v000002bdb7fcf570_0 .net "alu_result", 31 0, v000002bdb7f4e0e0_0;  alias, 1 drivers
v000002bdb7fcd9f0_0 .net "alu_src", 0 0, v000002bdb7fd1cd0_0;  1 drivers
v000002bdb7fcd810_0 .net "clk", 0 0, v000002bdb7fd1410_0;  1 drivers
v000002bdb7fcd950_0 .net "instr", 31 0, L_000002bdb7f64e80;  1 drivers
v000002bdb7fcdb30_0 .net "mem_to_reg", 0 0, v000002bdb7fd15f0_0;  1 drivers
v000002bdb7fd0970_0 .net "mem_write_en", 0 0, v000002bdb7fd1690_0;  1 drivers
v000002bdb7fd1f50_0 .net "pc", 31 0, L_000002bdb8398a10;  1 drivers
v000002bdb7fd0f10_0 .net "pc_out", 31 0, L_000002bdb83989a0;  alias, 1 drivers
v000002bdb7fd1870_0 .net "rd1", 31 0, L_000002bdb7fd2310;  1 drivers
v000002bdb7fd1910_0 .net "rd2", 31 0, L_000002bdb7fd0e70;  1 drivers
v000002bdb7fd19b0_0 .net "read_data", 31 0, L_000002bdb8398540;  1 drivers
v000002bdb7fd1a50_0 .net "reg_dst", 0 0, v000002bdb7fd14b0_0;  1 drivers
v000002bdb7fd1370_0 .net "reg_write_en", 0 0, v000002bdb7fd1730_0;  1 drivers
v000002bdb7fd2130_0 .net "result", 31 0, L_000002bdb7fd0dd0;  1 drivers
v000002bdb7fd1e10_0 .net "rst_n", 0 0, v000002bdb7fd1d70_0;  1 drivers
v000002bdb7fd1af0_0 .net "sign_imm", 31 0, L_000002bdb7fd0a10;  1 drivers
v000002bdb7fd1b90_0 .net "src_b", 31 0, L_000002bdb7fd0ab0;  1 drivers
v000002bdb7fd1c30_0 .net "write_reg", 4 0, L_000002bdb7fd1eb0;  1 drivers
v000002bdb7fd0790_0 .net "zero", 0 0, L_000002bdb7fd0b50;  1 drivers
L_000002bdb7fd0830 .part L_000002bdb7f64e80, 11, 5;
L_000002bdb7fd17d0 .part L_000002bdb7f64e80, 16, 5;
L_000002bdb7fd1eb0 .functor MUXZ 5, L_000002bdb7fd17d0, L_000002bdb7fd0830, v000002bdb7fd14b0_0, C4<>;
L_000002bdb7fd0fb0 .part L_000002bdb7f64e80, 21, 5;
L_000002bdb7fd2450 .part L_000002bdb7f64e80, 16, 5;
L_000002bdb7fd08d0 .part L_000002bdb7f64e80, 15, 1;
LS_000002bdb7fd24f0_0_0 .concat [ 1 1 1 1], L_000002bdb7fd08d0, L_000002bdb7fd08d0, L_000002bdb7fd08d0, L_000002bdb7fd08d0;
LS_000002bdb7fd24f0_0_4 .concat [ 1 1 1 1], L_000002bdb7fd08d0, L_000002bdb7fd08d0, L_000002bdb7fd08d0, L_000002bdb7fd08d0;
LS_000002bdb7fd24f0_0_8 .concat [ 1 1 1 1], L_000002bdb7fd08d0, L_000002bdb7fd08d0, L_000002bdb7fd08d0, L_000002bdb7fd08d0;
LS_000002bdb7fd24f0_0_12 .concat [ 1 1 1 1], L_000002bdb7fd08d0, L_000002bdb7fd08d0, L_000002bdb7fd08d0, L_000002bdb7fd08d0;
L_000002bdb7fd24f0 .concat [ 4 4 4 4], LS_000002bdb7fd24f0_0_0, LS_000002bdb7fd24f0_0_4, LS_000002bdb7fd24f0_0_8, LS_000002bdb7fd24f0_0_12;
L_000002bdb7fd2590 .part L_000002bdb7f64e80, 0, 16;
L_000002bdb7fd0a10 .concat [ 16 16 0 0], L_000002bdb7fd2590, L_000002bdb7fd24f0;
L_000002bdb7fd0ab0 .functor MUXZ 32, L_000002bdb7fd0e70, L_000002bdb7fd0a10, v000002bdb7fd1cd0_0, C4<>;
L_000002bdb7fd0dd0 .functor MUXZ 32, v000002bdb7f4e0e0_0, L_000002bdb8398540, v000002bdb7fd15f0_0, C4<>;
S_000002bdb7f53d50 .scope module, "u_alu" "alu_my" 3 60, 4 4 0, S_000002bdb7f53730;
 .timescale -9 -12;
    .port_info 0 /INPUT 32 "A";
    .port_info 1 /INPUT 32 "B";
    .port_info 2 /INPUT 3 "alu_oper";
    .port_info 3 /OUTPUT 32 "result";
    .port_info 4 /OUTPUT 1 "zero";
v000002bdb7f4ddc0_0 .net "A", 31 0, L_000002bdb7fd2310;  alias, 1 drivers
v000002bdb7f4dd20_0 .net "B", 31 0, L_000002bdb7fd0ab0;  alias, 1 drivers
L_000002bdb8350280 .functor BUFT 1, C4<00000000000000000000000000000000>, C4<0>, C4<0>, C4<0>;
v000002bdb7f4de60_0 .net/2u *"_ivl_0", 31 0, L_000002bdb8350280;  1 drivers
v000002bdb7f4d640_0 .net "alu_oper", 2 0, v000002bdb7fd21d0_0;  alias, 1 drivers
v000002bdb7f4e0e0_0 .var "result", 31 0;
v000002bdb7f4db40_0 .net "zero", 0 0, L_000002bdb7fd0b50;  alias, 1 drivers
E_000002bdb7f78250 .event anyedge, v000002bdb7f4d640_0, v000002bdb7f4ddc0_0, v000002bdb7f4dd20_0;
L_000002bdb7fd0b50 .cmp/eq 32, v000002bdb7f4e0e0_0, L_000002bdb8350280;
S_000002bdb7f53ee0 .scope module, "u_data_mem" "data_memory_my" 3 69, 5 4 0, S_000002bdb7f53730;
 .timescale -9 -12;
    .port_info 0 /INPUT 1 "clk";
    .port_info 1 /INPUT 1 "mem_write_en";
    .port_info 2 /INPUT 32 "addr";
    .port_info 3 /INPUT 32 "write_data";
    .port_info 4 /OUTPUT 32 "read_data";
P_000002bdb7f6b880 .param/l "DEPTH" 0 5 6, +C4<00000000000000000000000100000000>;
P_000002bdb7f6b8b8 .param/l "WIDTH" 0 5 5, +C4<00000000000000000000000000100000>;
L_000002bdb8398540 .functor BUFZ 32, L_000002bdb7fd0bf0, C4<00000000000000000000000000000000>, C4<00000000000000000000000000000000>, C4<00000000000000000000000000000000>;
v000002bdb7f4d6e0_0 .net *"_ivl_0", 31 0, L_000002bdb7fd0bf0;  1 drivers
v000002bdb7f4d780_0 .net *"_ivl_3", 29 0, L_000002bdb7fd0d30;  1 drivers
v000002bdb7f4d820_0 .net "addr", 31 0, v000002bdb7f4e0e0_0;  alias, 1 drivers
v000002bdb7f4d960_0 .net "clk", 0 0, v000002bdb7fd1410_0;  alias, 1 drivers
v000002bdb7f4da00_0 .net "mem_write_en", 0 0, v000002bdb7fd1690_0;  alias, 1 drivers
v000002bdb7f4dbe0 .array "ram", 255 0, 31 0;
v000002bdb7fcddb0_0 .net "read_data", 31 0, L_000002bdb8398540;  alias, 1 drivers
v000002bdb7fce530_0 .net "write_data", 31 0, L_000002bdb7fd0e70;  alias, 1 drivers
E_000002bdb7f787d0 .event posedge, v000002bdb7f4d960_0;
L_000002bdb7fd0bf0 .array/port v000002bdb7f4dbe0, L_000002bdb7fd0d30;
L_000002bdb7fd0d30 .part v000002bdb7f4e0e0_0, 2, 30;
S_000002bdb7f66810 .scope module, "u_if_stage" "if_stage_my" 3 29, 6 3 0, S_000002bdb7f53730;
 .timescale -9 -12;
    .port_info 0 /INPUT 1 "clk";
    .port_info 1 /INPUT 1 "rst_n";
    .port_info 2 /OUTPUT 32 "instr";
    .port_info 3 /OUTPUT 32 "current_pc";
L_000002bdb8398a10 .functor BUFZ 32, v000002bdb7fcf070_0, C4<00000000000000000000000000000000>, C4<00000000000000000000000000000000>, C4<00000000000000000000000000000000>;
L_000002bdb8350088 .functor BUFT 1, C4<00000000000000000000000000000100>, C4<0>, C4<0>, C4<0>;
v000002bdb7fce5d0_0 .net/2u *"_ivl_0", 31 0, L_000002bdb8350088;  1 drivers
v000002bdb7fcde50_0 .net "clk", 0 0, v000002bdb7fd1410_0;  alias, 1 drivers
v000002bdb7fce350_0 .net "current_pc", 31 0, L_000002bdb8398a10;  alias, 1 drivers
v000002bdb7fcda90_0 .net "instr", 31 0, L_000002bdb7f64e80;  alias, 1 drivers
v000002bdb7fce990_0 .net "pc", 31 0, v000002bdb7fcf070_0;  1 drivers
v000002bdb7fceb70_0 .net "pc_next", 31 0, L_000002bdb7fd1230;  1 drivers
v000002bdb7fce710_0 .net "rst_n", 0 0, v000002bdb7fd1d70_0;  alias, 1 drivers
L_000002bdb7fd1230 .arith/sum 32, v000002bdb7fcf070_0, L_000002bdb8350088;
S_000002bdb7f669a0 .scope module, "u_imem" "instruction_memory_my" 6 21, 7 3 0, S_000002bdb7f66810;
 .timescale -9 -12;
    .port_info 0 /INPUT 32 "addr";
    .port_info 1 /OUTPUT 32 "rd";
P_000002bdb7f54680 .param/l "DEPTH" 0 7 5, +C4<00000000000000000000000100000000>;
P_000002bdb7f546b8 .param/l "WIDTH" 0 7 4, +C4<00000000000000000000000000100000>;
L_000002bdb7f64e80 .functor BUFZ 32, L_000002bdb7fd2630, C4<00000000000000000000000000000000>, C4<00000000000000000000000000000000>, C4<00000000000000000000000000000000>;
v000002bdb7fcdbd0_0 .net *"_ivl_0", 31 0, L_000002bdb7fd2630;  1 drivers
v000002bdb7fcdc70_0 .net *"_ivl_3", 29 0, L_000002bdb7fd1550;  1 drivers
v000002bdb7fcdd10_0 .net "addr", 31 0, v000002bdb7fcf070_0;  alias, 1 drivers
v000002bdb7fce490 .array "ram", 255 0, 31 0;
v000002bdb7fce210_0 .net "rd", 31 0, L_000002bdb7f64e80;  alias, 1 drivers
L_000002bdb7fd2630 .array/port v000002bdb7fce490, L_000002bdb7fd1550;
L_000002bdb7fd1550 .part v000002bdb7fcf070_0, 2, 30;
S_000002bdb7f68800 .scope module, "u_pc" "pc_my" 6 12, 8 2 0, S_000002bdb7f66810;
 .timescale -9 -12;
    .port_info 0 /INPUT 1 "clk";
    .port_info 1 /INPUT 1 "rst_n";
    .port_info 2 /INPUT 32 "pc_next";
    .port_info 3 /OUTPUT 32 "pc";
v000002bdb7fcefd0_0 .net "clk", 0 0, v000002bdb7fd1410_0;  alias, 1 drivers
v000002bdb7fcf070_0 .var "pc", 31 0;
v000002bdb7fcf610_0 .net "pc_next", 31 0, L_000002bdb7fd1230;  alias, 1 drivers
v000002bdb7fcdef0_0 .net "rst_n", 0 0, v000002bdb7fd1d70_0;  alias, 1 drivers
E_000002bdb7f78090/0 .event negedge, v000002bdb7fcdef0_0;
E_000002bdb7f78090/1 .event posedge, v000002bdb7f4d960_0;
E_000002bdb7f78090 .event/or E_000002bdb7f78090/0, E_000002bdb7f78090/1;
S_000002bdb7f68990 .scope module, "u_reg_file" "reg_file_my" 3 41, 9 2 0, S_000002bdb7f53730;
 .timescale -9 -12;
    .port_info 0 /INPUT 1 "clk";
    .port_info 1 /INPUT 1 "we3";
    .port_info 2 /INPUT 5 "wa3";
    .port_info 3 /INPUT 32 "wd3";
    .port_info 4 /INPUT 5 "ra1";
    .port_info 5 /INPUT 5 "ra2";
    .port_info 6 /OUTPUT 32 "rd1";
    .port_info 7 /OUTPUT 32 "rd2";
L_000002bdb83500d0 .functor BUFT 1, C4<00000>, C4<0>, C4<0>, C4<0>;
v000002bdb7fce8f0_0 .net/2u *"_ivl_0", 4 0, L_000002bdb83500d0;  1 drivers
L_000002bdb8350160 .functor BUFT 1, C4<00>, C4<0>, C4<0>, C4<0>;
v000002bdb7fcdf90_0 .net *"_ivl_11", 1 0, L_000002bdb8350160;  1 drivers
L_000002bdb83501a8 .functor BUFT 1, C4<00000>, C4<0>, C4<0>, C4<0>;
v000002bdb7fce2b0_0 .net/2u *"_ivl_14", 4 0, L_000002bdb83501a8;  1 drivers
v000002bdb7fcec10_0 .net *"_ivl_16", 0 0, L_000002bdb7fd1ff0;  1 drivers
L_000002bdb83501f0 .functor BUFT 1, C4<00000000000000000000000000000000>, C4<0>, C4<0>, C4<0>;
v000002bdb7fcead0_0 .net/2u *"_ivl_18", 31 0, L_000002bdb83501f0;  1 drivers
v000002bdb7fce3f0_0 .net *"_ivl_2", 0 0, L_000002bdb7fd0c90;  1 drivers
v000002bdb7fcee90_0 .net *"_ivl_20", 31 0, L_000002bdb7fd23b0;  1 drivers
v000002bdb7fce030_0 .net *"_ivl_22", 6 0, L_000002bdb7fd1190;  1 drivers
L_000002bdb8350238 .functor BUFT 1, C4<00>, C4<0>, C4<0>, C4<0>;
v000002bdb7fce670_0 .net *"_ivl_25", 1 0, L_000002bdb8350238;  1 drivers
L_000002bdb8350118 .functor BUFT 1, C4<00000000000000000000000000000000>, C4<0>, C4<0>, C4<0>;
v000002bdb7fcf390_0 .net/2u *"_ivl_4", 31 0, L_000002bdb8350118;  1 drivers
v000002bdb7fcf110_0 .net *"_ivl_6", 31 0, L_000002bdb7fd1050;  1 drivers
v000002bdb7fce0d0_0 .net *"_ivl_8", 6 0, L_000002bdb7fd10f0;  1 drivers
v000002bdb7fced50_0 .net "clk", 0 0, v000002bdb7fd1410_0;  alias, 1 drivers
v000002bdb7fcef30_0 .net "ra1", 4 0, L_000002bdb7fd0fb0;  1 drivers
v000002bdb7fcf2f0_0 .net "ra2", 4 0, L_000002bdb7fd2450;  1 drivers
v000002bdb7fce170_0 .net "rd1", 31 0, L_000002bdb7fd2310;  alias, 1 drivers
v000002bdb7fcd770_0 .net "rd2", 31 0, L_000002bdb7fd0e70;  alias, 1 drivers
v000002bdb7fcea30 .array "rf", 0 31, 31 0;
v000002bdb7fce7b0_0 .net "wa3", 4 0, L_000002bdb7fd1eb0;  alias, 1 drivers
v000002bdb7fce850_0 .net "wd3", 31 0, L_000002bdb7fd0dd0;  alias, 1 drivers
v000002bdb7fcecb0_0 .net "we3", 0 0, v000002bdb7fd1730_0;  alias, 1 drivers
L_000002bdb7fd0c90 .cmp/eq 5, L_000002bdb7fd0fb0, L_000002bdb83500d0;
L_000002bdb7fd1050 .array/port v000002bdb7fcea30, L_000002bdb7fd10f0;
L_000002bdb7fd10f0 .concat [ 5 2 0 0], L_000002bdb7fd0fb0, L_000002bdb8350160;
L_000002bdb7fd2310 .functor MUXZ 32, L_000002bdb7fd1050, L_000002bdb8350118, L_000002bdb7fd0c90, C4<>;
L_000002bdb7fd1ff0 .cmp/eq 5, L_000002bdb7fd2450, L_000002bdb83501a8;
L_000002bdb7fd23b0 .array/port v000002bdb7fcea30, L_000002bdb7fd1190;
L_000002bdb7fd1190 .concat [ 5 2 0 0], L_000002bdb7fd2450, L_000002bdb8350238;
L_000002bdb7fd0e70 .functor MUXZ 32, L_000002bdb7fd23b0, L_000002bdb83501f0, L_000002bdb7fd1ff0, C4<>;
    .scope S_000002bdb7f68800;
T_0 ;
    %wait E_000002bdb7f78090;
    %load/vec4 v000002bdb7fcdef0_0;
    %nor/r;
    %flag_set/vec4 8;
    %jmp/0xz  T_0.0, 8;
    %pushi/vec4 0, 0, 32;
    %assign/vec4 v000002bdb7fcf070_0, 0;
    %jmp T_0.1;
T_0.0 ;
    %load/vec4 v000002bdb7fcf610_0;
    %assign/vec4 v000002bdb7fcf070_0, 0;
T_0.1 ;
    %jmp T_0;
    .thread T_0;
    .scope S_000002bdb7f669a0;
T_1 ;
    %vpi_call 7 13 "$readmemh", "memfile.dat", v000002bdb7fce490 {0 0 0};
    %end;
    .thread T_1;
    .scope S_000002bdb7f68990;
T_2 ;
    %wait E_000002bdb7f787d0;
    %load/vec4 v000002bdb7fcecb0_0;
    %flag_set/vec4 9;
    %flag_get/vec4 9;
    %jmp/0 T_2.2, 9;
    %load/vec4 v000002bdb7fce7b0_0;
    %pushi/vec4 0, 0, 5;
    %cmp/ne;
    %flag_get/vec4 4;
    %and;
T_2.2;
    %flag_set/vec4 8;
    %jmp/0xz  T_2.0, 8;
    %load/vec4 v000002bdb7fce850_0;
    %load/vec4 v000002bdb7fce7b0_0;
    %pad/u 7;
    %ix/vec4 3;
    %ix/load 4, 0, 0; Constant delay
    %assign/vec4/a/d v000002bdb7fcea30, 0, 4;
T_2.0 ;
    %jmp T_2;
    .thread T_2;
    .scope S_000002bdb7f53d50;
T_3 ;
    %wait E_000002bdb7f78250;
    %load/vec4 v000002bdb7f4d640_0;
    %dup/vec4;
    %pushi/vec4 0, 0, 3;
    %cmp/u;
    %jmp/1 T_3.0, 6;
    %dup/vec4;
    %pushi/vec4 1, 0, 3;
    %cmp/u;
    %jmp/1 T_3.1, 6;
    %dup/vec4;
    %pushi/vec4 2, 0, 3;
    %cmp/u;
    %jmp/1 T_3.2, 6;
    %dup/vec4;
    %pushi/vec4 3, 0, 3;
    %cmp/u;
    %jmp/1 T_3.3, 6;
    %dup/vec4;
    %pushi/vec4 4, 0, 3;
    %cmp/u;
    %jmp/1 T_3.4, 6;
    %dup/vec4;
    %pushi/vec4 6, 0, 3;
    %cmp/u;
    %jmp/1 T_3.5, 6;
    %pushi/vec4 0, 0, 32;
    %store/vec4 v000002bdb7f4e0e0_0, 0, 32;
    %jmp T_3.7;
T_3.0 ;
    %load/vec4 v000002bdb7f4ddc0_0;
    %load/vec4 v000002bdb7f4dd20_0;
    %add;
    %store/vec4 v000002bdb7f4e0e0_0, 0, 32;
    %jmp T_3.7;
T_3.1 ;
    %load/vec4 v000002bdb7f4ddc0_0;
    %load/vec4 v000002bdb7f4dd20_0;
    %sub;
    %store/vec4 v000002bdb7f4e0e0_0, 0, 32;
    %jmp T_3.7;
T_3.2 ;
    %load/vec4 v000002bdb7f4ddc0_0;
    %load/vec4 v000002bdb7f4dd20_0;
    %div;
    %store/vec4 v000002bdb7f4e0e0_0, 0, 32;
    %jmp T_3.7;
T_3.3 ;
    %load/vec4 v000002bdb7f4ddc0_0;
    %load/vec4 v000002bdb7f4dd20_0;
    %mul;
    %store/vec4 v000002bdb7f4e0e0_0, 0, 32;
    %jmp T_3.7;
T_3.4 ;
    %load/vec4 v000002bdb7f4ddc0_0;
    %load/vec4 v000002bdb7f4dd20_0;
    %and;
    %store/vec4 v000002bdb7f4e0e0_0, 0, 32;
    %jmp T_3.7;
T_3.5 ;
    %load/vec4 v000002bdb7f4ddc0_0;
    %load/vec4 v000002bdb7f4dd20_0;
    %or;
    %store/vec4 v000002bdb7f4e0e0_0, 0, 32;
    %jmp T_3.7;
T_3.7 ;
    %pop/vec4 1;
    %jmp T_3;
    .thread T_3, $push;
    .scope S_000002bdb7f53ee0;
T_4 ;
    %wait E_000002bdb7f787d0;
    %load/vec4 v000002bdb7f4da00_0;
    %flag_set/vec4 8;
    %jmp/0xz  T_4.0, 8;
    %load/vec4 v000002bdb7fce530_0;
    %load/vec4 v000002bdb7f4d820_0;
    %parti/s 30, 2, 3;
    %ix/vec4 3;
    %ix/load 4, 0, 0; Constant delay
    %assign/vec4/a/d v000002bdb7f4dbe0, 0, 4;
T_4.0 ;
    %jmp T_4;
    .thread T_4;
    .scope S_000002bdb7f7aa10;
T_5 ;
    %pushi/vec4 0, 0, 1;
    %store/vec4 v000002bdb7fd1410_0, 0, 1;
T_5.0 ;
    %delay 5000, 0;
    %load/vec4 v000002bdb7fd1410_0;
    %inv;
    %store/vec4 v000002bdb7fd1410_0, 0, 1;
    %jmp T_5.0;
    %end;
    .thread T_5;
    .scope S_000002bdb7f7aa10;
T_6 ;
    %vpi_call 2 66 "$dumpfile", "datapath_my.vcd" {0 0 0};
    %vpi_call 2 67 "$dumpvars", 32'sb00000000000000000000000000000000, S_000002bdb7f7aa10 {0 0 0};
    %end;
    .thread T_6;
    .scope S_000002bdb7f7aa10;
T_7 ;
    %pushi/vec4 0, 0, 1;
    %store/vec4 v000002bdb7fd1d70_0, 0, 1;
    %pushi/vec4 0, 0, 1;
    %store/vec4 v000002bdb7fd1730_0, 0, 1;
    %pushi/vec4 0, 0, 1;
    %store/vec4 v000002bdb7fd14b0_0, 0, 1;
    %pushi/vec4 0, 0, 1;
    %store/vec4 v000002bdb7fd1cd0_0, 0, 1;
    %pushi/vec4 0, 0, 3;
    %store/vec4 v000002bdb7fd21d0_0, 0, 3;
    %pushi/vec4 0, 0, 1;
    %store/vec4 v000002bdb7fd1690_0, 0, 1;
    %pushi/vec4 0, 0, 1;
    %store/vec4 v000002bdb7fd15f0_0, 0, 1;
    %delay 10000, 0;
    %pushi/vec4 1, 0, 1;
    %store/vec4 v000002bdb7fd1d70_0, 0, 1;
    %vpi_call 2 86 "$display", "--- Start Simulation ---" {0 0 0};
    %pushi/vec4 1, 0, 1;
    %store/vec4 v000002bdb7fd1730_0, 0, 1;
    %pushi/vec4 1, 0, 1;
    %store/vec4 v000002bdb7fd1cd0_0, 0, 1;
    %pushi/vec4 0, 0, 3;
    %store/vec4 v000002bdb7fd21d0_0, 0, 3;
    %pushi/vec4 0, 0, 1;
    %store/vec4 v000002bdb7fd14b0_0, 0, 1;
    %pushi/vec4 0, 0, 1;
    %store/vec4 v000002bdb7fd1690_0, 0, 1;
    %delay 2000, 0;
    %vpi_call 2 100 "$display", "PC: %h | Result: %d (Expected 7)", v000002bdb7fd2090_0, v000002bdb7fd2270_0 {0 0 0};
    %wait E_000002bdb7f787d0;
    %delay 1000, 0;
    %pushi/vec4 1, 0, 1;
    %store/vec4 v000002bdb7fd1730_0, 0, 1;
    %pushi/vec4 1, 0, 1;
    %store/vec4 v000002bdb7fd1cd0_0, 0, 1;
    %pushi/vec4 0, 0, 3;
    %store/vec4 v000002bdb7fd21d0_0, 0, 3;
    %pushi/vec4 0, 0, 1;
    %store/vec4 v000002bdb7fd14b0_0, 0, 1;
    %pushi/vec4 0, 0, 1;
    %store/vec4 v000002bdb7fd1690_0, 0, 1;
    %delay 2000, 0;
    %vpi_call 2 115 "$display", "PC: %h | Result: %d (Expected 3)", v000002bdb7fd2090_0, v000002bdb7fd2270_0 {0 0 0};
    %wait E_000002bdb7f787d0;
    %delay 1000, 0;
    %pushi/vec4 1, 0, 1;
    %store/vec4 v000002bdb7fd1730_0, 0, 1;
    %pushi/vec4 0, 0, 1;
    %store/vec4 v000002bdb7fd1cd0_0, 0, 1;
    %pushi/vec4 1, 0, 3;
    %store/vec4 v000002bdb7fd21d0_0, 0, 3;
    %pushi/vec4 1, 0, 1;
    %store/vec4 v000002bdb7fd14b0_0, 0, 1;
    %pushi/vec4 0, 0, 1;
    %store/vec4 v000002bdb7fd1690_0, 0, 1;
    %delay 2000, 0;
    %vpi_call 2 131 "$display", "PC: %h | Result: %d (Expected 4)", v000002bdb7fd2090_0, v000002bdb7fd2270_0 {0 0 0};
    %wait E_000002bdb7f787d0;
    %delay 20000, 0;
    %vpi_call 2 139 "$finish" {0 0 0};
    %end;
    .thread T_7;
# The file index is used to find the file name in the following table.
:file_names 10;
    "N/A";
    "<interactive>";
    "datapath_my_tb.v";
    "datapath_my.v";
    "alu_my.v";
    "data_memory_my.v";
    "if_stage_my.v";
    "instruction_memory_my.v";
    "pc_my.v";
    "reg_file_my.v";
